Log file open, 12/19/16 21:55:43
LogInit:Display: Running engine for game: UnrealEngineProject
LogPlatformFile: Not using cached read wrapper
LogInit:Display: RandInit(525250072) SRandInit(525250072).
LogTaskGraph: Started task graph with 5 named threads and 8 total threads with 1 sets of task threads.
LogStats: Stats thread started at 0.073957
LogPluginManager: Loaded Plugin Paper2D, From D:/PROGRAM FILES/Epic Games/4.14/Engine/Plugins/2D/Paper2D/Paper2D.uplugin
LogPluginManager: Loaded Plugin LightPropagationVolume, From D:/PROGRAM FILES/Epic Games/4.14/Engine/Plugins/Blendables/LightPropagationVolume/LightPropagationVolume.uplugin
LogPluginManager: Loaded Plugin BlankPlugin, From D:/PROGRAM FILES/Epic Games/4.14/Engine/Plugins/Developer/BlankPlugin/BlankPlugin.uplugin
LogPluginManager: Loaded Plugin CodeLiteSourceCodeAccess, From D:/PROGRAM FILES/Epic Games/4.14/Engine/Plugins/Developer/CodeLiteSourceCodeAccess/CodeLiteSourceCodeAccess.uplugin
LogPluginManager: Loaded Plugin GitSourceControl, From D:/PROGRAM FILES/Epic Games/4.14/Engine/Plugins/Developer/GitSourceControl/GitSourceControl.uplugin
LogPluginManager: Loaded Plugin KDevelopSourceCodeAccess, From D:/PROGRAM FILES/Epic Games/4.14/Engine/Plugins/Developer/KDevelopSourceCodeAccess/KDevelopSourceCodeAccess.uplugin
LogPluginManager: Loaded Plugin NullSourceCodeAccess, From D:/PROGRAM FILES/Epic Games/4.14/Engine/Plugins/Developer/NullSourceCodeAccess/NullSourceCodeAccess.uplugin
LogPluginManager: Loaded Plugin OneSkyLocalizationService, From D:/PROGRAM FILES/Epic Games/4.14/Engine/Plugins/Developer/OneSkyLocalizationService/OneSkyLocalizationService.uplugin
LogPluginManager: Loaded Plugin PerforceSourceControl, From D:/PROGRAM FILES/Epic Games/4.14/Engine/Plugins/Developer/PerforceSourceControl/PerforceSourceControl.uplugin
LogPluginManager: Loaded Plugin SubversionSourceControl, From D:/PROGRAM FILES/Epic Games/4.14/Engine/Plugins/Developer/SubversionSourceControl/SubversionSourceControl.uplugin
LogPluginManager: Loaded Plugin UObjectPlugin, From D:/PROGRAM FILES/Epic Games/4.14/Engine/Plugins/Developer/UObjectPlugin/UObjectPlugin.uplugin
LogPluginManager: Loaded Plugin VisualStudioSourceCodeAccess, From D:/PROGRAM FILES/Epic Games/4.14/Engine/Plugins/Developer/VisualStudioSourceCodeAccess/VisualStudioSourceCodeAccess.uplugin
LogPluginManager: Loaded Plugin XCodeSourceCodeAccess, From D:/PROGRAM FILES/Epic Games/4.14/Engine/Plugins/Developer/XCodeSourceCodeAccess/XCodeSourceCodeAccess.uplugin
LogPluginManager: Loaded Plugin AudioCapture, From D:/PROGRAM FILES/Epic Games/4.14/Engine/Plugins/Editor/AudioCapture/AudioCapture.uplugin
LogPluginManager: Loaded Plugin EpicSurvey, From D:/PROGRAM FILES/Epic Games/4.14/Engine/Plugins/Editor/EpicSurvey/EpicSurvey.uplugin
LogPluginManager: Loaded Plugin MacGraphicsSwitching, From D:/PROGRAM FILES/Epic Games/4.14/Engine/Plugins/Editor/MacGraphicsSwitching/MacGraphicsSwitching.uplugin
LogPluginManager: Loaded Plugin MobileLauncherProfileWizard, From D:/PROGRAM FILES/Epic Games/4.14/Engine/Plugins/Editor/MobileLauncherProfileWizard/MobileLauncherProfileWizard.uplugin
LogPluginManager: Loaded Plugin PluginBrowser, From D:/PROGRAM FILES/Epic Games/4.14/Engine/Plugins/Editor/PluginBrowser/PluginBrowser.uplugin
LogPluginManager: Loaded Plugin SpeedTreeImporter, From D:/PROGRAM FILES/Epic Games/4.14/Engine/Plugins/Editor/SpeedTreeImporter/SpeedTreeImporter.uplugin
LogPluginManager: Loaded Plugin SuperSearchEditor, From D:/PROGRAM FILES/Epic Games/4.14/Engine/Plugins/Editor/SuperSearchEditor/SuperSearchEditor.uplugin
LogPluginManager: Loaded Plugin AlembicImporter, From D:/PROGRAM FILES/Epic Games/4.14/Engine/Plugins/Experimental/AlembicImporter/AlembicImporter.uplugin
LogPluginManager: Loaded Plugin BlueprintStats, From D:/PROGRAM FILES/Epic Games/4.14/Engine/Plugins/Experimental/BlueprintStats/BlueprintStats.uplugin
LogPluginManager: Loaded Plugin CharacterAI, From D:/PROGRAM FILES/Epic Games/4.14/Engine/Plugins/Experimental/CharacterAI/CharacterAI.uplugin
LogPluginManager: Loaded Plugin CodeEditor, From D:/PROGRAM FILES/Epic Games/4.14/Engine/Plugins/Experimental/CodeEditor/CodeEditor.uplugin
LogPluginManager: Loaded Plugin CodeView, From D:/PROGRAM FILES/Epic Games/4.14/Engine/Plugins/Experimental/CodeView/CodeView.uplugin
LogPluginManager: Loaded Plugin HTML5Networking, From D:/PROGRAM FILES/Epic Games/4.14/Engine/Plugins/Experimental/HTML5Networking/HTML5Networking.uplugin
LogPluginManager: Loaded Plugin OSVR, From D:/PROGRAM FILES/Epic Games/4.14/Engine/Plugins/Experimental/OSVR/OSVR.uplugin
LogPluginManager: Loaded Plugin Phya, From D:/PROGRAM FILES/Epic Games/4.14/Engine/Plugins/Experimental/Phya/Phya.uplugin
LogPluginManager: Loaded Plugin SignificanceManager, From D:/PROGRAM FILES/Epic Games/4.14/Engine/Plugins/Experimental/SignificanceManager/SignificanceManager.uplugin
LogPluginManager: Loaded Plugin SimpleHMD, From D:/PROGRAM FILES/Epic Games/4.14/Engine/Plugins/Experimental/SimpleHMD/SimpleHMD.uplugin
LogPluginManager: Loaded Plugin StereoPanorama, From D:/PROGRAM FILES/Epic Games/4.14/Engine/Plugins/Experimental/StereoPanorama/StereoPanorama.uplugin
LogPluginManager: Loaded Plugin StructBox, From D:/PROGRAM FILES/Epic Games/4.14/Engine/Plugins/Experimental/StructBox/StructBox.uplugin
LogPluginManager: Loaded Plugin Substance, From D:/PROGRAM FILES/Epic Games/4.14/Engine/Plugins/Marketplace/Substance/Substance.uplugin
LogPluginManager: Loaded Plugin AndroidMedia, From D:/PROGRAM FILES/Epic Games/4.14/Engine/Plugins/Media/AndroidMedia/AndroidMedia.uplugin
LogPluginManager: Loaded Plugin AvfMedia, From D:/PROGRAM FILES/Epic Games/4.14/Engine/Plugins/Media/AvfMedia/AvfMedia.uplugin
LogPluginManager: Loaded Plugin MediaPlayerEditor, From D:/PROGRAM FILES/Epic Games/4.14/Engine/Plugins/Media/MediaPlayerEditor/MediaPlayerEditor.uplugin
LogPluginManager: Loaded Plugin WmfMedia, From D:/PROGRAM FILES/Epic Games/4.14/Engine/Plugins/Media/WmfMedia/WmfMedia.uplugin
LogPluginManager: Loaded Plugin MessagingDebugger, From D:/PROGRAM FILES/Epic Games/4.14/Engine/Plugins/Messaging/MessagingDebugger/MessagingDebugger.uplugin
LogPluginManager: Loaded Plugin TcpMessaging, From D:/PROGRAM FILES/Epic Games/4.14/Engine/Plugins/Messaging/TcpMessaging/TcpMessaging.uplugin
LogPluginManager: Loaded Plugin UdpMessaging, From D:/PROGRAM FILES/Epic Games/4.14/Engine/Plugins/Messaging/UdpMessaging/UdpMessaging.uplugin
LogPluginManager: Loaded Plugin LevelSequenceEditor, From D:/PROGRAM FILES/Epic Games/4.14/Engine/Plugins/MovieScene/LevelSequenceEditor/LevelSequenceEditor.uplugin
LogPluginManager: Loaded Plugin MatineeToLevelSequence, From D:/PROGRAM FILES/Epic Games/4.14/Engine/Plugins/MovieScene/MatineeToLevelSequence/MatineeToLevelSequence.uplugin
LogPluginManager: Loaded Plugin NetcodeUnitTest, From D:/PROGRAM FILES/Epic Games/4.14/Engine/Plugins/NetcodeUnitTest/NetcodeUnitTest/NetcodeUnitTest.uplugin
LogPluginManager: Loaded Plugin NUTUnrealEngine4, From D:/PROGRAM FILES/Epic Games/4.14/Engine/Plugins/NetcodeUnitTest/NUTUnrealEngine4/NUTUnrealEngine4.uplugin
LogPluginManager: Loaded Plugin OnlineSubsystemGameCircle, From D:/PROGRAM FILES/Epic Games/4.14/Engine/Plugins/Online/Android/OnlineSubsystemGameCircle/OnlineSubsystemGameCircle.uplugin
LogPluginManager: Loaded Plugin OnlineSubsystemGooglePlay, From D:/PROGRAM FILES/Epic Games/4.14/Engine/Plugins/Online/Android/OnlineSubsystemGooglePlay/OnlineSubsystemGooglePlay.uplugin
LogPluginManager: Loaded Plugin OnlineSubsystemIOS, From D:/PROGRAM FILES/Epic Games/4.14/Engine/Plugins/Online/IOS/OnlineSubsystemIOS/OnlineSubsystemIOS.uplugin
LogPluginManager: Loaded Plugin OnlineFramework, From D:/PROGRAM FILES/Epic Games/4.14/Engine/Plugins/Online/OnlineFramework/OnlineFramework.uplugin
LogPluginManager: Loaded Plugin OnlineSubsystem, From D:/PROGRAM FILES/Epic Games/4.14/Engine/Plugins/Online/OnlineSubsystem/OnlineSubsystem.uplugin
LogPluginManager: Loaded Plugin OnlineSubsystemAmazon, From D:/PROGRAM FILES/Epic Games/4.14/Engine/Plugins/Online/OnlineSubsystemAmazon/OnlineSubsystemAmazon.uplugin
LogPluginManager: Loaded Plugin OnlineSubsystemFacebook, From D:/PROGRAM FILES/Epic Games/4.14/Engine/Plugins/Online/OnlineSubsystemFacebook/OnlineSubsystemFacebook.uplugin
LogPluginManager: Loaded Plugin OnlineSubsystemNull, From D:/PROGRAM FILES/Epic Games/4.14/Engine/Plugins/Online/OnlineSubsystemNull/OnlineSubsystemNull.uplugin
LogPluginManager: Loaded Plugin OnlineSubsystemOculus, From D:/PROGRAM FILES/Epic Games/4.14/Engine/Plugins/Online/OnlineSubsystemOculus/OnlineSubsystemOculus.uplugin
LogPluginManager: Loaded Plugin OnlineSubsystemSteam, From D:/PROGRAM FILES/Epic Games/4.14/Engine/Plugins/Online/OnlineSubsystemSteam/OnlineSubsystemSteam.uplugin
LogPluginManager: Loaded Plugin OnlineSubsystemUtils, From D:/PROGRAM FILES/Epic Games/4.14/Engine/Plugins/Online/OnlineSubsystemUtils/OnlineSubsystemUtils.uplugin
LogPluginManager: Loaded Plugin IOSTapJoy, From D:/PROGRAM FILES/Epic Games/4.14/Engine/Plugins/Runtime/Advertising/IOSTapJoy/IOSTapJoy.uplugin
LogPluginManager: Loaded Plugin AnalyticsBlueprintLibrary, From D:/PROGRAM FILES/Epic Games/4.14/Engine/Plugins/Runtime/Analytics/AnalyticsBlueprintLibrary/AnalyticsBlueprintLibrary.uplugin
LogPluginManager: Loaded Plugin AnalyticsMulticast, From D:/PROGRAM FILES/Epic Games/4.14/Engine/Plugins/Runtime/Analytics/AnalyticsMulticast/AnalyticsMulticast.uplugin
LogPluginManager: Loaded Plugin Apsalar, From D:/PROGRAM FILES/Epic Games/4.14/Engine/Plugins/Runtime/Analytics/Apsalar/Apsalar.uplugin
LogPluginManager: Loaded Plugin FileLogging, From D:/PROGRAM FILES/Epic Games/4.14/Engine/Plugins/Runtime/Analytics/FileLogging/FileLogging.uplugin
LogPluginManager: Loaded Plugin Flurry, From D:/PROGRAM FILES/Epic Games/4.14/Engine/Plugins/Runtime/Analytics/Flurry/Flurry.uplugin
LogPluginManager: Loaded Plugin AndroidDeviceProfileSelector, From D:/PROGRAM FILES/Epic Games/4.14/Engine/Plugins/Runtime/AndroidDeviceProfileSelector/AndroidDeviceProfileSelector.uplugin
LogPluginManager: Loaded Plugin AndroidMoviePlayer, From D:/PROGRAM FILES/Epic Games/4.14/Engine/Plugins/Runtime/AndroidMoviePlayer/AndroidMoviePlayer.uplugin
LogPluginManager: Loaded Plugin AppleMoviePlayer, From D:/PROGRAM FILES/Epic Games/4.14/Engine/Plugins/Runtime/AppleMoviePlayer/AppleMoviePlayer.uplugin
LogPluginManager: Loaded Plugin ArchVisCharacter, From D:/PROGRAM FILES/Epic Games/4.14/Engine/Plugins/Runtime/ArchVisCharacter/ArchVisCharacter.uplugin
LogPluginManager: Loaded Plugin CableComponent, From D:/PROGRAM FILES/Epic Games/4.14/Engine/Plugins/Runtime/CableComponent/CableComponent.uplugin
LogPluginManager: Loaded Plugin CustomMeshComponent, From D:/PROGRAM FILES/Epic Games/4.14/Engine/Plugins/Runtime/CustomMeshComponent/CustomMeshComponent.uplugin
LogPluginManager: Loaded Plugin ExampleDeviceProfileSelector, From D:/PROGRAM FILES/Epic Games/4.14/Engine/Plugins/Runtime/ExampleDeviceProfileSelector/ExampleDeviceProfileSelector.uplugin
LogPluginManager: Loaded Plugin GearVR, From D:/PROGRAM FILES/Epic Games/4.14/Engine/Plugins/Runtime/GearVR/GearVR.uplugin
LogPluginManager: Loaded Plugin GoogleVRController, From D:/PROGRAM FILES/Epic Games/4.14/Engine/Plugins/Runtime/GoogleVR/GoogleVRController/GoogleVRController.uplugin
LogPluginManager: Loaded Plugin GoogleVRHMD, From D:/PROGRAM FILES/Epic Games/4.14/Engine/Plugins/Runtime/GoogleVR/GoogleVRHMD/GoogleVRHMD.uplugin
LogPluginManager: Loaded Plugin IOSDeviceProfileSelector, From D:/PROGRAM FILES/Epic Games/4.14/Engine/Plugins/Runtime/IOSDeviceProfileSelector/IOSDeviceProfileSelector.uplugin
LogPluginManager: Loaded Plugin LeapMotion, From D:/PROGRAM FILES/Epic Games/4.14/Engine/Plugins/Runtime/LeapMotion/LeapMotion.uplugin
LogPluginManager: Loaded Plugin LinuxDeviceProfileSelector, From D:/PROGRAM FILES/Epic Games/4.14/Engine/Plugins/Runtime/LinuxDeviceProfileSelector/LinuxDeviceProfileSelector.uplugin
LogPluginManager: Loaded Plugin MIDIDevice, From D:/PROGRAM FILES/Epic Games/4.14/Engine/Plugins/Runtime/MIDIDevice/MIDIDevice.uplugin
LogPluginManager: Loaded Plugin MobilePatchingUtils, From D:/PROGRAM FILES/Epic Games/4.14/Engine/Plugins/Runtime/MobilePatchingUtils/MobilePatchingUtils.uplugin
LogPluginManager: Loaded Plugin Ansel, From D:/PROGRAM FILES/Epic Games/4.14/Engine/Plugins/Runtime/Nvidia/Ansel/Ansel.uplugin
LogPluginManager: Loaded Plugin OculusAudio, From D:/PROGRAM FILES/Epic Games/4.14/Engine/Plugins/Runtime/OculusAudio/OculusAudio.uplugin
LogPluginManager: Loaded Plugin OculusInput, From D:/PROGRAM FILES/Epic Games/4.14/Engine/Plugins/Runtime/OculusInput/OculusInput.uplugin
LogPluginManager: Loaded Plugin OculusLibrary, From D:/PROGRAM FILES/Epic Games/4.14/Engine/Plugins/Runtime/OculusLibrary/OculusLibrary.uplugin
LogPluginManager: Loaded Plugin OculusRift, From D:/PROGRAM FILES/Epic Games/4.14/Engine/Plugins/Runtime/OculusRift/OculusRift.uplugin
LogPluginManager: Loaded Plugin Oodle, From D:/PROGRAM FILES/Epic Games/4.14/Engine/Plugins/Runtime/PacketHandlers/CompressionComponents/Oodle/Oodle.uplugin
LogPluginManager: Loaded Plugin ProceduralMeshComponent, From D:/PROGRAM FILES/Epic Games/4.14/Engine/Plugins/Runtime/ProceduralMeshComponent/ProceduralMeshComponent.uplugin
LogPluginManager: Loaded Plugin SoundMod, From D:/PROGRAM FILES/Epic Games/4.14/Engine/Plugins/Runtime/SoundMod/SoundMod.uplugin
LogPluginManager: Loaded Plugin SoundVisualizations, From D:/PROGRAM FILES/Epic Games/4.14/Engine/Plugins/Runtime/SoundVisualizations/SoundVisualizations.uplugin
LogPluginManager: Loaded Plugin SteamController, From D:/PROGRAM FILES/Epic Games/4.14/Engine/Plugins/Runtime/Steam/SteamController/SteamController.uplugin
LogPluginManager: Loaded Plugin SteamVR, From D:/PROGRAM FILES/Epic Games/4.14/Engine/Plugins/Runtime/Steam/SteamVR/SteamVR.uplugin
LogPluginManager: Loaded Plugin WebBrowserWidget, From D:/PROGRAM FILES/Epic Games/4.14/Engine/Plugins/Runtime/WebBrowserWidget/WebBrowserWidget.uplugin
LogPluginManager: Loaded Plugin WindowsDeviceProfileSelector, From D:/PROGRAM FILES/Epic Games/4.14/Engine/Plugins/Runtime/WindowsDeviceProfileSelector/WindowsDeviceProfileSelector.uplugin
LogPluginManager: Loaded Plugin WindowsMoviePlayer, From D:/PROGRAM FILES/Epic Games/4.14/Engine/Plugins/Runtime/WindowsMoviePlayer/WindowsMoviePlayer.uplugin
LogPluginManager: Loaded Plugin ScriptPlugin, From D:/PROGRAM FILES/Epic Games/4.14/Engine/Plugins/ScriptPlugin/ScriptPlugin.uplugin
LogPluginManager: Loaded Plugin SlateRemote, From D:/PROGRAM FILES/Epic Games/4.14/Engine/Plugins/Slate/SlateRemote/SlateRemote.uplugin
LogPluginManager: Loaded Plugin EditorTests, From D:/PROGRAM FILES/Epic Games/4.14/Engine/Plugins/Tests/EditorTests/EditorTests.uplugin
LogPluginManager: Loaded Plugin FbxAutomationTestBuilder, From D:/PROGRAM FILES/Epic Games/4.14/Engine/Plugins/Tests/FbxAutomationTestBuilder/FbxAutomationTestBuilder.uplugin
LogPluginManager: Loaded Plugin FunctionalTestingEditor, From D:/PROGRAM FILES/Epic Games/4.14/Engine/Plugins/Tests/FunctionalTestingEditor/FunctionalTestingEditor.uplugin
LogPluginManager: Loaded Plugin RuntimeTests, From D:/PROGRAM FILES/Epic Games/4.14/Engine/Plugins/Tests/RuntimeTests/RuntimeTests.uplugin
LogPluginManager: Loaded Plugin ScreenshotTools, From D:/PROGRAM FILES/Epic Games/4.14/Engine/Plugins/Tests/ScreenshotTools/ScreenshotTools.uplugin
LogInit: Using libcurl 7.47.1
LogInit:  - built for x86_64-pc-win32
LogInit:  - supports SSL with OpenSSL/1.0.2g
LogInit:  - supports HTTP deflate (compression) using libz 1.2.8
LogInit:  - other features:
LogInit:      CURL_VERSION_SSL
LogInit:      CURL_VERSION_LIBZ
LogInit:      CURL_VERSION_IPV6
LogInit:      CURL_VERSION_ASYNCHDNS
LogInit:      CURL_VERSION_LARGEFILE
LogInit:      CURL_VERSION_IDN
LogInit:  CurlRequestOptions (configurable via config and command line):
LogInit:  - bVerifyPeer = false  - Libcurl will NOT verify peer certificate
LogInit:  - bUseHttpProxy = false  - Libcurl will NOT use HTTP proxy
LogInit:  - bDontReuseConnections = false  - Libcurl will reuse connections
LogInit:  - CertBundlePath = nullptr  - Libcurl will use whatever was configured at build time.
LogInit: Build: ++UE4+Release-4.14-CL-3224400
LogInit: Engine Version: 4.14.1-3224400+++UE4+Release-4.14
LogInit: Compatible Engine Version: 4.14.0-3195953+++UE4+Release-4.14
LogInit: Net CL: 3195953
LogDevObjectVersion: Number of dev versions registered: 13
LogDevObjectVersion:   Dev-Blueprints (B0D832E4-1F89-4F0D-ACCF-7EB736FD4AA2): 7
LogDevObjectVersion:   Dev-Build (E1C64328-A22C-4D53-A36C-8E866417BD8C): 0
LogDevObjectVersion:   Dev-Core (375EC13C-06E4-48FB-B500-84F0262A717E): 1
LogDevObjectVersion:   Dev-Editor (E4B068ED-F494-42E9-A231-DA0B2E46BB41): 8
LogDevObjectVersion:   Dev-Framework (CFFC743F-43B0-4480-9391-14DF171D2073): 17
LogDevObjectVersion:   Dev-Mobile (B02B49B5-BB20-44E9-A304-32B752E40360): 0
LogDevObjectVersion:   Dev-Networking (A4E4105C-59A1-49B5-A7C5-40C4547EDFEE): 0
LogDevObjectVersion:   Dev-Online (39C831C9-5AE6-47DC-9A44-9C173E1C8E7C): 0
LogDevObjectVersion:   Dev-Physics (78F01B33-EBEA-4F98-B9B4-84EACCB95AA2): 0
LogDevObjectVersion:   Dev-Platform (6631380F-2D4D-43E0-8009-CF276956A95A): 0
LogDevObjectVersion:   Dev-Rendering (12F88B9F-8875-4AFC-A67C-D90C383ABD29): 12
LogDevObjectVersion:   Dev-Sequencer (7B5AE74C-D270-4C10-A958-57980B212A5A): 1
LogDevObjectVersion:   Dev-VR (D7296918-1DD6-4BDD-9DE2-64A83CC13884): 0
LogInit: Compiled (64-bit): Dec  7 2016 02:14:32
LogInit: Compiled with Visual C++: 19.00.23026.00
LogInit: Build Configuration: Development
LogInit: Branch Name: ++UE4+Release-4.14
LogInit: Command line:  
LogInit: Base directory: D:/PROGRAM FILES/Epic Games/4.14/Engine/Binaries/Win64/
LogInit: Installed Engine Build: 1
LogInit: Presizing for max 8388607 objects, including 0 objects not considered by GC, pre-allocating 0 bytes for permanent pool.
LogInit: Object subsystem initialized
[2016.12.19-21.55.43:959][  0]LogInit: Selected Device Profile: [Windows]
[2016.12.19-21.55.43:959][  0]LogInit: Applying CVar settings loaded from the selected device profile: [Windows]
[2016.12.19-21.55.43:970][  0]LogInit: Computer: ALIENWARE
[2016.12.19-21.55.43:970][  0]LogInit: User: Timothy
[2016.12.19-21.55.43:970][  0]LogInit: CPU Page size=65536, Cores=4
[2016.12.19-21.55.43:970][  0]LogInit: High frequency timer resolution =2.533320 MHz
[2016.12.19-21.55.43:970][  0]LogMemory: Memory total: Physical=15.9GB (16GB approx)
[2016.12.19-21.55.43:970][  0]LogMemory: Platform Memory Stats for Windows
[2016.12.19-21.55.43:970][  0]LogMemory: Process Physical Memory: 265.04 MB used, 265.04 MB peak
[2016.12.19-21.55.43:970][  0]LogMemory: Process Virtual Memory: 263.05 MB used, 263.05 MB peak
[2016.12.19-21.55.43:970][  0]LogMemory: Physical Memory: 8645.16 MB used,  7618.12 MB free, 16263.27 MB total
[2016.12.19-21.55.43:970][  0]LogMemory: Virtual Memory: 656.46 MB used,  7618.12 MB free, 134217728.00 MB total
[2016.12.19-21.55.43:998][  0]LogTextLocalizationManager: No specific translations for ('en-GB') exist, so ('en') translations will be used.
[2016.12.19-21.55.44:619][  0]LogD3D11RHI: D3D11 adapters:
[2016.12.19-21.55.45:129][  0]LogD3D11RHI:    0. 'NVIDIA GeForce GTX 970M' (Feature Level 11_0)
[2016.12.19-21.55.45:129][  0]LogD3D11RHI:       6019/0/8131 MB DedicatedVideo/DedicatedSystem/SharedSystem, Outputs:2, VendorId:0x10de
[2016.12.19-21.55.45:635][  0]LogD3D11RHI:    1. 'NVIDIA GeForce GTX 970M' (Feature Level 11_0)
[2016.12.19-21.55.45:635][  0]LogD3D11RHI:       6019/0/8131 MB DedicatedVideo/DedicatedSystem/SharedSystem, Outputs:0, VendorId:0x10de
[2016.12.19-21.55.45:637][  0]LogD3D11RHI:    2. 'Microsoft Basic Render Driver' (Feature Level 11_0)
[2016.12.19-21.55.45:637][  0]LogD3D11RHI:       6019/0/8131 MB DedicatedVideo/DedicatedSystem/SharedSystem, Outputs:0, VendorId:0x1414
[2016.12.19-21.55.45:637][  0]LogD3D11RHI: Chosen D3D11 Adapter: 0
[2016.12.19-21.55.45:643][  0]LogD3D11RHI: Creating new Direct3DDevice
[2016.12.19-21.55.45:643][  0]LogD3D11RHI:     GPU DeviceId: 0x13d8 (for the marketing name, search the web for "GPU Device Id")
[2016.12.19-21.55.45:643][  0]LogWindows: EnumDisplayDevices:
[2016.12.19-21.55.45:643][  0]LogWindows:    0. 'Intel(R) HD Graphics 4000' (P:0 D:1)
[2016.12.19-21.55.45:643][  0]LogWindows:    1. 'Intel(R) HD Graphics 4000' (P:1 D:1)
[2016.12.19-21.55.45:644][  0]LogWindows:    2. 'Intel(R) HD Graphics 4000' (P:0 D:0)
[2016.12.19-21.55.45:644][  0]LogWindows:    3. 'NVIDIA GeForce GTX 970M' (P:0 D:0)
[2016.12.19-21.55.45:644][  0]LogWindows:    4. 'NVIDIA GeForce GTX 970M' (P:0 D:0)
[2016.12.19-21.55.45:644][  0]LogWindows:    5. 'NVIDIA GeForce GTX 970M' (P:0 D:0)
[2016.12.19-21.55.45:644][  0]LogWindows:    6. 'NVIDIA GeForce GTX 970M' (P:0 D:0)
[2016.12.19-21.55.45:644][  0]LogWindows: DebugString: PrimaryIsNotTheChoosenAdapter PrimaryIsNotTheChoosenAdapter PrimaryIsNotTheChoosenAdapter FoundDriverCount:4 
[2016.12.19-21.55.45:644][  0]LogD3D11RHI:     Adapter Name: NVIDIA GeForce GTX 970M
[2016.12.19-21.55.45:644][  0]LogD3D11RHI:   Driver Version: 375.63 (internal:21.21.13.7563, unified:375.63)
[2016.12.19-21.55.45:644][  0]LogD3D11RHI:      Driver Date: 10-21-2016
[2016.12.19-21.55.45:644][  0]LogRHI: Texture pool is 1361 MB (70% of 1945 MB)
[2016.12.19-21.55.46:131][  0]LogD3D11RHI: Async texture creation enabled
[2016.12.19-21.55.46:194][  0]LogD3D11RHI: GPU Timing Frequency: 1000.000000 (Debug: 2 2)
[2016.12.19-21.55.46:194][  0]LogShaderCompilers: Guid format shader working directory is -37 characters bigger than the processId version (../../../../../../FREE WORK/DungeonBaseBuilder/DungeonBaseBuilder/UnrealEngineProject/Intermediate/Shaders/WorkingDirectory/2256/).
[2016.12.19-21.55.46:194][  0]LogShaderCompilers: Cleaned the shader compiler working directory 'C:/Users/Timothy/AppData/Local/Temp/UnrealShaderWorkingDir/D3ACBF33406BA36F91137C9BCE605A58/'.
[2016.12.19-21.55.46:194][  0]LogShaderCompilers:Display: Using Local Shader Compiler.
[2016.12.19-21.55.47:632][  0]LogTemp:Display: Loaded TP AllDesktopTargetPlatform
[2016.12.19-21.55.47:679][  0]LogTemp:Display: Loaded TP MacClientTargetPlatform
[2016.12.19-21.55.47:725][  0]LogTemp:Display: Loaded TP MacNoEditorTargetPlatform
[2016.12.19-21.55.47:771][  0]LogTemp:Display: Loaded TP MacServerTargetPlatform
[2016.12.19-21.55.47:817][  0]LogTemp:Display: Loaded TP MacTargetPlatform
[2016.12.19-21.55.47:863][  0]LogTemp:Display: Loaded TP WindowsClientTargetPlatform
[2016.12.19-21.55.47:910][  0]LogTemp:Display: Loaded TP WindowsNoEditorTargetPlatform
[2016.12.19-21.55.47:958][  0]LogTemp:Display: Loaded TP WindowsServerTargetPlatform
[2016.12.19-21.55.47:993][  0]LogTemp:Display: Loaded TP WindowsTargetPlatform
[2016.12.19-21.55.48:038][  0]LogTemp:Display: Loaded TP AndroidTargetPlatform
[2016.12.19-21.55.48:083][  0]LogTemp:Display: Loaded TP Android_ASTCTargetPlatform
[2016.12.19-21.55.48:129][  0]LogTemp:Display: Loaded TP Android_ATCTargetPlatform
[2016.12.19-21.55.48:178][  0]LogTemp:Display: Loaded TP Android_DXTTargetPlatform
[2016.12.19-21.55.48:228][  0]LogTemp:Display: Loaded TP Android_ETC1TargetPlatform
[2016.12.19-21.55.48:276][  0]LogTemp:Display: Loaded TP Android_ETC2TargetPlatform
[2016.12.19-21.55.48:366][  0]LogTemp:Display: Loaded TP Android_MultiTargetPlatform
[2016.12.19-21.55.48:366][  0]LogTemp:Display: Loaded TP Android_PVRTCTargetPlatform
[2016.12.19-21.55.48:394][  0]LogTemp:Display: Loaded TP HTML5TargetPlatform
[2016.12.19-21.55.48:466][  0]LogTemp:Display: Loaded TP IOSTargetPlatform
[2016.12.19-21.55.48:499][  0]LogTemp:Display: Loaded TP TVOSTargetPlatform
[2016.12.19-21.55.48:545][  0]LogTemp:Display: Loaded TP LinuxClientTargetPlatform
[2016.12.19-21.55.48:592][  0]LogTemp:Display: Loaded TP LinuxNoEditorTargetPlatform
[2016.12.19-21.55.48:638][  0]LogTemp:Display: Loaded TP LinuxServerTargetPlatform
[2016.12.19-21.55.48:684][  0]LogTemp:Display: Loaded TP LinuxTargetPlatform
[2016.12.19-21.55.48:684][  0]LogTargetPlatformManager:Display: Building Assets For Windows
[2016.12.19-21.55.48:964][  0]LogDerivedDataCache:Display: Max Cache Size: 512 MB
[2016.12.19-21.55.49:019][  0]LogDerivedDataCache: Loaded boot cache 0.06s 50MB C:/Users/Timothy/AppData/Local/UnrealEngine/4.14/DerivedDataCache/Boot.ddc.
[2016.12.19-21.55.49:019][  0]LogDerivedDataCache:Display: Loaded Boot cache: C:/Users/Timothy/AppData/Local/UnrealEngine/4.14/DerivedDataCache/Boot.ddc
[2016.12.19-21.55.49:019][  0]LogDerivedDataCache: FDerivedDataBackendGraph:  Pak pak cache file ../../../../../../FREE WORK/DungeonBaseBuilder/DungeonBaseBuilder/UnrealEngineProject/DerivedDataCache/DDC.ddp not found, will not use a pak cache.
[2016.12.19-21.55.49:019][  0]LogDerivedDataCache: Unable to find inner node Pak for hierarchical cache Hierarchy.
[2016.12.19-21.55.49:019][  0]LogDerivedDataCache: FDerivedDataBackendGraph:  CompressedPak pak cache file ../../../../../../FREE WORK/DungeonBaseBuilder/DungeonBaseBuilder/UnrealEngineProject/DerivedDataCache/Compressed.ddp not found, will not use a pak cache.
[2016.12.19-21.55.49:019][  0]LogDerivedDataCache: Unable to find inner node CompressedPak for hierarchical cache Hierarchy.
[2016.12.19-21.55.49:039][  0]LogDerivedDataCache:Display: Pak cache opened for reading ../../../Engine/DerivedDataCache/Compressed.ddp.
[2016.12.19-21.55.49:051][  0]LogDerivedDataCache: Using Local data cache path C:/Users/Timothy/AppData/Local/UnrealEngine/Common/DerivedDataCache: Writable
[2016.12.19-21.55.49:299][  0]LogInit: Selected Device Profile: [Windows]
[2016.12.19-21.55.49:303][  0]LogContentStreaming: Texture pool size is 0.00 MB
[2016.12.19-21.55.49:486][  0]LogMeshUtilities: Using QuadricMeshReduction for automatic static mesh reduction
[2016.12.19-21.55.49:515][  0]LogSimplygon: Simplygon DLL not present - disabling.
[2016.12.19-21.55.49:548][  0]LogMeshUtilities: Using SimplygonSwarm for distributed automatic mesh merging
[2016.12.19-21.55.49:548][  0]LogMeshUtilities: No automatic skeletal mesh reduction module available
[2016.12.19-21.55.49:548][  0]LogMeshUtilities: No automatic mesh merging module available
[2016.12.19-21.55.50:053][  0]LogNetVersion: GetLocalNetworkVersion: CL: 3195953, ProjectName: unrealengineproject, ProjectVersion: , EngineNetworkVersion: 2, GameNetworkVersion: 0, NetworkChecksum: 1211331517
[2016.12.19-21.55.50:107][  0]LogAssetRegistry: FAssetRegistry took 0.0220 seconds to start up
[2016.12.19-21.55.50:142][  0]LogPackageLocalizationCache: Processed 3 localized package path(s) for 2 prioritized culture(s) in 0.020889 seconds
[2016.12.19-21.55.50:147][  0]LogUObjectArray: 31946 objects as part of root set at end of initial load.
[2016.12.19-21.55.50:147][  0]LogUObjectAllocator: 6935840 out of 0 bytes used by permanent object pool.
[2016.12.19-21.55.50:147][  0]LogUObjectArray: CloseDisregardForGC: 0/0 objects in disregard for GC pool
[2016.12.19-21.55.50:189][  0]LogInit: WinSock: version 1.1 (2.2), MaxSocks=32767, MaxUdp=65467
[2016.12.19-21.55.50:714][  0]LogSlate: Using Freetype 2.6.0
[2016.12.19-21.55.50:714][  0]LogSlate: SlateFontCache - WITH_FREETYPE: 1, WITH_HARFBUZZ: 1
[2016.12.19-21.55.50:714][  0]LogSlate: SlateFontCache - WITH_FREETYPE: 1, WITH_HARFBUZZ: 1
[2016.12.19-21.55.51:472][  0]LogSubstanceCoreModule: Substance CPU Engine Loaded, Max Texture Size 2048
[2016.12.19-21.55.51:492][  0]LogTcpMessaging: Initializing TcpMessaging bridge
[2016.12.19-21.55.51:524][  0]LogUdpMessaging: Initializing bridge on interface 0.0.0.0:0 to multicast group 230.0.0.1:6666.
[2016.12.19-21.55.51:763][  0]LogMaterial: Uniform references updated for custom material expression Custom.
[2016.12.19-21.55.52:056][  0]SourceControl: Info Source control is disabled
[2016.12.19-21.55.53:222][  0]LogEngine: Initializing Engine...
[2016.12.19-21.55.53:222][  0]LogHMD: Failed to initialize OpenVR with code 110
[2016.12.19-21.55.53:436][  0]LogAIModule: Creating AISystem for world Untitled
[2016.12.19-21.55.53:447][  0]LogInit: XAudio2 using 'Speakers (Logitech G35 Gaming Headset)' : 2 channels at 44.1 kHz using 16 bits per sample (channel mask 0x3)
[2016.12.19-21.55.53:453][  0]LogInit: FAudioDevice initialized.
[2016.12.19-21.55.53:480][  0]LogDerivedDataCache: Saved boot cache 0.03s 50MB C:/Users/Timothy/AppData/Local/UnrealEngine/4.14/DerivedDataCache/Boot.ddc.
[2016.12.19-21.55.53:487][  0]LogInit: Texture streaming: Enabled
[2016.12.19-21.55.53:621][  0]LogInit: Transaction tracking system initialized
[2016.12.19-21.55.53:865][  0]BlueprintLog: New page: Editor Load
[2016.12.19-21.55.54:541][  0]LocalizationService: Info Localization service is disabled
[2016.12.19-21.55.55:023][  0]LogConsoleResponse:Display: 
[2016.12.19-21.55.55:211][  0]LogCook:Display: Max memory allowance for cook 16384mb min free memory 0mb
[2016.12.19-21.55.55:211][  0]LogCook:Display: Mobile HDR setting 1
[2016.12.19-21.55.55:572][  0]LogFileCache: Scanning file cache for directory 'D:/FREE WORK/DungeonBaseBuilder/DungeonBaseBuilder/UnrealEngineProject/Content/' took 0.01s
[2016.12.19-21.55.55:966][  0]Cmd: MAP LOAD FILE="../../../../../../FREE WORK/DungeonBaseBuilder/DungeonBaseBuilder/UnrealEngineProject/Content/ThirdPersonBP/Maps/ThirdPersonExampleMap.umap" TEMPLATE=0 SHOWPROGRESS=1 FEATURELEVEL=3
[2016.12.19-21.55.55:966][  0]LightingResults: New page: Lighting Build
[2016.12.19-21.55.55:995][  0]MapCheck: New page: Map Check
[2016.12.19-21.55.55:995][  0]LightingResults: New page: Lighting Build
[2016.12.19-21.55.56:479][  0]LogAIModule: Creating AISystem for world ThirdPersonExampleMap
[2016.12.19-21.55.56:492][  0]LogEditorServer: Finished looking for orphan Actors (0.000 secs)
[2016.12.19-21.55.56:494][  0]Cmd: MAP CHECKDEP NOCLEARLOG
[2016.12.19-21.55.56:533][  0]MapCheck: Info Map check complete: 0 Error(s), 0 Warning(s), took 39.346ms to complete.
[2016.12.19-21.55.56:533][  0]LogFileHelpers: Loading map 'ThirdPersonExampleMap' took 0.567
[2016.12.19-21.55.56:611][  0]LogWindowsTextInputMethodSystem:Display: IME system now deactivated.
[2016.12.19-21.55.56:694][  0]LogCollectionManager: Loaded 0 collections in 0.000824 seconds
[2016.12.19-21.55.56:768][  0]LogFileCache: Scanning file cache for directory 'D:/FREE WORK/DungeonBaseBuilder/DungeonBaseBuilder/UnrealEngineProject/Saved/Collections/' took 0.01s
[2016.12.19-21.55.56:768][  0]LogFileCache: Scanning file cache for directory 'D:/FREE WORK/DungeonBaseBuilder/DungeonBaseBuilder/UnrealEngineProject/Content/Developers/Timothy/Collections/' took 0.01s
[2016.12.19-21.55.56:768][  0]LogFileCache: Scanning file cache for directory 'D:/FREE WORK/DungeonBaseBuilder/DungeonBaseBuilder/UnrealEngineProject/Content/Collections/' took 0.01s
[2016.12.19-21.55.56:768][  0]LogCollectionManager: Rebuilt the GUID cache for 0 collections in 0.000002 seconds
[2016.12.19-21.55.56:779][  0]LogContentBrowser: Native class hierarchy populated in 0.0107 seconds. Added 2205 classes and 434 folders.
[2016.12.19-21.55.56:812][  0]LogStats: UGameplayTagsManager::ConstructGameplayTagTree: Construct from data asset -  0.000 s
[2016.12.19-21.55.56:812][  0]LogStats: UGameplayTagsManager::ConstructGameplayTagTree: GameplayTagTreeChangedEvent.Broadcast -  0.000 s
[2016.12.19-21.55.56:812][  0]LogContentBrowser: Native class hierarchy updated for 'GameplayTags' in 0.0006 seconds. Added 13 classes and 0 folders.
[2016.12.19-21.55.56:869][  0]LogContentBrowser: Native class hierarchy updated for 'WidgetCarousel' in 0.0005 seconds. Added 0 classes and 0 folders.
[2016.12.19-21.55.56:902][  0]LogContentBrowser: Native class hierarchy updated for 'AddContentDialog' in 0.0005 seconds. Added 0 classes and 0 folders.
[2016.12.19-21.55.56:934][  0]LogContentBrowser: Native class hierarchy updated for 'SceneOutliner' in 0.0006 seconds. Added 1 classes and 2 folders.
[2016.12.19-21.55.57:014][  0]LogCrashTracker: Crashtracker disabled due to settings.
[2016.12.19-21.55.57:020][  0]LogUObjectGlobals:Warning: Failed to find object 'Class None.'
[2016.12.19-21.55.57:074][  0]LogContentBrowser: Native class hierarchy updated for 'HierarchicalLODOutliner' in 0.0006 seconds. Added 1 classes and 2 folders.
[2016.12.19-21.55.57:074][  0]LogLoad: (Engine Initialization) Total time: 14.38 seconds
[2016.12.19-21.55.57:074][  0]LogLoad: (Engine Initialization) Total Blueprint compile time: 0.15 seconds
[2016.12.19-21.55.57:074][  0]LogExternalProfiler: Found external profiler: VSPerf
[2016.12.19-21.55.57:074][  0]LogExternalProfiler: Using external profiler: VSPerf
[2016.12.19-21.55.57:091][  0]LogOcInput: OculusInput pre-init called
[2016.12.19-21.55.57:112][  0]SourceControl: Info On branch master
[2016.12.19-21.55.57:112][  0]SourceControl: Info Your branch is up-to-date with 'origin/master'.
[2016.12.19-21.55.57:112][  0]SourceControl: Info Untracked files:
[2016.12.19-21.55.57:112][  0]SourceControl: Info   (use "git add <file>..." to include in what will be committed)
[2016.12.19-21.55.57:112][  0]SourceControl: Info 	UnrealEngineProject/Config/
[2016.12.19-21.55.57:112][  0]SourceControl: Info 	UnrealEngineProject/Content/Geometry/
[2016.12.19-21.55.57:112][  0]SourceControl: Info 	UnrealEngineProject/Content/Mannequin/
[2016.12.19-21.55.57:112][  0]SourceControl: Info 	UnrealEngineProject/Content/StarterContent/
[2016.12.19-21.55.57:112][  0]SourceControl: Info 	UnrealEngineProject/Content/ThirdPerson/
[2016.12.19-21.55.57:112][  0]SourceControl: Info 	UnrealEngineProject/Content/ThirdPersonBP/Blueprints/
[2016.12.19-21.55.57:112][  0]SourceControl: Info 	UnrealEngineProject/Content/ThirdPersonBP/Maps/
[2016.12.19-21.55.57:112][  0]SourceControl: Info 	UnrealEngineProject/Intermediate/
[2016.12.19-21.55.57:112][  0]SourceControl: Info 	UnrealEngineProject/Saved/
[2016.12.19-21.55.57:112][  0]SourceControl: Info nothing added to commit but untracked files present (use "git add" to track)
[2016.12.19-21.55.57:112][  0]LogContentStreaming: Texture pool size now 1000 MB
[2016.12.19-21.55.57:288][  0]LogRenderer: Reallocating scene render targets to support 1312x648 NumSamples 1 (Frame:2).
[2016.12.19-21.55.57:417][  1]LogAssetRegistry: Asset discovery search completed in 7.3329 seconds
[2016.12.19-21.55.57:417][  1]LogCollectionManager: Rebuilt the object cache for 0 collections in 0.000001 seconds (found 0 objects)
[2016.12.19-21.55.57:417][  1]LogCollectionManager: Fixed up redirectors for 0 collections in 0.000017 seconds (updated 0 objects)
[2016.12.19-22.03.53:246][284]LogTemp:Display: Executing iPhonePackager certificates Engine -bundlename com.YourCompany.UnrealEngineProject

[2016.12.19-22.03.53:246][284]LogTemp:Display: CWD: D:\PROGRAM FILES\Epic Games\4.14\Engine\Binaries\DotNet\IOS

[2016.12.19-22.03.53:246][284]LogTemp:Display: Initial Dir: D:\PROGRAM FILES\Epic Games\4.14

[2016.12.19-22.03.53:246][284]LogTemp:Display: Env CWD: D:\PROGRAM FILES\Epic Games\4.14\Engine\Binaries\DotNet\IOS

[2016.12.19-22.03.53:246][284]LogTemp:Display: BranchPath = ALIENWARE/D/PROGRAM FILES/Epic Games/4.14/Engine/Binaries --- GameBranchPath = ALIENWARE/D/PROGRAM FILES/Epic Games/4.14/Engine/Binaries

[2016.12.19-22.03.53:246][284]LogTemp:Display: IPP ERROR: Application exception: System.IO.DirectoryNotFoundException: Could not find a part of the path 'C:\Users\Timothy\AppData\Local\Apple Computer\MobileDevice\Provisioning Profiles'.

[2016.12.19-22.03.53:246][284]LogTemp:Display:    at System.IO.__Error.WinIOError(Int32 errorCode, String maybeFullPath)

[2016.12.19-22.03.53:246][284]LogTemp:Display:    at System.IO.FileSystemEnumerableIterator`1.CommonInit()

[2016.12.19-22.03.53:246][284]LogTemp:Display:    at System.IO.FileSystemEnumerableIterator`1..ctor(String path, String originalUserPath, String searchPattern, SearchOption searchOption, SearchResultHandler`1 resultHandler, Boolean checkHost)

[2016.12.19-22.03.53:246][284]LogTemp:Display:    at System.IO.Directory.EnumerateFiles(String path, String searchPattern)

[2016.12.19-22.03.53:246][284]LogTemp:Display:    at iPhonePackager.CodeSignatureBuilder.FindProvisions(String CFBundleIdentifier)

[2016.12.19-22.03.53:246][284]LogTemp:Display:    at iPhonePackager.Program.Main(String[] args)

[2016.12.19-22.03.53:246][284]LogSlate: Only BGRA pngs, bmps or icos are supported in by External Image Picker
[2016.12.19-22.04.39:292][460]SourceControl: Info fatal: D:/PROGRAM FILES/Epic Games/4.14/Engine/Content/: 'D:/PROGRAM FILES/Epic Games/4.14/Engine/Content/' is outside repository
[2016.12.19-22.04.39:372][460]LogPackageName:Error: Illegal call to DoesPackageExist: '../../../../../../FREE WORK/DungeonBaseBuilder/DungeonBaseBuilder/UnrealEngineProject/UnrealEngineProject.uproject' is not a standard unreal filename or a long path name. Reason: Path should be no less than 4 characters long.
[2016.12.19-22.04.39:382][460]LogStats: FPlatformStackWalk::StackWalkAndDump -  0.010 s
[2016.12.19-22.04.39:382][460]LogOutputDevice:Error: === Handled ensure: ===
[2016.12.19-22.04.39:382][460]LogOutputDevice:Error: 
[2016.12.19-22.04.39:382][460]LogOutputDevice:Error: Ensure condition failed: false [File:D:\Build\++UE4+Release-4.14+Compile\Sync\Engine\Source\Runtime\CoreUObject\Private\Misc\PackageName.cpp] [Line: 624]
[2016.12.19-22.04.39:382][460]LogOutputDevice:Error: Illegal call to DoesPackageExist: '../../../../../../FREE WORK/DungeonBaseBuilder/DungeonBaseBuilder/UnrealEngineProject/UnrealEngineProject.uproject' is not a standard unreal filename or a long path name. Reason: Path should be no less than 4 characters long.
[2016.12.19-22.04.39:382][460]LogOutputDevice:Error: Stack: 
[2016.12.19-22.04.39:382][460]LogOutputDevice:Error: UE4Editor-Core.dll
[2016.12.19-22.04.39:382][460]LogOutputDevice:Error: UE4Editor-Core.dll
[2016.12.19-22.04.39:382][460]LogOutputDevice:Error: UE4Editor-Core.dll
[2016.12.19-22.04.39:382][460]LogOutputDevice:Error: UE4Editor-CoreUObject.dll
[2016.12.19-22.04.39:382][460]LogOutputDevice:Error: UE4Editor-SourceControl.dll
[2016.12.19-22.04.39:382][460]LogOutputDevice:Error: UE4Editor-SourceControl.dll
[2016.12.19-22.04.39:382][460]LogOutputDevice:Error: UE4Editor-SourceControlWindows.dll
[2016.12.19-22.04.39:382][460]LogOutputDevice:Error: UE4Editor-SourceControlWindows.dll
[2016.12.19-22.04.39:382][460]LogOutputDevice:Error: UE4Editor-SourceControlWindows.dll
[2016.12.19-22.04.39:382][460]LogOutputDevice:Error: UE4Editor-SourceControlWindows.dll
[2016.12.19-22.04.39:382][460]LogOutputDevice:Error: UE4Editor-GitSourceControl.dll
[2016.12.19-22.04.39:382][460]LogOutputDevice:Error: UE4Editor-GitSourceControl.dll
[2016.12.19-22.04.39:382][460]LogOutputDevice:Error: UE4Editor-SourceControl.dll
[2016.12.19-22.04.39:382][460]LogOutputDevice:Error: UE4Editor-UnrealEd.dll
[2016.12.19-22.04.39:382][460]LogOutputDevice:Error: UE4Editor-UnrealEd.dll
[2016.12.19-22.04.39:382][460]LogOutputDevice:Error: UE4Editor.exe
[2016.12.19-22.04.39:382][460]LogOutputDevice:Error: UE4Editor.exe
[2016.12.19-22.04.39:382][460]LogOutputDevice:Error: UE4Editor.exe
[2016.12.19-22.04.39:382][460]LogOutputDevice:Error: UE4Editor.exe
[2016.12.19-22.04.39:382][460]LogOutputDevice:Error: UE4Editor.exe
[2016.12.19-22.04.39:382][460]LogOutputDevice:Error: KERNEL32.DLL
[2016.12.19-22.04.39:382][460]LogOutputDevice:Error: ntdll.dll
[2016.12.19-22.04.39:382][460]LogOutputDevice:Error: 
[2016.12.19-22.04.39:386][460]LogStats:                SubmitErrorReport -  0.000 s
