Log file open, 12/23/16 17:38:03
LogInit:Display: Running engine for game: UnrealEngineProject
LogPlatformFile: Not using cached read wrapper
LogInit:Display: RandInit(-607390809) SRandInit(-607390809).
LogTaskGraph: Started task graph with 5 named threads and 8 total threads with 1 sets of task threads.
LogStats: Stats thread started at 0.074537
LogPluginManager: Loaded Plugin Paper2D, From D:/PROGRAM FILES/Epic Games/4.14/Engine/Plugins/2D/Paper2D/Paper2D.uplugin
LogPluginManager: Loaded Plugin LightPropagationVolume, From D:/PROGRAM FILES/Epic Games/4.14/Engine/Plugins/Blendables/LightPropagationVolume/LightPropagationVolume.uplugin
LogPluginManager: Loaded Plugin BlankPlugin, From D:/PROGRAM FILES/Epic Games/4.14/Engine/Plugins/Developer/BlankPlugin/BlankPlugin.uplugin
LogPluginManager: Loaded Plugin CodeLiteSourceCodeAccess, From D:/PROGRAM FILES/Epic Games/4.14/Engine/Plugins/Developer/CodeLiteSourceCodeAccess/CodeLiteSourceCodeAccess.uplugin
LogPluginManager: Loaded Plugin GitSourceControl, From D:/PROGRAM FILES/Epic Games/4.14/Engine/Plugins/Developer/GitSourceControl/GitSourceControl.uplugin
LogPluginManager: Loaded Plugin KDevelopSourceCodeAccess, From D:/PROGRAM FILES/Epic Games/4.14/Engine/Plugins/Developer/KDevelopSourceCodeAccess/KDevelopSourceCodeAccess.uplugin
LogPluginManager: Loaded Plugin NullSourceCodeAccess, From D:/PROGRAM FILES/Epic Games/4.14/Engine/Plugins/Developer/NullSourceCodeAccess/NullSourceCodeAccess.uplugin
LogPluginManager: Loaded Plugin OneSkyLocalizationService, From D:/PROGRAM FILES/Epic Games/4.14/Engine/Plugins/Developer/OneSkyLocalizationService/OneSkyLocalizationService.uplugin
LogPluginManager: Loaded Plugin PerforceSourceControl, From D:/PROGRAM FILES/Epic Games/4.14/Engine/Plugins/Developer/PerforceSourceControl/PerforceSourceControl.uplugin
LogPluginManager: Loaded Plugin SubversionSourceControl, From D:/PROGRAM FILES/Epic Games/4.14/Engine/Plugins/Developer/SubversionSourceControl/SubversionSourceControl.uplugin
LogPluginManager: Loaded Plugin UObjectPlugin, From D:/PROGRAM FILES/Epic Games/4.14/Engine/Plugins/Developer/UObjectPlugin/UObjectPlugin.uplugin
LogPluginManager: Loaded Plugin VisualStudioSourceCodeAccess, From D:/PROGRAM FILES/Epic Games/4.14/Engine/Plugins/Developer/VisualStudioSourceCodeAccess/VisualStudioSourceCodeAccess.uplugin
LogPluginManager: Loaded Plugin XCodeSourceCodeAccess, From D:/PROGRAM FILES/Epic Games/4.14/Engine/Plugins/Developer/XCodeSourceCodeAccess/XCodeSourceCodeAccess.uplugin
LogPluginManager: Loaded Plugin AudioCapture, From D:/PROGRAM FILES/Epic Games/4.14/Engine/Plugins/Editor/AudioCapture/AudioCapture.uplugin
LogPluginManager: Loaded Plugin EpicSurvey, From D:/PROGRAM FILES/Epic Games/4.14/Engine/Plugins/Editor/EpicSurvey/EpicSurvey.uplugin
LogPluginManager: Loaded Plugin MacGraphicsSwitching, From D:/PROGRAM FILES/Epic Games/4.14/Engine/Plugins/Editor/MacGraphicsSwitching/MacGraphicsSwitching.uplugin
LogPluginManager: Loaded Plugin MobileLauncherProfileWizard, From D:/PROGRAM FILES/Epic Games/4.14/Engine/Plugins/Editor/MobileLauncherProfileWizard/MobileLauncherProfileWizard.uplugin
LogPluginManager: Loaded Plugin PluginBrowser, From D:/PROGRAM FILES/Epic Games/4.14/Engine/Plugins/Editor/PluginBrowser/PluginBrowser.uplugin
LogPluginManager: Loaded Plugin SpeedTreeImporter, From D:/PROGRAM FILES/Epic Games/4.14/Engine/Plugins/Editor/SpeedTreeImporter/SpeedTreeImporter.uplugin
LogPluginManager: Loaded Plugin SuperSearchEditor, From D:/PROGRAM FILES/Epic Games/4.14/Engine/Plugins/Editor/SuperSearchEditor/SuperSearchEditor.uplugin
LogPluginManager: Loaded Plugin AlembicImporter, From D:/PROGRAM FILES/Epic Games/4.14/Engine/Plugins/Experimental/AlembicImporter/AlembicImporter.uplugin
LogPluginManager: Loaded Plugin BlueprintStats, From D:/PROGRAM FILES/Epic Games/4.14/Engine/Plugins/Experimental/BlueprintStats/BlueprintStats.uplugin
LogPluginManager: Loaded Plugin CharacterAI, From D:/PROGRAM FILES/Epic Games/4.14/Engine/Plugins/Experimental/CharacterAI/CharacterAI.uplugin
LogPluginManager: Loaded Plugin CodeEditor, From D:/PROGRAM FILES/Epic Games/4.14/Engine/Plugins/Experimental/CodeEditor/CodeEditor.uplugin
LogPluginManager: Loaded Plugin CodeView, From D:/PROGRAM FILES/Epic Games/4.14/Engine/Plugins/Experimental/CodeView/CodeView.uplugin
LogPluginManager: Loaded Plugin HTML5Networking, From D:/PROGRAM FILES/Epic Games/4.14/Engine/Plugins/Experimental/HTML5Networking/HTML5Networking.uplugin
LogPluginManager: Loaded Plugin OSVR, From D:/PROGRAM FILES/Epic Games/4.14/Engine/Plugins/Experimental/OSVR/OSVR.uplugin
LogPluginManager: Loaded Plugin Phya, From D:/PROGRAM FILES/Epic Games/4.14/Engine/Plugins/Experimental/Phya/Phya.uplugin
LogPluginManager: Loaded Plugin SignificanceManager, From D:/PROGRAM FILES/Epic Games/4.14/Engine/Plugins/Experimental/SignificanceManager/SignificanceManager.uplugin
LogPluginManager: Loaded Plugin SimpleHMD, From D:/PROGRAM FILES/Epic Games/4.14/Engine/Plugins/Experimental/SimpleHMD/SimpleHMD.uplugin
LogPluginManager: Loaded Plugin StereoPanorama, From D:/PROGRAM FILES/Epic Games/4.14/Engine/Plugins/Experimental/StereoPanorama/StereoPanorama.uplugin
LogPluginManager: Loaded Plugin StructBox, From D:/PROGRAM FILES/Epic Games/4.14/Engine/Plugins/Experimental/StructBox/StructBox.uplugin
LogPluginManager: Loaded Plugin Substance, From D:/PROGRAM FILES/Epic Games/4.14/Engine/Plugins/Marketplace/Substance/Substance.uplugin
LogPluginManager: Loaded Plugin AndroidMedia, From D:/PROGRAM FILES/Epic Games/4.14/Engine/Plugins/Media/AndroidMedia/AndroidMedia.uplugin
LogPluginManager: Loaded Plugin AvfMedia, From D:/PROGRAM FILES/Epic Games/4.14/Engine/Plugins/Media/AvfMedia/AvfMedia.uplugin
LogPluginManager: Loaded Plugin MediaPlayerEditor, From D:/PROGRAM FILES/Epic Games/4.14/Engine/Plugins/Media/MediaPlayerEditor/MediaPlayerEditor.uplugin
LogPluginManager: Loaded Plugin WmfMedia, From D:/PROGRAM FILES/Epic Games/4.14/Engine/Plugins/Media/WmfMedia/WmfMedia.uplugin
LogPluginManager: Loaded Plugin MessagingDebugger, From D:/PROGRAM FILES/Epic Games/4.14/Engine/Plugins/Messaging/MessagingDebugger/MessagingDebugger.uplugin
LogPluginManager: Loaded Plugin TcpMessaging, From D:/PROGRAM FILES/Epic Games/4.14/Engine/Plugins/Messaging/TcpMessaging/TcpMessaging.uplugin
LogPluginManager: Loaded Plugin UdpMessaging, From D:/PROGRAM FILES/Epic Games/4.14/Engine/Plugins/Messaging/UdpMessaging/UdpMessaging.uplugin
LogPluginManager: Loaded Plugin LevelSequenceEditor, From D:/PROGRAM FILES/Epic Games/4.14/Engine/Plugins/MovieScene/LevelSequenceEditor/LevelSequenceEditor.uplugin
LogPluginManager: Loaded Plugin MatineeToLevelSequence, From D:/PROGRAM FILES/Epic Games/4.14/Engine/Plugins/MovieScene/MatineeToLevelSequence/MatineeToLevelSequence.uplugin
LogPluginManager: Loaded Plugin NetcodeUnitTest, From D:/PROGRAM FILES/Epic Games/4.14/Engine/Plugins/NetcodeUnitTest/NetcodeUnitTest/NetcodeUnitTest.uplugin
LogPluginManager: Loaded Plugin NUTUnrealEngine4, From D:/PROGRAM FILES/Epic Games/4.14/Engine/Plugins/NetcodeUnitTest/NUTUnrealEngine4/NUTUnrealEngine4.uplugin
LogPluginManager: Loaded Plugin OnlineSubsystemGameCircle, From D:/PROGRAM FILES/Epic Games/4.14/Engine/Plugins/Online/Android/OnlineSubsystemGameCircle/OnlineSubsystemGameCircle.uplugin
LogPluginManager: Loaded Plugin OnlineSubsystemGooglePlay, From D:/PROGRAM FILES/Epic Games/4.14/Engine/Plugins/Online/Android/OnlineSubsystemGooglePlay/OnlineSubsystemGooglePlay.uplugin
LogPluginManager: Loaded Plugin OnlineSubsystemIOS, From D:/PROGRAM FILES/Epic Games/4.14/Engine/Plugins/Online/IOS/OnlineSubsystemIOS/OnlineSubsystemIOS.uplugin
LogPluginManager: Loaded Plugin OnlineFramework, From D:/PROGRAM FILES/Epic Games/4.14/Engine/Plugins/Online/OnlineFramework/OnlineFramework.uplugin
LogPluginManager: Loaded Plugin OnlineSubsystem, From D:/PROGRAM FILES/Epic Games/4.14/Engine/Plugins/Online/OnlineSubsystem/OnlineSubsystem.uplugin
LogPluginManager: Loaded Plugin OnlineSubsystemAmazon, From D:/PROGRAM FILES/Epic Games/4.14/Engine/Plugins/Online/OnlineSubsystemAmazon/OnlineSubsystemAmazon.uplugin
LogPluginManager: Loaded Plugin OnlineSubsystemFacebook, From D:/PROGRAM FILES/Epic Games/4.14/Engine/Plugins/Online/OnlineSubsystemFacebook/OnlineSubsystemFacebook.uplugin
LogPluginManager: Loaded Plugin OnlineSubsystemNull, From D:/PROGRAM FILES/Epic Games/4.14/Engine/Plugins/Online/OnlineSubsystemNull/OnlineSubsystemNull.uplugin
LogPluginManager: Loaded Plugin OnlineSubsystemOculus, From D:/PROGRAM FILES/Epic Games/4.14/Engine/Plugins/Online/OnlineSubsystemOculus/OnlineSubsystemOculus.uplugin
LogPluginManager: Loaded Plugin OnlineSubsystemSteam, From D:/PROGRAM FILES/Epic Games/4.14/Engine/Plugins/Online/OnlineSubsystemSteam/OnlineSubsystemSteam.uplugin
LogPluginManager: Loaded Plugin OnlineSubsystemUtils, From D:/PROGRAM FILES/Epic Games/4.14/Engine/Plugins/Online/OnlineSubsystemUtils/OnlineSubsystemUtils.uplugin
LogPluginManager: Loaded Plugin IOSTapJoy, From D:/PROGRAM FILES/Epic Games/4.14/Engine/Plugins/Runtime/Advertising/IOSTapJoy/IOSTapJoy.uplugin
LogPluginManager: Loaded Plugin AnalyticsBlueprintLibrary, From D:/PROGRAM FILES/Epic Games/4.14/Engine/Plugins/Runtime/Analytics/AnalyticsBlueprintLibrary/AnalyticsBlueprintLibrary.uplugin
LogPluginManager: Loaded Plugin AnalyticsMulticast, From D:/PROGRAM FILES/Epic Games/4.14/Engine/Plugins/Runtime/Analytics/AnalyticsMulticast/AnalyticsMulticast.uplugin
LogPluginManager: Loaded Plugin Apsalar, From D:/PROGRAM FILES/Epic Games/4.14/Engine/Plugins/Runtime/Analytics/Apsalar/Apsalar.uplugin
LogPluginManager: Loaded Plugin FileLogging, From D:/PROGRAM FILES/Epic Games/4.14/Engine/Plugins/Runtime/Analytics/FileLogging/FileLogging.uplugin
LogPluginManager: Loaded Plugin Flurry, From D:/PROGRAM FILES/Epic Games/4.14/Engine/Plugins/Runtime/Analytics/Flurry/Flurry.uplugin
LogPluginManager: Loaded Plugin AndroidDeviceProfileSelector, From D:/PROGRAM FILES/Epic Games/4.14/Engine/Plugins/Runtime/AndroidDeviceProfileSelector/AndroidDeviceProfileSelector.uplugin
LogPluginManager: Loaded Plugin AndroidMoviePlayer, From D:/PROGRAM FILES/Epic Games/4.14/Engine/Plugins/Runtime/AndroidMoviePlayer/AndroidMoviePlayer.uplugin
LogPluginManager: Loaded Plugin AppleMoviePlayer, From D:/PROGRAM FILES/Epic Games/4.14/Engine/Plugins/Runtime/AppleMoviePlayer/AppleMoviePlayer.uplugin
LogPluginManager: Loaded Plugin ArchVisCharacter, From D:/PROGRAM FILES/Epic Games/4.14/Engine/Plugins/Runtime/ArchVisCharacter/ArchVisCharacter.uplugin
LogPluginManager: Loaded Plugin CableComponent, From D:/PROGRAM FILES/Epic Games/4.14/Engine/Plugins/Runtime/CableComponent/CableComponent.uplugin
LogPluginManager: Loaded Plugin CustomMeshComponent, From D:/PROGRAM FILES/Epic Games/4.14/Engine/Plugins/Runtime/CustomMeshComponent/CustomMeshComponent.uplugin
LogPluginManager: Loaded Plugin ExampleDeviceProfileSelector, From D:/PROGRAM FILES/Epic Games/4.14/Engine/Plugins/Runtime/ExampleDeviceProfileSelector/ExampleDeviceProfileSelector.uplugin
LogPluginManager: Loaded Plugin GearVR, From D:/PROGRAM FILES/Epic Games/4.14/Engine/Plugins/Runtime/GearVR/GearVR.uplugin
LogPluginManager: Loaded Plugin GoogleVRController, From D:/PROGRAM FILES/Epic Games/4.14/Engine/Plugins/Runtime/GoogleVR/GoogleVRController/GoogleVRController.uplugin
LogPluginManager: Loaded Plugin GoogleVRHMD, From D:/PROGRAM FILES/Epic Games/4.14/Engine/Plugins/Runtime/GoogleVR/GoogleVRHMD/GoogleVRHMD.uplugin
LogPluginManager: Loaded Plugin IOSDeviceProfileSelector, From D:/PROGRAM FILES/Epic Games/4.14/Engine/Plugins/Runtime/IOSDeviceProfileSelector/IOSDeviceProfileSelector.uplugin
LogPluginManager: Loaded Plugin LeapMotion, From D:/PROGRAM FILES/Epic Games/4.14/Engine/Plugins/Runtime/LeapMotion/LeapMotion.uplugin
LogPluginManager: Loaded Plugin LinuxDeviceProfileSelector, From D:/PROGRAM FILES/Epic Games/4.14/Engine/Plugins/Runtime/LinuxDeviceProfileSelector/LinuxDeviceProfileSelector.uplugin
LogPluginManager: Loaded Plugin MIDIDevice, From D:/PROGRAM FILES/Epic Games/4.14/Engine/Plugins/Runtime/MIDIDevice/MIDIDevice.uplugin
LogPluginManager: Loaded Plugin MobilePatchingUtils, From D:/PROGRAM FILES/Epic Games/4.14/Engine/Plugins/Runtime/MobilePatchingUtils/MobilePatchingUtils.uplugin
LogPluginManager: Loaded Plugin Ansel, From D:/PROGRAM FILES/Epic Games/4.14/Engine/Plugins/Runtime/Nvidia/Ansel/Ansel.uplugin
LogPluginManager: Loaded Plugin OculusAudio, From D:/PROGRAM FILES/Epic Games/4.14/Engine/Plugins/Runtime/OculusAudio/OculusAudio.uplugin
LogPluginManager: Loaded Plugin OculusInput, From D:/PROGRAM FILES/Epic Games/4.14/Engine/Plugins/Runtime/OculusInput/OculusInput.uplugin
LogPluginManager: Loaded Plugin OculusLibrary, From D:/PROGRAM FILES/Epic Games/4.14/Engine/Plugins/Runtime/OculusLibrary/OculusLibrary.uplugin
LogPluginManager: Loaded Plugin OculusRift, From D:/PROGRAM FILES/Epic Games/4.14/Engine/Plugins/Runtime/OculusRift/OculusRift.uplugin
LogPluginManager: Loaded Plugin Oodle, From D:/PROGRAM FILES/Epic Games/4.14/Engine/Plugins/Runtime/PacketHandlers/CompressionComponents/Oodle/Oodle.uplugin
LogPluginManager: Loaded Plugin ProceduralMeshComponent, From D:/PROGRAM FILES/Epic Games/4.14/Engine/Plugins/Runtime/ProceduralMeshComponent/ProceduralMeshComponent.uplugin
LogPluginManager: Loaded Plugin SoundMod, From D:/PROGRAM FILES/Epic Games/4.14/Engine/Plugins/Runtime/SoundMod/SoundMod.uplugin
LogPluginManager: Loaded Plugin SoundVisualizations, From D:/PROGRAM FILES/Epic Games/4.14/Engine/Plugins/Runtime/SoundVisualizations/SoundVisualizations.uplugin
LogPluginManager: Loaded Plugin SteamController, From D:/PROGRAM FILES/Epic Games/4.14/Engine/Plugins/Runtime/Steam/SteamController/SteamController.uplugin
LogPluginManager: Loaded Plugin SteamVR, From D:/PROGRAM FILES/Epic Games/4.14/Engine/Plugins/Runtime/Steam/SteamVR/SteamVR.uplugin
LogPluginManager: Loaded Plugin WebBrowserWidget, From D:/PROGRAM FILES/Epic Games/4.14/Engine/Plugins/Runtime/WebBrowserWidget/WebBrowserWidget.uplugin
LogPluginManager: Loaded Plugin WindowsDeviceProfileSelector, From D:/PROGRAM FILES/Epic Games/4.14/Engine/Plugins/Runtime/WindowsDeviceProfileSelector/WindowsDeviceProfileSelector.uplugin
LogPluginManager: Loaded Plugin WindowsMoviePlayer, From D:/PROGRAM FILES/Epic Games/4.14/Engine/Plugins/Runtime/WindowsMoviePlayer/WindowsMoviePlayer.uplugin
LogPluginManager: Loaded Plugin ScriptPlugin, From D:/PROGRAM FILES/Epic Games/4.14/Engine/Plugins/ScriptPlugin/ScriptPlugin.uplugin
LogPluginManager: Loaded Plugin SlateRemote, From D:/PROGRAM FILES/Epic Games/4.14/Engine/Plugins/Slate/SlateRemote/SlateRemote.uplugin
LogPluginManager: Loaded Plugin EditorTests, From D:/PROGRAM FILES/Epic Games/4.14/Engine/Plugins/Tests/EditorTests/EditorTests.uplugin
LogPluginManager: Loaded Plugin FbxAutomationTestBuilder, From D:/PROGRAM FILES/Epic Games/4.14/Engine/Plugins/Tests/FbxAutomationTestBuilder/FbxAutomationTestBuilder.uplugin
LogPluginManager: Loaded Plugin FunctionalTestingEditor, From D:/PROGRAM FILES/Epic Games/4.14/Engine/Plugins/Tests/FunctionalTestingEditor/FunctionalTestingEditor.uplugin
LogPluginManager: Loaded Plugin RuntimeTests, From D:/PROGRAM FILES/Epic Games/4.14/Engine/Plugins/Tests/RuntimeTests/RuntimeTests.uplugin
LogPluginManager: Loaded Plugin ScreenshotTools, From D:/PROGRAM FILES/Epic Games/4.14/Engine/Plugins/Tests/ScreenshotTools/ScreenshotTools.uplugin
LogInit: Using libcurl 7.47.1
LogInit:  - built for x86_64-pc-win32
LogInit:  - supports SSL with OpenSSL/1.0.2g
LogInit:  - supports HTTP deflate (compression) using libz 1.2.8
LogInit:  - other features:
LogInit:      CURL_VERSION_SSL
LogInit:      CURL_VERSION_LIBZ
LogInit:      CURL_VERSION_IPV6
LogInit:      CURL_VERSION_ASYNCHDNS
LogInit:      CURL_VERSION_LARGEFILE
LogInit:      CURL_VERSION_IDN
LogInit:  CurlRequestOptions (configurable via config and command line):
LogInit:  - bVerifyPeer = false  - Libcurl will NOT verify peer certificate
LogInit:  - bUseHttpProxy = false  - Libcurl will NOT use HTTP proxy
LogInit:  - bDontReuseConnections = false  - Libcurl will reuse connections
LogInit:  - CertBundlePath = nullptr  - Libcurl will use whatever was configured at build time.
LogInit: Build: ++UE4+Release-4.14-CL-3224400
LogInit: Engine Version: 4.14.1-3224400+++UE4+Release-4.14
LogInit: Compatible Engine Version: 4.14.0-3195953+++UE4+Release-4.14
LogInit: Net CL: 3195953
LogDevObjectVersion: Number of dev versions registered: 13
LogDevObjectVersion:   Dev-Blueprints (B0D832E4-1F89-4F0D-ACCF-7EB736FD4AA2): 7
LogDevObjectVersion:   Dev-Build (E1C64328-A22C-4D53-A36C-8E866417BD8C): 0
LogDevObjectVersion:   Dev-Core (375EC13C-06E4-48FB-B500-84F0262A717E): 1
LogDevObjectVersion:   Dev-Editor (E4B068ED-F494-42E9-A231-DA0B2E46BB41): 8
LogDevObjectVersion:   Dev-Framework (CFFC743F-43B0-4480-9391-14DF171D2073): 17
LogDevObjectVersion:   Dev-Mobile (B02B49B5-BB20-44E9-A304-32B752E40360): 0
LogDevObjectVersion:   Dev-Networking (A4E4105C-59A1-49B5-A7C5-40C4547EDFEE): 0
LogDevObjectVersion:   Dev-Online (39C831C9-5AE6-47DC-9A44-9C173E1C8E7C): 0
LogDevObjectVersion:   Dev-Physics (78F01B33-EBEA-4F98-B9B4-84EACCB95AA2): 0
LogDevObjectVersion:   Dev-Platform (6631380F-2D4D-43E0-8009-CF276956A95A): 0
LogDevObjectVersion:   Dev-Rendering (12F88B9F-8875-4AFC-A67C-D90C383ABD29): 12
LogDevObjectVersion:   Dev-Sequencer (7B5AE74C-D270-4C10-A958-57980B212A5A): 1
LogDevObjectVersion:   Dev-VR (D7296918-1DD6-4BDD-9DE2-64A83CC13884): 0
LogInit: Compiled (64-bit): Dec  7 2016 02:14:32
LogInit: Compiled with Visual C++: 19.00.23026.00
LogInit: Build Configuration: Development
LogInit: Branch Name: ++UE4+Release-4.14
LogInit: Command line:  
LogInit: Base directory: D:/PROGRAM FILES/Epic Games/4.14/Engine/Binaries/Win64/
LogInit: Installed Engine Build: 1
LogInit: Presizing for max 8388607 objects, including 0 objects not considered by GC, pre-allocating 0 bytes for permanent pool.
LogInit: Object subsystem initialized
[2016.12.23-17.38.03:321][  0]LogInit: Selected Device Profile: [Windows]
[2016.12.23-17.38.03:321][  0]LogInit: Applying CVar settings loaded from the selected device profile: [Windows]
[2016.12.23-17.38.03:331][  0]LogInit: Computer: ALIENWARE
[2016.12.23-17.38.03:331][  0]LogInit: User: Timothy
[2016.12.23-17.38.03:331][  0]LogInit: CPU Page size=65536, Cores=4
[2016.12.23-17.38.03:331][  0]LogInit: High frequency timer resolution =2.533320 MHz
[2016.12.23-17.38.03:332][  0]LogMemory: Memory total: Physical=15.9GB (16GB approx)
[2016.12.23-17.38.03:332][  0]LogMemory: Platform Memory Stats for Windows
[2016.12.23-17.38.03:332][  0]LogMemory: Process Physical Memory: 266.05 MB used, 266.05 MB peak
[2016.12.23-17.38.03:332][  0]LogMemory: Process Virtual Memory: 263.04 MB used, 263.04 MB peak
[2016.12.23-17.38.03:332][  0]LogMemory: Physical Memory: 6796.45 MB used,  9466.82 MB free, 16263.27 MB total
[2016.12.23-17.38.03:332][  0]LogMemory: Virtual Memory: 656.46 MB used,  9466.82 MB free, 134217728.00 MB total
[2016.12.23-17.38.03:361][  0]LogTextLocalizationManager: No specific translations for ('en-GB') exist, so ('en') translations will be used.
[2016.12.23-17.38.04:002][  0]LogD3D11RHI: D3D11 adapters:
[2016.12.23-17.38.04:528][  0]LogD3D11RHI:    0. 'NVIDIA GeForce GTX 970M' (Feature Level 11_0)
[2016.12.23-17.38.04:528][  0]LogD3D11RHI:       6019/0/8131 MB DedicatedVideo/DedicatedSystem/SharedSystem, Outputs:2, VendorId:0x10de
[2016.12.23-17.38.05:049][  0]LogD3D11RHI:    1. 'NVIDIA GeForce GTX 970M' (Feature Level 11_0)
[2016.12.23-17.38.05:049][  0]LogD3D11RHI:       6019/0/8131 MB DedicatedVideo/DedicatedSystem/SharedSystem, Outputs:0, VendorId:0x10de
[2016.12.23-17.38.05:050][  0]LogD3D11RHI:    2. 'Microsoft Basic Render Driver' (Feature Level 11_0)
[2016.12.23-17.38.05:050][  0]LogD3D11RHI:       6019/0/8131 MB DedicatedVideo/DedicatedSystem/SharedSystem, Outputs:0, VendorId:0x1414
[2016.12.23-17.38.05:050][  0]LogD3D11RHI: Chosen D3D11 Adapter: 0
[2016.12.23-17.38.05:057][  0]LogD3D11RHI: Creating new Direct3DDevice
[2016.12.23-17.38.05:057][  0]LogD3D11RHI:     GPU DeviceId: 0x13d8 (for the marketing name, search the web for "GPU Device Id")
[2016.12.23-17.38.05:057][  0]LogWindows: EnumDisplayDevices:
[2016.12.23-17.38.05:057][  0]LogWindows:    0. 'Intel(R) HD Graphics 4000' (P:0 D:1)
[2016.12.23-17.38.05:057][  0]LogWindows:    1. 'Intel(R) HD Graphics 4000' (P:1 D:1)
[2016.12.23-17.38.05:057][  0]LogWindows:    2. 'Intel(R) HD Graphics 4000' (P:0 D:0)
[2016.12.23-17.38.05:057][  0]LogWindows:    3. 'NVIDIA GeForce GTX 970M' (P:0 D:0)
[2016.12.23-17.38.05:058][  0]LogWindows:    4. 'NVIDIA GeForce GTX 970M' (P:0 D:0)
[2016.12.23-17.38.05:058][  0]LogWindows:    5. 'NVIDIA GeForce GTX 970M' (P:0 D:0)
[2016.12.23-17.38.05:058][  0]LogWindows:    6. 'NVIDIA GeForce GTX 970M' (P:0 D:0)
[2016.12.23-17.38.05:058][  0]LogWindows: DebugString: PrimaryIsNotTheChoosenAdapter PrimaryIsNotTheChoosenAdapter PrimaryIsNotTheChoosenAdapter FoundDriverCount:4 
[2016.12.23-17.38.05:058][  0]LogD3D11RHI:     Adapter Name: NVIDIA GeForce GTX 970M
[2016.12.23-17.38.05:058][  0]LogD3D11RHI:   Driver Version: 375.63 (internal:21.21.13.7563, unified:375.63)
[2016.12.23-17.38.05:058][  0]LogD3D11RHI:      Driver Date: 10-21-2016
[2016.12.23-17.38.05:058][  0]LogRHI: Texture pool is 1361 MB (70% of 1945 MB)
[2016.12.23-17.38.05:594][  0]LogD3D11RHI: Async texture creation enabled
[2016.12.23-17.38.05:661][  0]LogD3D11RHI: GPU Timing Frequency: 1000.000000 (Debug: 2 2)
[2016.12.23-17.38.05:661][  0]LogShaderCompilers: Guid format shader working directory is -39 characters bigger than the processId version (../../../../../../FREE WORK/DungeonBaseBuilder/DungeonBaseBuilder/UnrealEngineProject/Intermediate/Shaders/WorkingDirectory/141264/).
[2016.12.23-17.38.05:661][  0]LogShaderCompilers: Cleaned the shader compiler working directory 'C:/Users/Timothy/AppData/Local/Temp/UnrealShaderWorkingDir/93F2B5294DC16F2297DECBB640F29379/'.
[2016.12.23-17.38.05:661][  0]LogShaderCompilers:Display: Using Local Shader Compiler.
[2016.12.23-17.38.07:085][  0]LogTemp:Display: Loaded TP AllDesktopTargetPlatform
[2016.12.23-17.38.07:132][  0]LogTemp:Display: Loaded TP MacClientTargetPlatform
[2016.12.23-17.38.07:178][  0]LogTemp:Display: Loaded TP MacNoEditorTargetPlatform
[2016.12.23-17.38.07:225][  0]LogTemp:Display: Loaded TP MacServerTargetPlatform
[2016.12.23-17.38.07:272][  0]LogTemp:Display: Loaded TP MacTargetPlatform
[2016.12.23-17.38.07:318][  0]LogTemp:Display: Loaded TP WindowsClientTargetPlatform
[2016.12.23-17.38.07:364][  0]LogTemp:Display: Loaded TP WindowsNoEditorTargetPlatform
[2016.12.23-17.38.07:431][  0]LogTemp:Display: Loaded TP WindowsServerTargetPlatform
[2016.12.23-17.38.07:468][  0]LogTemp:Display: Loaded TP WindowsTargetPlatform
[2016.12.23-17.38.07:517][  0]LogTemp:Display: Loaded TP AndroidTargetPlatform
[2016.12.23-17.38.07:565][  0]LogTemp:Display: Loaded TP Android_ASTCTargetPlatform
[2016.12.23-17.38.07:613][  0]LogTemp:Display: Loaded TP Android_ATCTargetPlatform
[2016.12.23-17.38.07:658][  0]LogTemp:Display: Loaded TP Android_DXTTargetPlatform
[2016.12.23-17.38.07:703][  0]LogTemp:Display: Loaded TP Android_ETC1TargetPlatform
[2016.12.23-17.38.07:749][  0]LogTemp:Display: Loaded TP Android_ETC2TargetPlatform
[2016.12.23-17.38.07:839][  0]LogTemp:Display: Loaded TP Android_MultiTargetPlatform
[2016.12.23-17.38.07:839][  0]LogTemp:Display: Loaded TP Android_PVRTCTargetPlatform
[2016.12.23-17.38.07:866][  0]LogTemp:Display: Loaded TP HTML5TargetPlatform
[2016.12.23-17.38.07:938][  0]LogTemp:Display: Loaded TP IOSTargetPlatform
[2016.12.23-17.38.07:970][  0]LogTemp:Display: Loaded TP TVOSTargetPlatform
[2016.12.23-17.38.08:016][  0]LogTemp:Display: Loaded TP LinuxClientTargetPlatform
[2016.12.23-17.38.08:062][  0]LogTemp:Display: Loaded TP LinuxNoEditorTargetPlatform
[2016.12.23-17.38.08:107][  0]LogTemp:Display: Loaded TP LinuxServerTargetPlatform
[2016.12.23-17.38.08:152][  0]LogTemp:Display: Loaded TP LinuxTargetPlatform
[2016.12.23-17.38.08:152][  0]LogTargetPlatformManager:Display: Building Assets For Windows
[2016.12.23-17.38.08:452][  0]LogDerivedDataCache:Display: Max Cache Size: 512 MB
[2016.12.23-17.38.08:529][  0]LogDerivedDataCache: Loaded boot cache 0.08s 50MB C:/Users/Timothy/AppData/Local/UnrealEngine/4.14/DerivedDataCache/Boot.ddc.
[2016.12.23-17.38.08:529][  0]LogDerivedDataCache:Display: Loaded Boot cache: C:/Users/Timothy/AppData/Local/UnrealEngine/4.14/DerivedDataCache/Boot.ddc
[2016.12.23-17.38.08:529][  0]LogDerivedDataCache: FDerivedDataBackendGraph:  Pak pak cache file ../../../../../../FREE WORK/DungeonBaseBuilder/DungeonBaseBuilder/UnrealEngineProject/DerivedDataCache/DDC.ddp not found, will not use a pak cache.
[2016.12.23-17.38.08:529][  0]LogDerivedDataCache: Unable to find inner node Pak for hierarchical cache Hierarchy.
[2016.12.23-17.38.08:530][  0]LogDerivedDataCache: FDerivedDataBackendGraph:  CompressedPak pak cache file ../../../../../../FREE WORK/DungeonBaseBuilder/DungeonBaseBuilder/UnrealEngineProject/DerivedDataCache/Compressed.ddp not found, will not use a pak cache.
[2016.12.23-17.38.08:530][  0]LogDerivedDataCache: Unable to find inner node CompressedPak for hierarchical cache Hierarchy.
[2016.12.23-17.38.08:550][  0]LogDerivedDataCache:Display: Pak cache opened for reading ../../../Engine/DerivedDataCache/Compressed.ddp.
[2016.12.23-17.38.08:562][  0]LogDerivedDataCache: Using Local data cache path C:/Users/Timothy/AppData/Local/UnrealEngine/Common/DerivedDataCache: Writable
[2016.12.23-17.38.08:815][  0]LogInit: Selected Device Profile: [Windows]
[2016.12.23-17.38.08:819][  0]LogContentStreaming: Texture pool size is 0.00 MB
[2016.12.23-17.38.09:055][  0]LogMeshUtilities: Using QuadricMeshReduction for automatic static mesh reduction
[2016.12.23-17.38.09:089][  0]LogSimplygon: Simplygon DLL not present - disabling.
[2016.12.23-17.38.09:122][  0]LogMeshUtilities: Using SimplygonSwarm for distributed automatic mesh merging
[2016.12.23-17.38.09:122][  0]LogMeshUtilities: No automatic skeletal mesh reduction module available
[2016.12.23-17.38.09:122][  0]LogMeshUtilities: No automatic mesh merging module available
[2016.12.23-17.38.09:751][  0]LogNetVersion: GetLocalNetworkVersion: CL: 3195953, ProjectName: unrealengineproject, ProjectVersion: , EngineNetworkVersion: 2, GameNetworkVersion: 0, NetworkChecksum: 1211331517
[2016.12.23-17.38.09:813][  0]LogAssetRegistry: FAssetRegistry took 0.0223 seconds to start up
[2016.12.23-17.38.09:859][  0]LogPackageLocalizationCache: Processed 3 localized package path(s) for 2 prioritized culture(s) in 0.024947 seconds
[2016.12.23-17.38.09:865][  0]LogUObjectArray: 31946 objects as part of root set at end of initial load.
[2016.12.23-17.38.09:865][  0]LogUObjectAllocator: 6935840 out of 0 bytes used by permanent object pool.
[2016.12.23-17.38.09:865][  0]LogUObjectArray: CloseDisregardForGC: 0/0 objects in disregard for GC pool
[2016.12.23-17.38.09:917][  0]LogInit: WinSock: version 1.1 (2.2), MaxSocks=32767, MaxUdp=65467
[2016.12.23-17.38.10:515][  0]LogSlate: Using Freetype 2.6.0
[2016.12.23-17.38.10:515][  0]LogSlate: SlateFontCache - WITH_FREETYPE: 1, WITH_HARFBUZZ: 1
[2016.12.23-17.38.10:515][  0]LogSlate: SlateFontCache - WITH_FREETYPE: 1, WITH_HARFBUZZ: 1
[2016.12.23-17.38.11:262][  0]LogSubstanceCoreModule: Substance CPU Engine Loaded, Max Texture Size 2048
[2016.12.23-17.38.11:283][  0]LogTcpMessaging: Initializing TcpMessaging bridge
[2016.12.23-17.38.11:318][  0]LogUdpMessaging: Initializing bridge on interface 0.0.0.0:0 to multicast group 230.0.0.1:6666.
[2016.12.23-17.38.11:571][  0]LogMaterial: Uniform references updated for custom material expression Custom.
[2016.12.23-17.38.11:872][  0]SourceControl: Info Source control is disabled
[2016.12.23-17.38.13:085][  0]LogEngine: Initializing Engine...
[2016.12.23-17.38.13:086][  0]LogHMD: Failed to initialize OpenVR with code 110
[2016.12.23-17.38.13:310][  0]LogAIModule: Creating AISystem for world Untitled
[2016.12.23-17.38.13:322][  0]LogInit: XAudio2 using 'Speakers (Logitech G35 Gaming Headset)' : 2 channels at 44.1 kHz using 16 bits per sample (channel mask 0x3)
[2016.12.23-17.38.13:327][  0]LogInit: FAudioDevice initialized.
[2016.12.23-17.38.13:354][  0]LogDerivedDataCache: Saved boot cache 0.03s 50MB C:/Users/Timothy/AppData/Local/UnrealEngine/4.14/DerivedDataCache/Boot.ddc.
[2016.12.23-17.38.13:359][  0]LogInit: Texture streaming: Enabled
[2016.12.23-17.38.13:493][  0]LogInit: Transaction tracking system initialized
[2016.12.23-17.38.13:737][  0]BlueprintLog: New page: Editor Load
[2016.12.23-17.38.14:441][  0]LocalizationService: Info Localization service is disabled
[2016.12.23-17.38.14:951][  0]LogConsoleResponse:Display: 
[2016.12.23-17.38.15:094][  0]LogCook:Display: Max memory allowance for cook 16384mb min free memory 0mb
[2016.12.23-17.38.15:094][  0]LogCook:Display: Mobile HDR setting 1
[2016.12.23-17.38.15:857][  0]LogFileCache: Scanning file cache for directory 'D:/FREE WORK/DungeonBaseBuilder/DungeonBaseBuilder/UnrealEngineProject/Content/' took 0.01s
[2016.12.23-17.38.15:857][  0]Cmd: MAP LOAD FILE="../../../../../../FREE WORK/DungeonBaseBuilder/DungeonBaseBuilder/UnrealEngineProject/Content/Scenes/Timothy.umap" TEMPLATE=0 SHOWPROGRESS=1 FEATURELEVEL=3
[2016.12.23-17.38.15:858][  0]LightingResults: New page: Lighting Build
[2016.12.23-17.38.15:887][  0]MapCheck: New page: Map Check
[2016.12.23-17.38.15:887][  0]LightingResults: New page: Lighting Build
[2016.12.23-17.38.16:579][  0]LogAIModule: Creating AISystem for world Timothy
[2016.12.23-17.38.16:611][  0]LogEditorServer: Finished looking for orphan Actors (0.000 secs)
[2016.12.23-17.38.16:625][  0]Cmd: MAP CHECKDEP NOCLEARLOG
[2016.12.23-17.38.16:662][  0]MapCheck: Info Map check complete: 0 Error(s), 0 Warning(s), took 36.852ms to complete.
[2016.12.23-17.38.16:662][  0]LogFileHelpers: Loading map 'Timothy' took 0.805
[2016.12.23-17.38.16:791][  0]LogCollectionManager: Loaded 0 collections in 0.000924 seconds
[2016.12.23-17.38.16:864][  0]LogFileCache: Scanning file cache for directory 'D:/FREE WORK/DungeonBaseBuilder/DungeonBaseBuilder/UnrealEngineProject/Saved/Collections/' took 0.01s
[2016.12.23-17.38.16:864][  0]LogFileCache: Scanning file cache for directory 'D:/FREE WORK/DungeonBaseBuilder/DungeonBaseBuilder/UnrealEngineProject/Content/Developers/Timothy/Collections/' took 0.01s
[2016.12.23-17.38.16:864][  0]LogFileCache: Scanning file cache for directory 'D:/FREE WORK/DungeonBaseBuilder/DungeonBaseBuilder/UnrealEngineProject/Content/Collections/' took 0.01s
[2016.12.23-17.38.16:864][  0]LogCollectionManager: Rebuilt the GUID cache for 0 collections in 0.000002 seconds
[2016.12.23-17.38.16:873][  0]LogContentBrowser: Native class hierarchy populated in 0.0097 seconds. Added 2205 classes and 434 folders.
[2016.12.23-17.38.16:903][  0]LogStats: UGameplayTagsManager::ConstructGameplayTagTree: Construct from data asset -  0.000 s
[2016.12.23-17.38.16:903][  0]LogStats: UGameplayTagsManager::ConstructGameplayTagTree: GameplayTagTreeChangedEvent.Broadcast -  0.000 s
[2016.12.23-17.38.16:904][  0]LogContentBrowser: Native class hierarchy updated for 'GameplayTags' in 0.0005 seconds. Added 13 classes and 0 folders.
[2016.12.23-17.38.16:947][  0]LogContentBrowser: Native class hierarchy updated for 'WidgetCarousel' in 0.0005 seconds. Added 0 classes and 0 folders.
[2016.12.23-17.38.16:983][  0]LogContentBrowser: Native class hierarchy updated for 'AddContentDialog' in 0.0005 seconds. Added 0 classes and 0 folders.
[2016.12.23-17.38.17:014][  0]LogContentBrowser: Native class hierarchy updated for 'SceneOutliner' in 0.0005 seconds. Added 1 classes and 2 folders.
[2016.12.23-17.38.17:121][  0]LogCrashTracker: Crashtracker disabled due to settings.
[2016.12.23-17.38.17:126][  0]LogUObjectGlobals:Warning: Failed to find object 'Class None.'
[2016.12.23-17.38.17:181][  0]LogContentBrowser: Native class hierarchy updated for 'HierarchicalLODOutliner' in 0.0006 seconds. Added 1 classes and 2 folders.
[2016.12.23-17.38.17:181][  0]LogLoad: (Engine Initialization) Total time: 15.13 seconds
[2016.12.23-17.38.17:181][  0]LogLoad: (Engine Initialization) Total Blueprint compile time: 0.24 seconds
[2016.12.23-17.38.17:181][  0]LogExternalProfiler: Found external profiler: VSPerf
[2016.12.23-17.38.17:181][  0]LogExternalProfiler: Using external profiler: VSPerf
[2016.12.23-17.38.17:521][  0]LogOcInput: OculusInput pre-init called
[2016.12.23-17.38.17:543][  0]SourceControl: Info On branch master
[2016.12.23-17.38.17:543][  0]SourceControl: Info Your branch is ahead of 'origin/master' by 1 commit.
[2016.12.23-17.38.17:543][  0]SourceControl: Info   (use "git push" to publish your local commits)
[2016.12.23-17.38.17:543][  0]SourceControl: Info Changes to be committed:
[2016.12.23-17.38.17:544][  0]SourceControl: Info   (use "git reset HEAD <file>..." to unstage)
[2016.12.23-17.38.17:544][  0]SourceControl: Info 	new file:   UnrealEngineProject/Content/Textures/MouseCursor.uasset
[2016.12.23-17.38.17:544][  0]SourceControl: Info 	deleted:    UnrealEngineProject/Content/ThirdPersonBP/Blueprints/BP_EnemyCharacter.uasset
[2016.12.23-17.38.17:544][  0]SourceControl: Info 	new file:   UnrealEngineProject/Content/Widgets/MouseCursor.uasset
[2016.12.23-17.38.17:544][  0]SourceControl: Info Changes not staged for commit:
[2016.12.23-17.38.17:544][  0]SourceControl: Info   (use "git add <file>..." to update what will be committed)
[2016.12.23-17.38.17:544][  0]SourceControl: Info   (use "git checkout -- <file>..." to discard changes in working directory)
[2016.12.23-17.38.17:544][  0]SourceControl: Info 	modified:   UnrealEngineProject/Config/DefaultEngine.ini
[2016.12.23-17.38.17:544][  0]SourceControl: Info 	modified:   UnrealEngineProject/Content/Blueprints/BP_BaseCube.uasset
[2016.12.23-17.38.17:544][  0]SourceControl: Info 	modified:   UnrealEngineProject/Content/Scenes/Timothy.umap
[2016.12.23-17.38.17:544][  0]SourceControl: Info 	modified:   UnrealEngineProject/Content/Scenes/Timothy_BuiltData.uasset
[2016.12.23-17.38.17:544][  0]SourceControl: Info 	modified:   UnrealEngineProject/Content/ThirdPersonBP/Blueprints/ThirdPersonCharacter.uasset
[2016.12.23-17.38.17:544][  0]SourceControl: Info 	modified:   UnrealEngineProject/Content/ThirdPersonBP/Blueprints/ThirdPersonController.uasset
[2016.12.23-17.38.17:544][  0]SourceControl: Info 	modified:   UnrealEngineProject/Intermediate/CachedAssetRegistry.bin
[2016.12.23-17.38.17:544][  0]SourceControl: Info 	modified:   UnrealEngineProject/Intermediate/Config/CoalescedSourceConfigs/Engine.ini
[2016.12.23-17.38.17:544][  0]SourceControl: Info 	modified:   UnrealEngineProject/Saved/AutoScreenshot.png
[2016.12.23-17.38.17:544][  0]SourceControl: Info 	modified:   UnrealEngineProject/Saved/Autosaves/Game/Blueprints/BP_BaseCube_Auto0.uasset
[2016.12.23-17.38.17:544][  0]SourceControl: Info 	modified:   UnrealEngineProject/Saved/Autosaves/Game/Blueprints/BP_BaseCube_Auto1.uasset
[2016.12.23-17.38.17:544][  0]SourceControl: Info 	modified:   UnrealEngineProject/Saved/Autosaves/Game/Blueprints/BP_BaseCube_Auto2.uasset
[2016.12.23-17.38.17:544][  0]SourceControl: Info 	modified:   UnrealEngineProject/Saved/Autosaves/Game/Blueprints/BP_BaseCube_Auto3.uasset
[2016.12.23-17.38.17:544][  0]SourceControl: Info 	modified:   UnrealEngineProject/Saved/Autosaves/Game/Blueprints/BP_BaseCube_Auto4.uasset
[2016.12.23-17.38.17:544][  0]SourceControl: Info 	modified:   UnrealEngineProject/Saved/Autosaves/Game/Blueprints/BP_BaseCube_Auto5.uasset
[2016.12.23-17.38.17:544][  0]SourceControl: Info 	modified:   UnrealEngineProject/Saved/Autosaves/Game/Blueprints/BP_BaseCube_Auto6.uasset
[2016.12.23-17.38.17:544][  0]SourceControl: Info 	modified:   UnrealEngineProject/Saved/Autosaves/Game/Blueprints/BP_BaseCube_Auto8.uasset
[2016.12.23-17.38.17:544][  0]SourceControl: Info 	modified:   UnrealEngineProject/Saved/Autosaves/Game/Blueprints/BP_BaseCube_Auto9.uasset
[2016.12.23-17.38.17:544][  0]SourceControl: Info 	modified:   UnrealEngineProject/Saved/Autosaves/Game/Scenes/Timothy_Auto0.umap
[2016.12.23-17.38.17:544][  0]SourceControl: Info 	modified:   UnrealEngineProject/Saved/Autosaves/Game/Scenes/Timothy_Auto1.umap
[2016.12.23-17.38.17:544][  0]SourceControl: Info 	modified:   UnrealEngineProject/Saved/Autosaves/Game/Scenes/Timothy_Auto2.umap
[2016.12.23-17.38.17:544][  0]SourceControl: Info 	modified:   UnrealEngineProject/Saved/Autosaves/Game/Scenes/Timothy_Auto3.umap
[2016.12.23-17.38.17:544][  0]SourceControl: Info 	modified:   UnrealEngineProject/Saved/Autosaves/Game/Scenes/Timothy_Auto4.umap
[2016.12.23-17.38.17:544][  0]SourceControl: Info 	modified:   UnrealEngineProject/Saved/Autosaves/Game/Scenes/Timothy_Auto5.umap
[2016.12.23-17.38.17:544][  0]SourceControl: Info 	modified:   UnrealEngineProject/Saved/Autosaves/Game/Scenes/Timothy_Auto6.umap
[2016.12.23-17.38.17:544][  0]SourceControl: Info 	modified:   UnrealEngineProject/Saved/Autosaves/Game/Scenes/Timothy_Auto8.umap
[2016.12.23-17.38.17:544][  0]SourceControl: Info 	modified:   UnrealEngineProject/Saved/Autosaves/Game/Scenes/Timothy_Auto9.umap
[2016.12.23-17.38.17:544][  0]SourceControl: Info 	modified:   UnrealEngineProject/Saved/Autosaves/Game/ThirdPersonBP/Blueprints/ThirdPersonCharacter_Auto0.uasset
[2016.12.23-17.38.17:544][  0]SourceControl: Info 	modified:   UnrealEngineProject/Saved/Autosaves/Game/ThirdPersonBP/Blueprints/ThirdPersonCharacter_Auto1.uasset
[2016.12.23-17.38.17:544][  0]SourceControl: Info 	modified:   UnrealEngineProject/Saved/Autosaves/Game/ThirdPersonBP/Blueprints/ThirdPersonCharacter_Auto3.uasset
[2016.12.23-17.38.17:544][  0]SourceControl: Info 	modified:   UnrealEngineProject/Saved/Autosaves/Game/ThirdPersonBP/Blueprints/ThirdPersonCharacter_Auto4.uasset
[2016.12.23-17.38.17:544][  0]SourceControl: Info 	modified:   UnrealEngineProject/Saved/Autosaves/Game/ThirdPersonBP/Blueprints/ThirdPersonCharacter_Auto5.uasset
[2016.12.23-17.38.17:544][  0]SourceControl: Info 	modified:   UnrealEngineProject/Saved/Autosaves/Game/ThirdPersonBP/Blueprints/ThirdPersonCharacter_Auto6.uasset
[2016.12.23-17.38.17:544][  0]SourceControl: Info 	modified:   UnrealEngineProject/Saved/Autosaves/Game/ThirdPersonBP/Blueprints/ThirdPersonCharacter_Auto7.uasset
[2016.12.23-17.38.17:544][  0]SourceControl: Info 	modified:   UnrealEngineProject/Saved/Autosaves/Game/ThirdPersonBP/Blueprints/ThirdPersonCharacter_Auto8.uasset
[2016.12.23-17.38.17:544][  0]SourceControl: Info 	modified:   UnrealEngineProject/Saved/Autosaves/Game/ThirdPersonBP/Blueprints/ThirdPersonCharacter_Auto9.uasset
[2016.12.23-17.38.17:544][  0]SourceControl: Info 	modified:   UnrealEngineProject/Saved/Config/Windows/EditorPerProjectUserSettings.ini
[2016.12.23-17.38.17:544][  0]SourceControl: Info 	modified:   UnrealEngineProject/Saved/Config/Windows/Engine.ini
[2016.12.23-17.38.17:544][  0]SourceControl: Info 	modified:   UnrealEngineProject/Saved/Logs/UnrealEngineProject.log
[2016.12.23-17.38.17:544][  0]SourceControl: Info Untracked files:
[2016.12.23-17.38.17:544][  0]SourceControl: Info   (use "git add <file>..." to include in what will be committed)
[2016.12.23-17.38.17:544][  0]SourceControl: Info 	UnrealEngineProject/Saved/Autosaves/Game/Textures/
[2016.12.23-17.38.17:544][  0]SourceControl: Info 	UnrealEngineProject/Saved/Autosaves/Game/ThirdPersonBP/Blueprints/ThirdPersonCharacter_Auto2.uasset
[2016.12.23-17.38.17:544][  0]SourceControl: Info 	UnrealEngineProject/Saved/Autosaves/Game/ThirdPersonBP/Blueprints/ThirdPersonController_Auto1.uasset
[2016.12.23-17.38.17:544][  0]SourceControl: Info 	UnrealEngineProject/Saved/Autosaves/Game/ThirdPersonBP/Blueprints/ThirdPersonController_Auto2.uasset
[2016.12.23-17.38.17:544][  0]SourceControl: Info 	UnrealEngineProject/Saved/Autosaves/Game/ThirdPersonBP/Blueprints/ThirdPersonController_Auto3.uasset
[2016.12.23-17.38.17:544][  0]SourceControl: Info 	UnrealEngineProject/Saved/Autosaves/Game/Widgets/MouseCursor_Auto1.uasset
[2016.12.23-17.38.17:544][  0]SourceControl: Info 	UnrealEngineProject/Saved/Autosaves/Game/Widgets/MouseCursor_Auto2.uasset
[2016.12.23-17.38.17:544][  0]SourceControl: Info 	UnrealEngineProject/Saved/Backup/BP_BaseCube_2016-12-23-13-43-01.uasset
[2016.12.23-17.38.17:544][  0]SourceControl: Info 	UnrealEngineProject/Saved/Backup/BP_BaseCube_2016-12-23-13-53-42.uasset
[2016.12.23-17.38.17:544][  0]SourceControl: Info 	UnrealEngineProject/Saved/Backup/BP_BaseCube_2016-12-23-14-05-12.uasset
[2016.12.23-17.38.17:544][  0]SourceControl: Info 	UnrealEngineProject/Saved/Backup/BP_BaseCube_2016-12-23-14-44-35.uasset
[2016.12.23-17.38.17:544][  0]SourceControl: Info 	UnrealEngineProject/Saved/Backup/BP_BaseCube_2016-12-23-14-57-27.uasset
[2016.12.23-17.38.17:544][  0]SourceControl: Info 	UnrealEngineProject/Saved/Backup/BP_BaseCube_2016-12-23-15-08-38.uasset
[2016.12.23-17.38.17:544][  0]SourceControl: Info 	UnrealEngineProject/Saved/Backup/BP_BaseCube_2016-12-23-15-19-10.uasset
[2016.12.23-17.38.17:544][  0]SourceControl: Info 	UnrealEngineProject/Saved/Backup/BP_BaseCube_2016-12-23-16-00-45.uasset
[2016.12.23-17.38.17:544][  0]SourceControl: Info 	UnrealEngineProject/Saved/Backup/BP_BaseCube_2016-12-23-16-15-07.uasset
[2016.12.23-17.38.17:545][  0]SourceControl: Info 	UnrealEngineProject/Saved/Backup/ThirdPersonCharacter_2016-12-23-13-08-55.uasset
[2016.12.23-17.38.17:545][  0]SourceControl: Info 	UnrealEngineProject/Saved/Backup/ThirdPersonCharacter_2016-12-23-13-20-43.uasset
[2016.12.23-17.38.17:545][  0]SourceControl: Info 	UnrealEngineProject/Saved/Backup/ThirdPersonCharacter_2016-12-23-13-43-01.uasset
[2016.12.23-17.38.17:545][  0]SourceControl: Info 	UnrealEngineProject/Saved/Backup/ThirdPersonCharacter_2016-12-23-13-53-42.uasset
[2016.12.23-17.38.17:545][  0]SourceControl: Info 	UnrealEngineProject/Saved/Backup/ThirdPersonCharacter_2016-12-23-14-05-13.uasset
[2016.12.23-17.38.17:545][  0]SourceControl: Info 	UnrealEngineProject/Saved/Backup/ThirdPersonCharacter_2016-12-23-14-15-13.uasset
[2016.12.23-17.38.17:545][  0]SourceControl: Info 	UnrealEngineProject/Saved/Backup/ThirdPersonCharacter_2016-12-23-14-44-35.uasset
[2016.12.23-17.38.17:545][  0]SourceControl: Info 	UnrealEngineProject/Saved/Backup/ThirdPersonCharacter_2016-12-23-14-57-27.uasset
[2016.12.23-17.38.17:545][  0]SourceControl: Info 	UnrealEngineProject/Saved/Backup/ThirdPersonCharacter_2016-12-23-15-08-38.uasset
[2016.12.23-17.38.17:545][  0]SourceControl: Info 	UnrealEngineProject/Saved/Backup/ThirdPersonCharacter_2016-12-23-15-19-10.uasset
[2016.12.23-17.38.17:545][  0]SourceControl: Info 	UnrealEngineProject/Saved/Backup/ThirdPersonCharacter_2016-12-23-16-00-45.uasset
[2016.12.23-17.38.17:545][  0]SourceControl: Info 	UnrealEngineProject/Saved/Backup/ThirdPersonCharacter_2016-12-23-16-15-07.uasset
[2016.12.23-17.38.17:545][  0]SourceControl: Info 	UnrealEngineProject/Saved/Backup/ThirdPersonController_2016-12-23-15-19-11.uasset
[2016.12.23-17.38.17:545][  0]SourceControl: Info 	UnrealEngineProject/Saved/Backup/ThirdPersonController_2016-12-23-16-00-45.uasset
[2016.12.23-17.38.17:545][  0]SourceControl: Info 	UnrealEngineProject/Saved/Backup/ThirdPersonController_2016-12-23-16-15-07.uasset
[2016.12.23-17.38.17:545][  0]SourceControl: Info 	UnrealEngineProject/Saved/Backup/Timothy_2016-12-23-12-18-07.umap
[2016.12.23-17.38.17:545][  0]SourceControl: Info 	UnrealEngineProject/Saved/Backup/Timothy_2016-12-23-12-53-39.umap
[2016.12.23-17.38.17:545][  0]SourceControl: Info 	UnrealEngineProject/Saved/Backup/Timothy_2016-12-23-13-08-54.umap
[2016.12.23-17.38.17:545][  0]SourceControl: Info 	UnrealEngineProject/Saved/Backup/Timothy_2016-12-23-13-20-42.umap
[2016.12.23-17.38.17:545][  0]SourceControl: Info 	UnrealEngineProject/Saved/Backup/Timothy_2016-12-23-13-43-01.umap
[2016.12.23-17.38.17:545][  0]SourceControl: Info 	UnrealEngineProject/Saved/Backup/Timothy_2016-12-23-13-53-41.umap
[2016.12.23-17.38.17:545][  0]SourceControl: Info 	UnrealEngineProject/Saved/Backup/Timothy_2016-12-23-14-05-12.umap
[2016.12.23-17.38.17:545][  0]SourceControl: Info 	UnrealEngineProject/Saved/Backup/Timothy_2016-12-23-14-44-34.umap
[2016.12.23-17.38.17:545][  0]SourceControl: Info 	UnrealEngineProject/Saved/Backup/Timothy_2016-12-23-14-57-26.umap
[2016.12.23-17.38.17:545][  0]SourceControl: Info 	UnrealEngineProject/Saved/Backup/Timothy_2016-12-23-15-08-38.umap
[2016.12.23-17.38.17:545][  0]SourceControl: Info 	UnrealEngineProject/Saved/Backup/Timothy_2016-12-23-15-19-10.umap
[2016.12.23-17.38.17:545][  0]SourceControl: Info 	UnrealEngineProject/Saved/Backup/Timothy_2016-12-23-16-00-44.umap
[2016.12.23-17.38.17:545][  0]SourceControl: Info 	UnrealEngineProject/Saved/Backup/Timothy_2016-12-23-16-15-06.umap
[2016.12.23-17.38.17:545][  0]SourceControl: Info 	UnrealEngineProject/Saved/Logs/UE4CC-Windows-094B1A8C406DBBA0E5ABDEB543C73548/
[2016.12.23-17.38.17:545][  0]SourceControl: Info 	UnrealEngineProject/Saved/Logs/UE4CC-Windows-68F1EE574B90550235D347A72D54D914/
[2016.12.23-17.38.17:545][  0]SourceControl: Info 	UnrealEngineProject/Saved/Logs/UnrealEngineProject-backup-2016.12.23-12.06.08.log
[2016.12.23-17.38.17:545][  0]SourceControl: Info 	UnrealEngineProject/Saved/Logs/UnrealEngineProject-backup-2016.12.23-17.38.03.log
[2016.12.23-17.38.17:545][  0]SourceControl: Info 	UnrealEngineProject/Saved/Screenshots/Windows/HighresScreenshot00002.png
[2016.12.23-17.38.17:545][  0]LogContentStreaming: Texture pool size now 1000 MB
[2016.12.23-17.38.17:711][  0]LogRenderer: Reallocating scene render targets to support 1184x584 NumSamples 1 (Frame:2).
[2016.12.23-17.38.17:869][  1]LogAssetRegistry: Asset discovery search completed in 8.0776 seconds
[2016.12.23-17.38.17:869][  1]LogCollectionManager: Rebuilt the object cache for 0 collections in 0.000001 seconds (found 0 objects)
[2016.12.23-17.38.17:869][  1]LogCollectionManager: Fixed up redirectors for 0 collections in 0.000019 seconds (updated 0 objects)
[2016.12.23-17.39.07:809][ 75]LogTemp: Repeting last play command: Selected Viewport
[2016.12.23-17.39.07:826][ 75]LogBlueprintUserMessages: Early PlayInEditor Detection: Level '/Game/Scenes/Timothy.Timothy:PersistentLevel' has LevelScriptBlueprint '/Game/Scenes/Timothy.Timothy:PersistentLevel.Timothy' with GeneratedClass '/Game/Scenes/Timothy.Timothy_C' with ClassGeneratedBy '/Game/Scenes/Timothy.Timothy:PersistentLevel.Timothy'
[2016.12.23-17.39.07:826][ 75]LogPlayLevel: PlayLevel: No blueprints needed recompiling
[2016.12.23-17.39.07:827][ 75]PIE: New page: PIE session: Timothy (23 Dec 2016 17:39:07)
[2016.12.23-17.39.07:827][ 75]LogPlayLevel: Creating play world package: /Game/Scenes/UEDPIE_0_Timothy
[2016.12.23-17.39.07:851][ 75]LogPlayLevel: PIE: StaticDuplicateObject took: (0.024232s)
[2016.12.23-17.39.07:851][ 75]LogAIModule: Creating AISystem for world Timothy
[2016.12.23-17.39.07:852][ 75]LogPlayLevel: PIE: World Init took: (0.000681s)
[2016.12.23-17.39.07:852][ 75]LogPlayLevel: PIE: Created PIE world by copying editor world from /Game/Scenes/Timothy.Timothy to /Game/Scenes/UEDPIE_0_Timothy.Timothy (0.025822s)
[2016.12.23-17.39.07:876][ 75]LogInit: XAudio2 using 'Speakers (Logitech G35 Gaming Headset)' : 2 channels at 44.1 kHz using 16 bits per sample (channel mask 0x3)
[2016.12.23-17.39.07:880][ 75]LogInit: FAudioDevice initialized.
[2016.12.23-17.39.07:965][ 75]LogLoad: Game class is 'ThirdPersonGameMode_C'
[2016.12.23-17.39.07:971][ 75]LogWorld: Bringing World /Game/Scenes/UEDPIE_0_Timothy.Timothy up for play (max tick rate 60) at 2016.12.23-17.39.07
[2016.12.23-17.39.07:971][ 75]LogWorld: Bringing up level for play took: 0.004225
[2016.12.23-17.39.08:001][ 75]LogContentBrowser: Native class hierarchy updated for 'MovieSceneCapture' in 0.0006 seconds. Added 11 classes and 0 folders.
[2016.12.23-17.39.08:004][ 75]LogBlueprintUserMessages: [Timothy_C_4] 0
[2016.12.23-17.39.08:006][ 75]LogBlueprintUserMessages: [Timothy_C_4] 1
[2016.12.23-17.39.08:006][ 75]LogBlueprintUserMessages: [Timothy_C_4] 0
[2016.12.23-17.39.08:007][ 75]LogBlueprintUserMessages: [Timothy_C_4] 1
[2016.12.23-17.39.08:007][ 75]LogBlueprintUserMessages: [Timothy_C_4] 2
[2016.12.23-17.39.08:007][ 75]LogBlueprintUserMessages: [Timothy_C_4] 3
[2016.12.23-17.39.08:008][ 75]LogBlueprintUserMessages: [Timothy_C_4] 4
[2016.12.23-17.39.08:008][ 75]LogBlueprintUserMessages: [Timothy_C_4] 5
[2016.12.23-17.39.08:008][ 75]LogBlueprintUserMessages: [Timothy_C_4] 6
[2016.12.23-17.39.08:009][ 75]LogBlueprintUserMessages: [Timothy_C_4] 7
[2016.12.23-17.39.08:009][ 75]LogBlueprintUserMessages: [Timothy_C_4] 8
[2016.12.23-17.39.08:009][ 75]LogBlueprintUserMessages: [Timothy_C_4] 9
[2016.12.23-17.39.08:009][ 75]LogBlueprintUserMessages: [Timothy_C_4] 10
[2016.12.23-17.39.08:010][ 75]LogBlueprintUserMessages: [Timothy_C_4] 11
[2016.12.23-17.39.08:010][ 75]LogBlueprintUserMessages: [Timothy_C_4] 12
[2016.12.23-17.39.08:010][ 75]LogBlueprintUserMessages: [Timothy_C_4] 13
[2016.12.23-17.39.08:011][ 75]LogBlueprintUserMessages: [Timothy_C_4] 14
[2016.12.23-17.39.08:011][ 75]LogBlueprintUserMessages: [Timothy_C_4] 15
[2016.12.23-17.39.08:011][ 75]LogBlueprintUserMessages: [Timothy_C_4] 16
[2016.12.23-17.39.08:011][ 75]LogBlueprintUserMessages: [Timothy_C_4] 17
[2016.12.23-17.39.08:012][ 75]LogBlueprintUserMessages: [Timothy_C_4] 18
[2016.12.23-17.39.08:012][ 75]LogBlueprintUserMessages: [Timothy_C_4] 19
[2016.12.23-17.39.08:012][ 75]LogBlueprintUserMessages: [Timothy_C_4] 20
[2016.12.23-17.39.08:013][ 75]LogBlueprintUserMessages: [Timothy_C_4] 21
[2016.12.23-17.39.08:013][ 75]LogBlueprintUserMessages: [Timothy_C_4] 22
[2016.12.23-17.39.08:013][ 75]LogBlueprintUserMessages: [Timothy_C_4] 23
[2016.12.23-17.39.08:013][ 75]LogBlueprintUserMessages: [Timothy_C_4] 24
[2016.12.23-17.39.08:014][ 75]LogBlueprintUserMessages: [Timothy_C_4] 25
[2016.12.23-17.39.08:014][ 75]LogBlueprintUserMessages: [Timothy_C_4] 26
[2016.12.23-17.39.08:014][ 75]LogBlueprintUserMessages: [Timothy_C_4] 27
[2016.12.23-17.39.08:015][ 75]LogBlueprintUserMessages: [Timothy_C_4] 28
[2016.12.23-17.39.08:015][ 75]LogBlueprintUserMessages: [Timothy_C_4] 29
[2016.12.23-17.39.08:015][ 75]LogBlueprintUserMessages: [Timothy_C_4] 30
[2016.12.23-17.39.08:015][ 75]LogBlueprintUserMessages: [Timothy_C_4] 31
[2016.12.23-17.39.08:016][ 75]LogBlueprintUserMessages: [Timothy_C_4] 32
[2016.12.23-17.39.08:016][ 75]LogBlueprintUserMessages: [Timothy_C_4] 33
[2016.12.23-17.39.08:016][ 75]LogBlueprintUserMessages: [Timothy_C_4] 34
[2016.12.23-17.39.08:017][ 75]LogBlueprintUserMessages: [Timothy_C_4] 35
[2016.12.23-17.39.08:017][ 75]LogBlueprintUserMessages: [Timothy_C_4] 36
[2016.12.23-17.39.08:017][ 75]LogBlueprintUserMessages: [Timothy_C_4] 37
[2016.12.23-17.39.08:018][ 75]LogBlueprintUserMessages: [Timothy_C_4] 38
[2016.12.23-17.39.08:018][ 75]LogBlueprintUserMessages: [Timothy_C_4] 39
[2016.12.23-17.39.08:018][ 75]LogBlueprintUserMessages: [Timothy_C_4] 40
[2016.12.23-17.39.08:018][ 75]LogBlueprintUserMessages: [Timothy_C_4] 41
[2016.12.23-17.39.08:019][ 75]LogBlueprintUserMessages: [Timothy_C_4] 42
[2016.12.23-17.39.08:019][ 75]LogBlueprintUserMessages: [Timothy_C_4] 43
[2016.12.23-17.39.08:019][ 75]LogBlueprintUserMessages: [Timothy_C_4] 44
[2016.12.23-17.39.08:020][ 75]LogBlueprintUserMessages: [Timothy_C_4] 45
[2016.12.23-17.39.08:020][ 75]LogBlueprintUserMessages: [Timothy_C_4] 46
[2016.12.23-17.39.08:020][ 75]LogBlueprintUserMessages: [Timothy_C_4] 47
[2016.12.23-17.39.08:020][ 75]LogBlueprintUserMessages: [Timothy_C_4] 48
[2016.12.23-17.39.08:021][ 75]LogBlueprintUserMessages: [Timothy_C_4] 49
[2016.12.23-17.39.08:021][ 75]PIE: Info Play in editor start time for /Game/Scenes/UEDPIE_0_Timothy -0.333
[2016.12.23-17.39.08:022][ 75]LogBlueprintUserMessages: Late PlayInEditor Detection: Level '/Game/Scenes/Timothy.Timothy:PersistentLevel' has LevelScriptBlueprint '/Game/Scenes/Timothy.Timothy:PersistentLevel.Timothy' with GeneratedClass '/Game/Scenes/Timothy.Timothy_C' with ClassGeneratedBy '/Game/Scenes/Timothy.Timothy:PersistentLevel.Timothy'
[2016.12.23-18.02.36:872][124]LogBlueprintUserMessages: Early EndPlayMap Detection: Level '/Game/Scenes/Timothy.Timothy:PersistentLevel' has LevelScriptBlueprint '/Game/Scenes/Timothy.Timothy:PersistentLevel.Timothy' with GeneratedClass '/Game/Scenes/Timothy.Timothy_C' with ClassGeneratedBy '/Game/Scenes/Timothy.Timothy:PersistentLevel.Timothy'
[2016.12.23-18.02.36:916][124]LogBlueprintUserMessages: Late EndPlayMap Detection: Level '/Game/Scenes/Timothy.Timothy:PersistentLevel' has LevelScriptBlueprint '/Game/Scenes/Timothy.Timothy:PersistentLevel.Timothy' with GeneratedClass '/Game/Scenes/Timothy.Timothy_C' with ClassGeneratedBy '/Game/Scenes/Timothy.Timothy:PersistentLevel.Timothy'
[2016.12.23-18.02.38:980][209]LogContentBrowser: Native class hierarchy updated for 'BlueprintGraph' in 0.0010 seconds. Added 111 classes and 0 folders.
[2016.12.23-18.32.18:838][327]LogAudio:Warning: Current Audio Device with ID {0.0.0.00000000}.{f841555d-9d71-4a54-923d-ded4dbfe50ec} was removed. Shutting down audio device.
[2016.12.23-18.48.05:129][309]LogTemp: Repeting last play command: Selected Viewport
[2016.12.23-18.48.05:155][309]LogBlueprintUserMessages: Early PlayInEditor Detection: Level '/Game/Scenes/Timothy.Timothy:PersistentLevel' has LevelScriptBlueprint '/Game/Scenes/Timothy.Timothy:PersistentLevel.Timothy' with GeneratedClass '/Game/Scenes/Timothy.Timothy_C' with ClassGeneratedBy '/Game/Scenes/Timothy.Timothy:PersistentLevel.Timothy'
[2016.12.23-18.48.05:155][309]LogPlayLevel: PlayLevel: No blueprints needed recompiling
[2016.12.23-18.48.05:156][309]PIE: New page: PIE session: Timothy (23 Dec 2016 18:48:05)
[2016.12.23-18.48.05:156][309]LogPlayLevel: Creating play world package: /Game/Scenes/UEDPIE_0_Timothy
[2016.12.23-18.48.05:181][309]LogPlayLevel: PIE: StaticDuplicateObject took: (0.025160s)
[2016.12.23-18.48.05:183][309]LogAIModule: Creating AISystem for world Timothy
[2016.12.23-18.48.05:183][309]LogPlayLevel: PIE: World Init took: (0.002356s)
[2016.12.23-18.48.05:184][309]LogPlayLevel: PIE: Created PIE world by copying editor world from /Game/Scenes/Timothy.Timothy to /Game/Scenes/UEDPIE_0_Timothy.Timothy (0.027790s)
[2016.12.23-18.48.05:211][309]LogInit: XAudio2 using 'Speakers (Sound Blaster Recon3Di)' : 2 channels at 48 kHz using 32 bits per sample (channel mask 0x3)
[2016.12.23-18.48.05:218][309]LogInit: FAudioDevice initialized.
[2016.12.23-18.48.05:251][309]LogLoad: Game class is 'ThirdPersonGameMode_C'
[2016.12.23-18.48.05:257][309]LogWorld: Bringing World /Game/Scenes/UEDPIE_0_Timothy.Timothy up for play (max tick rate 60) at 2016.12.23-18.48.05
[2016.12.23-18.48.05:257][309]LogWorld: Bringing up level for play took: 0.004327
[2016.12.23-18.48.05:260][309]LogBlueprintUserMessages: [Timothy_C_4] 0
[2016.12.23-18.48.05:261][309]LogBlueprintUserMessages: [Timothy_C_4] 1
[2016.12.23-18.48.05:262][309]LogBlueprintUserMessages: [Timothy_C_4] 0
[2016.12.23-18.48.05:262][309]LogBlueprintUserMessages: [Timothy_C_4] 1
[2016.12.23-18.48.05:262][309]LogBlueprintUserMessages: [Timothy_C_4] 2
[2016.12.23-18.48.05:263][309]LogBlueprintUserMessages: [Timothy_C_4] 3
[2016.12.23-18.48.05:263][309]LogBlueprintUserMessages: [Timothy_C_4] 4
[2016.12.23-18.48.05:263][309]LogBlueprintUserMessages: [Timothy_C_4] 5
[2016.12.23-18.48.05:264][309]LogBlueprintUserMessages: [Timothy_C_4] 6
[2016.12.23-18.48.05:264][309]LogBlueprintUserMessages: [Timothy_C_4] 7
[2016.12.23-18.48.05:264][309]LogBlueprintUserMessages: [Timothy_C_4] 8
[2016.12.23-18.48.05:265][309]LogBlueprintUserMessages: [Timothy_C_4] 9
[2016.12.23-18.48.05:265][309]LogBlueprintUserMessages: [Timothy_C_4] 10
[2016.12.23-18.48.05:265][309]LogBlueprintUserMessages: [Timothy_C_4] 11
[2016.12.23-18.48.05:265][309]LogBlueprintUserMessages: [Timothy_C_4] 12
[2016.12.23-18.48.05:266][309]LogBlueprintUserMessages: [Timothy_C_4] 13
[2016.12.23-18.48.05:266][309]LogBlueprintUserMessages: [Timothy_C_4] 14
[2016.12.23-18.48.05:266][309]LogBlueprintUserMessages: [Timothy_C_4] 15
[2016.12.23-18.48.05:267][309]LogBlueprintUserMessages: [Timothy_C_4] 16
[2016.12.23-18.48.05:267][309]LogBlueprintUserMessages: [Timothy_C_4] 17
[2016.12.23-18.48.05:267][309]LogBlueprintUserMessages: [Timothy_C_4] 18
[2016.12.23-18.48.05:268][309]LogBlueprintUserMessages: [Timothy_C_4] 19
[2016.12.23-18.48.05:268][309]LogBlueprintUserMessages: [Timothy_C_4] 20
[2016.12.23-18.48.05:268][309]LogBlueprintUserMessages: [Timothy_C_4] 21
[2016.12.23-18.48.05:269][309]LogBlueprintUserMessages: [Timothy_C_4] 22
[2016.12.23-18.48.05:269][309]LogBlueprintUserMessages: [Timothy_C_4] 23
[2016.12.23-18.48.05:269][309]LogBlueprintUserMessages: [Timothy_C_4] 24
[2016.12.23-18.48.05:270][309]LogBlueprintUserMessages: [Timothy_C_4] 25
[2016.12.23-18.48.05:270][309]LogBlueprintUserMessages: [Timothy_C_4] 26
[2016.12.23-18.48.05:270][309]LogBlueprintUserMessages: [Timothy_C_4] 27
[2016.12.23-18.48.05:270][309]LogBlueprintUserMessages: [Timothy_C_4] 28
[2016.12.23-18.48.05:271][309]LogBlueprintUserMessages: [Timothy_C_4] 29
[2016.12.23-18.48.05:271][309]LogBlueprintUserMessages: [Timothy_C_4] 30
[2016.12.23-18.48.05:271][309]LogBlueprintUserMessages: [Timothy_C_4] 31
[2016.12.23-18.48.05:272][309]LogBlueprintUserMessages: [Timothy_C_4] 32
[2016.12.23-18.48.05:272][309]LogBlueprintUserMessages: [Timothy_C_4] 33
[2016.12.23-18.48.05:272][309]LogBlueprintUserMessages: [Timothy_C_4] 34
[2016.12.23-18.48.05:273][309]LogBlueprintUserMessages: [Timothy_C_4] 35
[2016.12.23-18.48.05:273][309]LogBlueprintUserMessages: [Timothy_C_4] 36
[2016.12.23-18.48.05:273][309]LogBlueprintUserMessages: [Timothy_C_4] 37
[2016.12.23-18.48.05:273][309]LogBlueprintUserMessages: [Timothy_C_4] 38
[2016.12.23-18.48.05:274][309]LogBlueprintUserMessages: [Timothy_C_4] 39
[2016.12.23-18.48.05:274][309]LogBlueprintUserMessages: [Timothy_C_4] 40
[2016.12.23-18.48.05:274][309]LogBlueprintUserMessages: [Timothy_C_4] 41
[2016.12.23-18.48.05:275][309]LogBlueprintUserMessages: [Timothy_C_4] 42
[2016.12.23-18.48.05:275][309]LogBlueprintUserMessages: [Timothy_C_4] 43
[2016.12.23-18.48.05:275][309]LogBlueprintUserMessages: [Timothy_C_4] 44
[2016.12.23-18.48.05:276][309]LogBlueprintUserMessages: [Timothy_C_4] 45
[2016.12.23-18.48.05:276][309]LogBlueprintUserMessages: [Timothy_C_4] 46
[2016.12.23-18.48.05:277][309]LogBlueprintUserMessages: [Timothy_C_4] 47
[2016.12.23-18.48.05:277][309]LogBlueprintUserMessages: [Timothy_C_4] 48
[2016.12.23-18.48.05:277][309]LogBlueprintUserMessages: [Timothy_C_4] 49
[2016.12.23-18.48.05:278][309]PIE: Info Play in editor start time for /Game/Scenes/UEDPIE_0_Timothy 0.923
[2016.12.23-18.48.05:279][309]LogBlueprintUserMessages: Late PlayInEditor Detection: Level '/Game/Scenes/Timothy.Timothy:PersistentLevel' has LevelScriptBlueprint '/Game/Scenes/Timothy.Timothy:PersistentLevel.Timothy' with GeneratedClass '/Game/Scenes/Timothy.Timothy_C' with ClassGeneratedBy '/Game/Scenes/Timothy.Timothy:PersistentLevel.Timothy'
[2016.12.23-18.48.10:239][545]LogBlueprintUserMessages: Early EndPlayMap Detection: Level '/Game/Scenes/Timothy.Timothy:PersistentLevel' has LevelScriptBlueprint '/Game/Scenes/Timothy.Timothy:PersistentLevel.Timothy' with GeneratedClass '/Game/Scenes/Timothy.Timothy_C' with ClassGeneratedBy '/Game/Scenes/Timothy.Timothy:PersistentLevel.Timothy'
[2016.12.23-18.48.10:293][545]LogBlueprintUserMessages: Late EndPlayMap Detection: Level '/Game/Scenes/Timothy.Timothy:PersistentLevel' has LevelScriptBlueprint '/Game/Scenes/Timothy.Timothy:PersistentLevel.Timothy' with GeneratedClass '/Game/Scenes/Timothy.Timothy_C' with ClassGeneratedBy '/Game/Scenes/Timothy.Timothy:PersistentLevel.Timothy'
[2016.12.23-18.51.04:525][207]LogWindowsTextInputMethodSystem:Display: IME system now deactivated.
[2016.12.23-18.51.04:753][208]Cmd: QUIT_EDITOR
[2016.12.23-18.51.05:763][208]LogExit: Preparing to exit.
[2016.12.23-18.51.06:964][208]LogDirectoryWatcher: A directory notification for 'D:/FREE WORK/DungeonBaseBuilder/DungeonBaseBuilder/UnrealEngineProject/Content/' was aborted.
[2016.12.23-18.51.07:010][208]LogExit: Editor shut down
[2016.12.23-18.51.07:011][208]LogExit: Transaction tracking system shut down
[2016.12.23-18.51.07:139][208]LogObj: Freed 0b from 0 cluster array pools.
[2016.12.23-18.51.07:139][208]LogExit: Object subsystem successfully closed.
[2016.12.23-18.51.07:155][208]LogD3D11RHI: Shutdown
[2016.12.23-18.51.07:155][208]LogD3D11RHI: CleanupD3DDevice
[2016.12.23-18.51.07:230][208]LogD3D11RHI: ~FD3D11DynamicRHI
[2016.12.23-18.51.07:240][208]LogHttp:Display: Http module shutting down, but needs to wait on 1 outstanding Http requests:
[2016.12.23-18.51.07:240][208]LogHttp:Display: 	verb=[POST] url=[https://datarouter.ol.epicgames.com/datarouter/api/v1/public/data?SessionID=%7B21437589-4BDE-2DA0-828A-308FBE8C7CC6%7D&AppID=UEEditor.Rocket.Release&AppVersion=4.14.1-3224400%2B%2B%2BUE4%2BRelease-4.14&UserID=d4abb60e40cbae26ab8c8db2dcc6b036%7Ccae3d72bfe5b46ac8e3acb7edb2f45cb%7Cb881d21c-23a1-482d-bd4c-d3757813e007&AppEnvironment=datacollector-binary&UploadType=eteventstream] status=Processing
[2016.12.23-18.51.07:274][208]LogModuleManager: Shutting down and abandoning module BlueprintGraph (246)
[2016.12.23-18.51.07:274][208]LogModuleManager: Shutting down and abandoning module BlueprintProfiler (245)
[2016.12.23-18.51.07:274][208]LogModuleManager: Shutting down and abandoning module MovieSceneCapture (244)
[2016.12.23-18.51.07:274][208]LogModuleManager: Shutting down and abandoning module HierarchicalLODOutliner (243)
[2016.12.23-18.51.07:274][208]LogModuleManager: Shutting down and abandoning module CrashTracker (242)
[2016.12.23-18.51.07:274][208]LogModuleManager: Shutting down and abandoning module SceneOutliner (241)
[2016.12.23-18.51.07:274][208]LogModuleManager: Shutting down and abandoning module WidgetCarousel (240)
[2016.12.23-18.51.07:274][208]LogModuleManager: Shutting down and abandoning module AddContentDialog (239)
[2016.12.23-18.51.07:274][208]LogDirectoryWatcher: A directory notification for 'D:/PROGRAM FILES/Epic Games/4.14/FeaturePacks/' was aborted.
[2016.12.23-18.51.07:275][208]LogModuleManager: Shutting down and abandoning module GameplayTags (238)
[2016.12.23-18.51.07:275][208]LogModuleManager: Shutting down and abandoning module EditorWidgets (237)
[2016.12.23-18.51.07:275][208]LogModuleManager: Shutting down and abandoning module CollectionManager (236)
[2016.12.23-18.51.07:275][208]LogDirectoryWatcher: A directory notification for 'D:/FREE WORK/DungeonBaseBuilder/DungeonBaseBuilder/UnrealEngineProject/Content/Collections/' was aborted.
[2016.12.23-18.51.07:275][208]LogDirectoryWatcher: A directory notification for 'D:/FREE WORK/DungeonBaseBuilder/DungeonBaseBuilder/UnrealEngineProject/Content/Developers/Timothy/Collections/' was aborted.
[2016.12.23-18.51.07:275][208]LogDirectoryWatcher: A directory notification for 'D:/FREE WORK/DungeonBaseBuilder/DungeonBaseBuilder/UnrealEngineProject/Saved/Collections/' was aborted.
[2016.12.23-18.51.07:276][208]LogModuleManager: Shutting down and abandoning module StatsViewer (235)
[2016.12.23-18.51.07:276][208]LogModuleManager: Shutting down and abandoning module FoliageEdit (234)
[2016.12.23-18.51.07:276][208]LogModuleManager: Shutting down and abandoning module LandscapeEditor (233)
[2016.12.23-18.51.07:276][208]LogModuleManager: Shutting down and abandoning module SceneDepthPickerMode (232)
[2016.12.23-18.51.07:276][208]LogModuleManager: Shutting down and abandoning module ActorPickerMode (231)
[2016.12.23-18.51.07:276][208]LogModuleManager: Shutting down and abandoning module GeometryMode (230)
[2016.12.23-18.51.07:276][208]LogModuleManager: Shutting down and abandoning module TextureAlignMode (229)
[2016.12.23-18.51.07:276][208]LogModuleManager: Shutting down and abandoning module BspMode (228)
[2016.12.23-18.51.07:276][208]LogModuleManager: Shutting down and abandoning module HardwareSurvey (227)
[2016.12.23-18.51.07:276][208]LogModuleManager: Shutting down and abandoning module SequenceRecorderSections (226)
[2016.12.23-18.51.07:276][208]LogModuleManager: Shutting down and abandoning module AutomationWorker (225)
[2016.12.23-18.51.07:276][208]LogModuleManager: Shutting down and abandoning module MatineeToLevelSequence (224)
[2016.12.23-18.51.07:276][208]LogModuleManager: Shutting down and abandoning module PlacementMode (223)
[2016.12.23-18.51.07:276][208]LogModuleManager: Shutting down and abandoning module LevelSequenceEditor (222)
[2016.12.23-18.51.07:276][208]LogModuleManager: Shutting down and abandoning module WmfMediaFactory (221)
[2016.12.23-18.51.07:276][208]LogModuleManager: Shutting down and abandoning module WmfMediaEditor (220)
[2016.12.23-18.51.07:276][208]LogModuleManager: Shutting down and abandoning module AvfMediaFactory (219)
[2016.12.23-18.51.07:276][208]LogModuleManager: Shutting down and abandoning module AvfMediaEditor (218)
[2016.12.23-18.51.07:276][208]LogModuleManager: Shutting down and abandoning module Media (217)
[2016.12.23-18.51.07:276][208]LogModuleManager: Shutting down and abandoning module AndroidMediaFactory (216)
[2016.12.23-18.51.07:276][208]LogModuleManager: Shutting down and abandoning module AndroidMediaEditor (215)
[2016.12.23-18.51.07:276][208]LogModuleManager: Shutting down and abandoning module CharacterAI (214)
[2016.12.23-18.51.07:276][208]LogModuleManager: Shutting down and abandoning module SequenceRecorder (213)
[2016.12.23-18.51.07:276][208]LogModuleManager: Shutting down and abandoning module AudioCapture (212)
[2016.12.23-18.51.07:276][208]LogModuleManager: Shutting down and abandoning module SmartSnapping (211)
[2016.12.23-18.51.07:276][208]LogModuleManager: Shutting down and abandoning module SessionServices (210)
[2016.12.23-18.51.07:276][208]LogModuleManager: Shutting down and abandoning module ViewportSnapping (209)
[2016.12.23-18.51.07:276][208]LogModuleManager: Shutting down and abandoning module ViewportInteraction (208)
[2016.12.23-18.51.07:276][208]LogModuleManager: Shutting down and abandoning module LogVisualizer (207)
[2016.12.23-18.51.07:276][208]LogModuleManager: Shutting down and abandoning module GameProjectGeneration (206)
[2016.12.23-18.51.07:276][208]LogModuleManager: Shutting down and abandoning module IntroTutorials (205)
[2016.12.23-18.51.07:276][208]LogModuleManager: Shutting down and abandoning module EditorLiveStreaming (204)
[2016.12.23-18.51.07:276][208]LogModuleManager: Shutting down and abandoning module IOSPlatformEditor (203)
[2016.12.23-18.51.07:276][208]LogModuleManager: Shutting down and abandoning module HTML5PlatformEditor (202)
[2016.12.23-18.51.07:276][208]LogModuleManager: Shutting down and abandoning module AndroidDeviceDetection (201)
[2016.12.23-18.51.07:313][208]LogModuleManager: Shutting down and abandoning module AndroidPlatformEditor (200)
[2016.12.23-18.51.07:313][208]LogModuleManager: Shutting down and abandoning module IOSRuntimeSettings (199)
[2016.12.23-18.51.07:313][208]LogModuleManager: Shutting down and abandoning module AndroidRuntimeSettings (198)
[2016.12.23-18.51.07:313][208]LogModuleManager: Shutting down and abandoning module InputBindingEditor (197)
[2016.12.23-18.51.07:313][208]LogModuleManager: Shutting down and abandoning module NiagaraEditor (196)
[2016.12.23-18.51.07:313][208]LogModuleManager: Shutting down and abandoning module MergeActors (195)
[2016.12.23-18.51.07:313][208]LogModuleManager: Shutting down and abandoning module SizeMap (194)
[2016.12.23-18.51.07:313][208]LogModuleManager: Shutting down and abandoning module TreeMap (193)
[2016.12.23-18.51.07:313][208]LogModuleManager: Shutting down and abandoning module ReferenceViewer (192)
[2016.12.23-18.51.07:313][208]LogModuleManager: Shutting down and abandoning module LocalizationService (191)
[2016.12.23-18.51.07:313][208]LogModuleManager: Shutting down and abandoning module LocalizationDashboard (190)
[2016.12.23-18.51.07:313][208]LogModuleManager: Shutting down and abandoning module HardwareTargeting (189)
[2016.12.23-18.51.07:313][208]LogModuleManager: Shutting down and abandoning module DeviceProfileEditor (188)
[2016.12.23-18.51.07:313][208]LogModuleManager: Shutting down and abandoning module UndoHistory (187)
[2016.12.23-18.51.07:313][208]LogModuleManager: Shutting down and abandoning module UserFeedback (186)
[2016.12.23-18.51.07:313][208]LogModuleManager: Shutting down and abandoning module XmlParser (185)
[2016.12.23-18.51.07:313][208]LogModuleManager: Shutting down and abandoning module Blutility (184)
[2016.12.23-18.51.07:313][208]LogModuleManager: Shutting down and abandoning module ProjectTargetPlatformEditor (183)
[2016.12.23-18.51.07:314][208]LogModuleManager: Shutting down and abandoning module ProjectSettingsViewer (182)
[2016.12.23-18.51.07:314][208]LogModuleManager: Shutting down and abandoning module EditorSettingsViewer (181)
[2016.12.23-18.51.07:314][208]LogModuleManager: Shutting down and abandoning module SettingsEditor (180)
[2016.12.23-18.51.07:314][208]LogModuleManager: Shutting down and abandoning module ProjectLauncher (179)
[2016.12.23-18.51.07:314][208]LogModuleManager: Shutting down and abandoning module SessionFrontend (178)
[2016.12.23-18.51.07:314][208]LogModuleManager: Shutting down and abandoning module ProfilerClient (177)
[2016.12.23-18.51.07:314][208]LogModuleManager: Shutting down and abandoning module TargetDeviceServices (176)
[2016.12.23-18.51.07:314][208]LogModuleManager: Shutting down and abandoning module DeviceManager (175)
[2016.12.23-18.51.07:369][208]LogModuleManager: Shutting down and abandoning module AutomationController (174)
[2016.12.23-18.51.07:369][208]LogModuleManager: Shutting down and abandoning module AutomationWindow (173)
[2016.12.23-18.51.07:369][208]LogModuleManager: Shutting down and abandoning module Layers (172)
[2016.12.23-18.51.07:369][208]LogModuleManager: Shutting down and abandoning module ComponentVisualizers (171)
[2016.12.23-18.51.07:369][208]LogModuleManager: Shutting down and abandoning module DetailCustomizations (170)
[2016.12.23-18.51.07:369][208]LogModuleManager: Shutting down and abandoning module PackagesDialog (169)
[2016.12.23-18.51.07:369][208]LogModuleManager: Shutting down and abandoning module AnimGraph (168)
[2016.12.23-18.51.07:369][208]LogModuleManager: Shutting down and abandoning module Persona (167)
[2016.12.23-18.51.07:369][208]LogModuleManager: Shutting down and abandoning module Kismet (166)
[2016.12.23-18.51.07:377][208]LogModuleManager: Shutting down and abandoning module GraphEditor (165)
[2016.12.23-18.51.07:377][208]LogModuleManager: Shutting down and abandoning module ClassViewer (164)
[2016.12.23-18.51.07:377][208]LogModuleManager: Shutting down and abandoning module Toolbox (163)
[2016.12.23-18.51.07:377][208]LogModuleManager: Shutting down and abandoning module ModuleUI (162)
[2016.12.23-18.51.07:377][208]LogModuleManager: Shutting down and abandoning module MovieSceneTools (161)
[2016.12.23-18.51.07:377][208]LogModuleManager: Shutting down and abandoning module OutputLog (160)
[2016.12.23-18.51.07:377][208]LogModuleManager: Shutting down and abandoning module GammaUI (159)
[2016.12.23-18.51.07:377][208]LogModuleManager: Shutting down and abandoning module Documentation (158)
[2016.12.23-18.51.07:377][208]LogModuleManager: Shutting down and abandoning module Niagara (157)
[2016.12.23-18.51.07:377][208]LogModuleManager: Shutting down and abandoning module StreamingPauseRendering (156)
[2016.12.23-18.51.07:377][208]LogModuleManager: Shutting down and abandoning module AnalyticsET (155)
[2016.12.23-18.51.07:377][208]LogModuleManager: Shutting down and abandoning module PortalServices (154)
[2016.12.23-18.51.07:377][208]LogModuleManager: Shutting down and abandoning module PortalRpc (153)
[2016.12.23-18.51.07:378][208]LogModuleManager: Shutting down and abandoning module MessagingRpc (152)
[2016.12.23-18.51.07:378][208]LogModuleManager: Shutting down and abandoning module GameplayDebugger (151)
[2016.12.23-18.51.07:378][208]LogModuleManager: Shutting down and abandoning module AITestSuite (150)
[2016.12.23-18.51.07:378][208]LogModuleManager: Shutting down and abandoning module AIModule (149)
[2016.12.23-18.51.07:378][208]LogModuleManager: Shutting down and abandoning module ProfilerService (148)
[2016.12.23-18.51.07:574][208]LogModuleManager: Shutting down and abandoning module TaskGraph (147)
[2016.12.23-18.51.07:574][208]LogModuleManager: Shutting down and abandoning module SubstanceEditor (146)
[2016.12.23-18.51.07:574][208]LogModuleManager: Shutting down and abandoning module SlateRemote (145)
[2016.12.23-18.51.07:574][208]LogModuleManager: Shutting down and abandoning module SteamVRController (144)
[2016.12.23-18.51.07:574][208]LogModuleManager: Shutting down and abandoning module SteamVR (143)
[2016.12.23-18.51.07:574][208]LogModuleManager: Shutting down and abandoning module ProceduralMeshComponentEditor (142)
[2016.12.23-18.51.07:574][208]LogModuleManager: Shutting down and abandoning module ProceduralMeshComponent (141)
[2016.12.23-18.51.07:574][208]LogModuleManager: Shutting down and abandoning module OculusLibrary (140)
[2016.12.23-18.51.07:574][208]LogModuleManager: Shutting down and abandoning module OculusInput (139)
[2016.12.23-18.51.07:574][208]LogModuleManager: Shutting down and abandoning module MobilePatchingUtils (138)
[2016.12.23-18.51.07:574][208]LogModuleManager: Shutting down and abandoning module CustomMeshComponent (137)
[2016.12.23-18.51.07:574][208]LogModuleManager: Shutting down and abandoning module CableComponent (136)
[2016.12.23-18.51.07:574][208]LogModuleManager: Shutting down and abandoning module ArchVisCharacter (135)
[2016.12.23-18.51.07:574][208]LogModuleManager: Shutting down and abandoning module MediaPlayerEditor (133)
[2016.12.23-18.51.07:574][208]LogModuleManager: Shutting down and abandoning module HTML5Networking (132)
[2016.12.23-18.51.07:574][208]LogModuleManager: Shutting down and abandoning module GeometryCacheEd (131)
[2016.12.23-18.51.07:574][208]LogModuleManager: Shutting down and abandoning module GeometryCache (130)
[2016.12.23-18.51.07:574][208]LogModuleManager: Shutting down and abandoning module AlembicLibrary (129)
[2016.12.23-18.51.07:574][208]LogModuleManager: Shutting down and abandoning module AlembicImporter (128)
[2016.12.23-18.51.07:574][208]LogModuleManager: Shutting down and abandoning module SuperSearch (127)
[2016.12.23-18.51.07:574][208]LogModuleManager: Shutting down and abandoning module SuperSearchEditor (126)
[2016.12.23-18.51.07:574][208]LogModuleManager: Shutting down and abandoning module SpeedTreeImporter (125)
[2016.12.23-18.51.07:574][208]LogModuleManager: Shutting down and abandoning module PluginBrowser (124)
[2016.12.23-18.51.07:574][208]LogModuleManager: Shutting down and abandoning module MobileLauncherProfileWizard (123)
[2016.12.23-18.51.07:574][208]LogModuleManager: Shutting down and abandoning module EpicSurvey (122)
[2016.12.23-18.51.07:574][208]LogModuleManager: Shutting down and abandoning module DesktopPlatform (121)
[2016.12.23-18.51.07:574][208]LogModuleManager: Shutting down and abandoning module VisualStudioSourceCodeAccess (120)
[2016.12.23-18.51.07:574][208]LogModuleManager: Shutting down and abandoning module UObjectPlugin (119)
[2016.12.23-18.51.07:574][208]LogModuleManager: Shutting down and abandoning module SubversionSourceControl (118)
[2016.12.23-18.51.07:574][208]LogModuleManager: Shutting down and abandoning module PerforceSourceControl (117)
[2016.12.23-18.51.07:574][208]LogModuleManager: Shutting down and abandoning module SourceControl (116)
[2016.12.23-18.51.07:574][208]LogModuleManager: Shutting down and abandoning module GitSourceControl (115)
[2016.12.23-18.51.07:574][208]LogModuleManager: Shutting down and abandoning module LightPropagationVolumeEditor (114)
[2016.12.23-18.51.07:574][208]LogModuleManager: Shutting down and abandoning module PaperTiledImporter (113)
[2016.12.23-18.51.07:574][208]LogModuleManager: Shutting down and abandoning module PaperSpriteSheetImporter (112)
[2016.12.23-18.51.07:574][208]LogModuleManager: Shutting down and abandoning module MeshPaint (111)
[2016.12.23-18.51.07:574][208]LogModuleManager: Shutting down and abandoning module PixelInspectorModule (110)
[2016.12.23-18.51.07:574][208]LogModuleManager: Shutting down and abandoning module HotReload (109)
[2016.12.23-18.51.07:575][208]LogModuleManager: Shutting down and abandoning module MainFrame (108)
[2016.12.23-18.51.07:575][208]LogModuleManager: Shutting down and abandoning module LevelEditor (107)
[2016.12.23-18.51.07:576][208]LogModuleManager: Shutting down and abandoning module ContentBrowser (106)
[2016.12.23-18.51.07:576][208]LogModuleManager: Shutting down and abandoning module Paper2DEditor (105)
[2016.12.23-18.51.07:577][208]LogModuleManager: Shutting down and abandoning module UdpMessaging (104)
[2016.12.23-18.51.07:678][208]LogModuleManager: Shutting down and abandoning module TcpMessaging (103)
[2016.12.23-18.51.07:779][208]LogModuleManager: Shutting down and abandoning module SubstanceCore (102)
[2016.12.23-18.51.07:779][208]LogModuleManager: Shutting down and abandoning module LightPropagationVolumeRuntime (101)
[2016.12.23-18.51.07:779][208]LogModuleManager: Shutting down and abandoning module Paper2D (100)
[2016.12.23-18.51.07:779][208]LogModuleManager: Shutting down and abandoning module WindowsMoviePlayer (99)
[2016.12.23-18.51.07:779][208]LogModuleManager: Shutting down and abandoning module WmfMedia (98)
[2016.12.23-18.51.07:779][208]LogModuleManager: Shutting down and abandoning module MediaAssets (97)
[2016.12.23-18.51.07:779][208]LogModuleManager: Shutting down and abandoning module GameLiveStreaming (96)
[2016.12.23-18.51.07:779][208]LogModuleManager: Shutting down and abandoning module GameplayTagsEditor (95)
[2016.12.23-18.51.07:779][208]LogModuleManager: Shutting down and abandoning module VREditor (94)
[2016.12.23-18.51.07:779][208]LogModuleManager: Shutting down and abandoning module GameplayTasksEditor (93)
[2016.12.23-18.51.07:779][208]LogModuleManager: Shutting down and abandoning module BehaviorTreeEditor (92)
[2016.12.23-18.51.07:779][208]LogModuleManager: Shutting down and abandoning module FunctionalTesting (91)
[2016.12.23-18.51.07:779][208]LogModuleManager: Shutting down and abandoning module CollisionAnalyzer (90)
[2016.12.23-18.51.07:779][208]LogModuleManager: Shutting down and abandoning module Sequencer (89)
[2016.12.23-18.51.07:779][208]LogModuleManager: Shutting down and abandoning module WorkspaceMenuStructure (88)
[2016.12.23-18.51.07:779][208]LogModuleManager: Shutting down and abandoning module MessageLog (87)
[2016.12.23-18.51.07:779][208]LogModuleManager: Shutting down and abandoning module AssetTools (86)
[2016.12.23-18.51.07:780][208]LogModuleManager: Shutting down and abandoning module UMGEditor (85)
[2016.12.23-18.51.07:780][208]LogModuleManager: Shutting down and abandoning module UMG (84)
[2016.12.23-18.51.07:780][208]LogModuleManager: Shutting down and abandoning module SlateReflector (83)
[2016.12.23-18.51.07:780][208]LogModuleManager: Shutting down and abandoning module Slate (82)
[2016.12.23-18.51.07:780][208]LogModuleManager: Shutting down and abandoning module EditorStyle (81)
[2016.12.23-18.51.07:782][208]LogModuleManager: Shutting down and abandoning module SourceCodeAccess (80)
[2016.12.23-18.51.07:782][208]LogModuleManager: Shutting down and abandoning module HeadMountedDisplay (79)
[2016.12.23-18.51.07:782][208]LogModuleManager: Shutting down and abandoning module XAudio2 (78)
[2016.12.23-18.51.07:782][208]LogModuleManager: Shutting down and abandoning module Networking (76)
[2016.12.23-18.51.07:782][208]LogModuleManager: Shutting down and abandoning module Core (75)
[2016.12.23-18.51.07:782][208]LogModuleManager: Shutting down and abandoning module DirectoryWatcher (74)
[2016.12.23-18.51.07:782][208]LogDirectoryWatcher: A directory notification for '../../../Engine/Content/' was aborted.
[2016.12.23-18.51.07:783][208]LogDirectoryWatcher: A directory notification for '../../../../../../FREE WORK/DungeonBaseBuilder/DungeonBaseBuilder/UnrealEngineProject/Content/' was aborted.
[2016.12.23-18.51.07:783][208]LogDirectoryWatcher: A directory notification for '../../../Engine/Plugins/2D/Paper2D/Content/' was aborted.
[2016.12.23-18.51.07:785][208]LogModuleManager: Shutting down and abandoning module AssetRegistry (73)
[2016.12.23-18.51.07:907][208]LogModuleManager: Shutting down and abandoning module KismetCompiler (72)
[2016.12.23-18.51.07:907][208]LogModuleManager: Shutting down and abandoning module PhysXFormats (71)
[2016.12.23-18.51.07:907][208]LogModuleManager: Shutting down and abandoning module SimplygonSwarm (70)
[2016.12.23-18.51.07:907][208]LogModuleManager: Shutting down and abandoning module SimplygonMeshReduction (69)
[2016.12.23-18.51.07:907][208]LogModuleManager: Shutting down and abandoning module QuadricMeshReduction (68)
[2016.12.23-18.51.07:907][208]LogModuleManager: Shutting down and abandoning module PropertyEditor (67)
[2016.12.23-18.51.07:907][208]LogModuleManager: Shutting down and abandoning module MeshUtilities (66)
[2016.12.23-18.51.07:907][208]LogModuleManager: Shutting down and abandoning module DerivedDataCache (65)
[2016.12.23-18.51.07:925][208]LogDerivedDataCache: Shutdown
[2016.12.23-18.51.07:925][208]LogModuleManager: Shutting down and abandoning module VulkanShaderFormat (64)
[2016.12.23-18.51.07:925][208]LogModuleManager: Shutting down and abandoning module ShaderFormatOpenGL (63)
[2016.12.23-18.51.07:925][208]LogModuleManager: Shutting down and abandoning module ShaderFormatD3D (62)
[2016.12.23-18.51.07:925][208]LogModuleManager: Shutting down and abandoning module MetalShaderFormat (61)
[2016.12.23-18.51.07:925][208]LogModuleManager: Shutting down and abandoning module TextureFormatUncompressed (60)
[2016.12.23-18.51.07:925][208]LogModuleManager: Shutting down and abandoning module TextureFormatPVR (59)
[2016.12.23-18.51.07:925][208]LogModuleManager: Shutting down and abandoning module TextureFormatDXT (58)
[2016.12.23-18.51.07:925][208]LogModuleManager: Shutting down and abandoning module TextureFormatIntelISPCTexComp (57)
[2016.12.23-18.51.07:925][208]LogModuleManager: Shutting down and abandoning module ImageWrapper (56)
[2016.12.23-18.51.07:925][208]LogModuleManager: Shutting down and abandoning module TextureFormatASTC (55)
[2016.12.23-18.51.07:925][208]LogModuleManager: Shutting down and abandoning module TextureFormatAndroid (54)
[2016.12.23-18.51.07:925][208]LogModuleManager: Shutting down and abandoning module AudioFormatOpus (53)
[2016.12.23-18.51.07:925][208]LogModuleManager: Shutting down and abandoning module AudioFormatOgg (52)
[2016.12.23-18.51.07:925][208]LogModuleManager: Shutting down and abandoning module AudioFormatADPCM (51)
[2016.12.23-18.51.07:925][208]LogModuleManager: Shutting down and abandoning module LinuxTargetPlatform (50)
[2016.12.23-18.51.07:926][208]LogModuleManager: Shutting down and abandoning module LinuxServerTargetPlatform (49)
[2016.12.23-18.51.07:926][208]LogModuleManager: Shutting down and abandoning module LinuxNoEditorTargetPlatform (48)
[2016.12.23-18.51.07:926][208]LogModuleManager: Shutting down and abandoning module LinuxClientTargetPlatform (47)
[2016.12.23-18.51.07:926][208]LogModuleManager: Shutting down and abandoning module TVOSTargetPlatform (46)
[2016.12.23-18.51.07:926][208]LogModuleManager: Shutting down and abandoning module Messaging (45)
[2016.12.23-18.51.07:926][208]LogModuleManager: Shutting down and abandoning module IOSTargetPlatform (44)
[2016.12.23-18.51.07:926][208]LogModuleManager: Shutting down and abandoning module HTML5TargetPlatform (43)
[2016.12.23-18.51.07:926][208]LogModuleManager: Shutting down and abandoning module Android_PVRTCTargetPlatform (42)
[2016.12.23-18.51.07:926][208]LogModuleManager: Shutting down and abandoning module Android_MultiTargetPlatform (41)
[2016.12.23-18.51.07:926][208]LogModuleManager: Shutting down and abandoning module Android_ETC2TargetPlatform (40)
[2016.12.23-18.51.07:926][208]LogModuleManager: Shutting down and abandoning module Android_ETC1TargetPlatform (39)
[2016.12.23-18.51.07:926][208]LogModuleManager: Shutting down and abandoning module Android_DXTTargetPlatform (38)
[2016.12.23-18.51.07:926][208]LogModuleManager: Shutting down and abandoning module Android_ATCTargetPlatform (37)
[2016.12.23-18.51.07:926][208]LogModuleManager: Shutting down and abandoning module Android_ASTCTargetPlatform (36)
[2016.12.23-18.51.07:926][208]LogModuleManager: Shutting down and abandoning module AndroidTargetPlatform (35)
[2016.12.23-18.51.07:926][208]LogModuleManager: Shutting down and abandoning module WindowsTargetPlatform (34)
[2016.12.23-18.51.07:926][208]LogModuleManager: Shutting down and abandoning module WindowsServerTargetPlatform (33)
[2016.12.23-18.51.07:926][208]LogModuleManager: Shutting down and abandoning module WindowsNoEditorTargetPlatform (32)
[2016.12.23-18.51.07:926][208]LogModuleManager: Shutting down and abandoning module WindowsClientTargetPlatform (31)
[2016.12.23-18.51.07:926][208]LogModuleManager: Shutting down and abandoning module MacTargetPlatform (30)
[2016.12.23-18.51.07:926][208]LogModuleManager: Shutting down and abandoning module MacServerTargetPlatform (29)
[2016.12.23-18.51.07:926][208]LogModuleManager: Shutting down and abandoning module MacNoEditorTargetPlatform (28)
[2016.12.23-18.51.07:926][208]LogModuleManager: Shutting down and abandoning module MacClientTargetPlatform (27)
[2016.12.23-18.51.07:926][208]LogModuleManager: Shutting down and abandoning module AllDesktopTargetPlatform (26)
[2016.12.23-18.51.07:926][208]LogModuleManager: Shutting down and abandoning module TargetPlatform (25)
[2016.12.23-18.51.07:926][208]LogModuleManager: Shutting down and abandoning module InputCore (24)
[2016.12.23-18.51.07:926][208]LogModuleManager: Shutting down and abandoning module Settings (23)
[2016.12.23-18.51.07:926][208]LogModuleManager: Shutting down and abandoning module OculusRift (22)
[2016.12.23-18.51.07:926][208]LogModuleManager: Shutting down and abandoning module ExampleDeviceProfileSelector (21)
[2016.12.23-18.51.07:926][208]LogModuleManager: Shutting down and abandoning module OnlineBlueprintSupport (20)
[2016.12.23-18.51.07:926][208]LogModuleManager: Shutting down and abandoning module OnlineSubsystem (18)
[2016.12.23-18.51.07:926][208]LogOnline:Display: Unloading online subsystem: NULL
[2016.12.23-18.51.07:926][208]LogModuleManager: Shutting down and abandoning module SSL (17)
[2016.12.23-18.51.07:927][208]LogModuleManager: Shutting down and abandoning module HTTP (16)
[2016.12.23-18.51.07:927][208]LogModuleManager: Shutting down and abandoning module XMPP (15)
[2016.12.23-18.51.07:927][208]LogModuleManager: Shutting down and abandoning module TextureCompressor (14)
[2016.12.23-18.51.07:928][208]LogModuleManager: Shutting down and abandoning module ShaderCore (13)
[2016.12.23-18.51.07:928][208]LogModuleManager: Shutting down and abandoning module Landscape (12)
[2016.12.23-18.51.07:928][208]LogModuleManager: Shutting down and abandoning module SlateRHIRenderer (11)
[2016.12.23-18.51.07:931][208]LogModuleManager: Shutting down and abandoning module OpenGLDrv (10)
[2016.12.23-18.51.07:931][208]LogModuleManager: Shutting down and abandoning module D3D11RHI (9)
[2016.12.23-18.51.07:931][208]LogModuleManager: Shutting down and abandoning module AnimGraphRuntime (8)
[2016.12.23-18.51.07:931][208]LogModuleManager: Shutting down and abandoning module Renderer (7)
[2016.12.23-18.51.07:931][208]LogModuleManager: Shutting down and abandoning module Engine (6)
[2016.12.23-18.51.07:931][208]LogModuleManager: Shutting down and abandoning module CoreUObject (5)
[2016.12.23-18.51.07:931][208]LogModuleManager: Shutting down and abandoning module NetworkFile (4)
[2016.12.23-18.51.07:931][208]LogModuleManager: Shutting down and abandoning module StreamingFile (3)
[2016.12.23-18.51.07:931][208]LogModuleManager: Shutting down and abandoning module SandboxFile (2)
[2016.12.23-18.51.07:931][208]LogModuleManager: Shutting down and abandoning module PakFile (1)
[2016.12.23-18.51.07:932][208]LogExit: Exiting.
[2016.12.23-18.51.07:934][208]Log file closed, 12/23/16 18:51:07
