Log file open, 12/25/16 23:32:05
LogInit:Display: Running engine for game: UnrealEngineProject
LogPlatformFile: Not using cached read wrapper
LogInit:Display: RandInit(1342538685) SRandInit(1342538686).
LogTaskGraph: Started task graph with 5 named threads and 8 total threads with 1 sets of task threads.
LogStats: Stats thread started at 0.122425
LogPluginManager: Loaded Plugin Paper2D, From D:/PROGRAM FILES/Epic Games/4.14/Engine/Plugins/2D/Paper2D/Paper2D.uplugin
LogPluginManager: Loaded Plugin LightPropagationVolume, From D:/PROGRAM FILES/Epic Games/4.14/Engine/Plugins/Blendables/LightPropagationVolume/LightPropagationVolume.uplugin
LogPluginManager: Loaded Plugin BlankPlugin, From D:/PROGRAM FILES/Epic Games/4.14/Engine/Plugins/Developer/BlankPlugin/BlankPlugin.uplugin
LogPluginManager: Loaded Plugin CodeLiteSourceCodeAccess, From D:/PROGRAM FILES/Epic Games/4.14/Engine/Plugins/Developer/CodeLiteSourceCodeAccess/CodeLiteSourceCodeAccess.uplugin
LogPluginManager: Loaded Plugin GitSourceControl, From D:/PROGRAM FILES/Epic Games/4.14/Engine/Plugins/Developer/GitSourceControl/GitSourceControl.uplugin
LogPluginManager: Loaded Plugin KDevelopSourceCodeAccess, From D:/PROGRAM FILES/Epic Games/4.14/Engine/Plugins/Developer/KDevelopSourceCodeAccess/KDevelopSourceCodeAccess.uplugin
LogPluginManager: Loaded Plugin NullSourceCodeAccess, From D:/PROGRAM FILES/Epic Games/4.14/Engine/Plugins/Developer/NullSourceCodeAccess/NullSourceCodeAccess.uplugin
LogPluginManager: Loaded Plugin OneSkyLocalizationService, From D:/PROGRAM FILES/Epic Games/4.14/Engine/Plugins/Developer/OneSkyLocalizationService/OneSkyLocalizationService.uplugin
LogPluginManager: Loaded Plugin PerforceSourceControl, From D:/PROGRAM FILES/Epic Games/4.14/Engine/Plugins/Developer/PerforceSourceControl/PerforceSourceControl.uplugin
LogPluginManager: Loaded Plugin SubversionSourceControl, From D:/PROGRAM FILES/Epic Games/4.14/Engine/Plugins/Developer/SubversionSourceControl/SubversionSourceControl.uplugin
LogPluginManager: Loaded Plugin UObjectPlugin, From D:/PROGRAM FILES/Epic Games/4.14/Engine/Plugins/Developer/UObjectPlugin/UObjectPlugin.uplugin
LogPluginManager: Loaded Plugin VisualStudioSourceCodeAccess, From D:/PROGRAM FILES/Epic Games/4.14/Engine/Plugins/Developer/VisualStudioSourceCodeAccess/VisualStudioSourceCodeAccess.uplugin
LogPluginManager: Loaded Plugin XCodeSourceCodeAccess, From D:/PROGRAM FILES/Epic Games/4.14/Engine/Plugins/Developer/XCodeSourceCodeAccess/XCodeSourceCodeAccess.uplugin
LogPluginManager: Loaded Plugin AudioCapture, From D:/PROGRAM FILES/Epic Games/4.14/Engine/Plugins/Editor/AudioCapture/AudioCapture.uplugin
LogPluginManager: Loaded Plugin EpicSurvey, From D:/PROGRAM FILES/Epic Games/4.14/Engine/Plugins/Editor/EpicSurvey/EpicSurvey.uplugin
LogPluginManager: Loaded Plugin MacGraphicsSwitching, From D:/PROGRAM FILES/Epic Games/4.14/Engine/Plugins/Editor/MacGraphicsSwitching/MacGraphicsSwitching.uplugin
LogPluginManager: Loaded Plugin MobileLauncherProfileWizard, From D:/PROGRAM FILES/Epic Games/4.14/Engine/Plugins/Editor/MobileLauncherProfileWizard/MobileLauncherProfileWizard.uplugin
LogPluginManager: Loaded Plugin PluginBrowser, From D:/PROGRAM FILES/Epic Games/4.14/Engine/Plugins/Editor/PluginBrowser/PluginBrowser.uplugin
LogPluginManager: Loaded Plugin SpeedTreeImporter, From D:/PROGRAM FILES/Epic Games/4.14/Engine/Plugins/Editor/SpeedTreeImporter/SpeedTreeImporter.uplugin
LogPluginManager: Loaded Plugin SuperSearchEditor, From D:/PROGRAM FILES/Epic Games/4.14/Engine/Plugins/Editor/SuperSearchEditor/SuperSearchEditor.uplugin
LogPluginManager: Loaded Plugin AlembicImporter, From D:/PROGRAM FILES/Epic Games/4.14/Engine/Plugins/Experimental/AlembicImporter/AlembicImporter.uplugin
LogPluginManager: Loaded Plugin BlueprintStats, From D:/PROGRAM FILES/Epic Games/4.14/Engine/Plugins/Experimental/BlueprintStats/BlueprintStats.uplugin
LogPluginManager: Loaded Plugin CharacterAI, From D:/PROGRAM FILES/Epic Games/4.14/Engine/Plugins/Experimental/CharacterAI/CharacterAI.uplugin
LogPluginManager: Loaded Plugin CodeEditor, From D:/PROGRAM FILES/Epic Games/4.14/Engine/Plugins/Experimental/CodeEditor/CodeEditor.uplugin
LogPluginManager: Loaded Plugin CodeView, From D:/PROGRAM FILES/Epic Games/4.14/Engine/Plugins/Experimental/CodeView/CodeView.uplugin
LogPluginManager: Loaded Plugin HTML5Networking, From D:/PROGRAM FILES/Epic Games/4.14/Engine/Plugins/Experimental/HTML5Networking/HTML5Networking.uplugin
LogPluginManager: Loaded Plugin OSVR, From D:/PROGRAM FILES/Epic Games/4.14/Engine/Plugins/Experimental/OSVR/OSVR.uplugin
LogPluginManager: Loaded Plugin Phya, From D:/PROGRAM FILES/Epic Games/4.14/Engine/Plugins/Experimental/Phya/Phya.uplugin
LogPluginManager: Loaded Plugin SignificanceManager, From D:/PROGRAM FILES/Epic Games/4.14/Engine/Plugins/Experimental/SignificanceManager/SignificanceManager.uplugin
LogPluginManager: Loaded Plugin SimpleHMD, From D:/PROGRAM FILES/Epic Games/4.14/Engine/Plugins/Experimental/SimpleHMD/SimpleHMD.uplugin
LogPluginManager: Loaded Plugin StereoPanorama, From D:/PROGRAM FILES/Epic Games/4.14/Engine/Plugins/Experimental/StereoPanorama/StereoPanorama.uplugin
LogPluginManager: Loaded Plugin StructBox, From D:/PROGRAM FILES/Epic Games/4.14/Engine/Plugins/Experimental/StructBox/StructBox.uplugin
LogPluginManager: Loaded Plugin Substance, From D:/PROGRAM FILES/Epic Games/4.14/Engine/Plugins/Marketplace/Substance/Substance.uplugin
LogPluginManager: Loaded Plugin AndroidMedia, From D:/PROGRAM FILES/Epic Games/4.14/Engine/Plugins/Media/AndroidMedia/AndroidMedia.uplugin
LogPluginManager: Loaded Plugin AvfMedia, From D:/PROGRAM FILES/Epic Games/4.14/Engine/Plugins/Media/AvfMedia/AvfMedia.uplugin
LogPluginManager: Loaded Plugin MediaPlayerEditor, From D:/PROGRAM FILES/Epic Games/4.14/Engine/Plugins/Media/MediaPlayerEditor/MediaPlayerEditor.uplugin
LogPluginManager: Loaded Plugin WmfMedia, From D:/PROGRAM FILES/Epic Games/4.14/Engine/Plugins/Media/WmfMedia/WmfMedia.uplugin
LogPluginManager: Loaded Plugin MessagingDebugger, From D:/PROGRAM FILES/Epic Games/4.14/Engine/Plugins/Messaging/MessagingDebugger/MessagingDebugger.uplugin
LogPluginManager: Loaded Plugin TcpMessaging, From D:/PROGRAM FILES/Epic Games/4.14/Engine/Plugins/Messaging/TcpMessaging/TcpMessaging.uplugin
LogPluginManager: Loaded Plugin UdpMessaging, From D:/PROGRAM FILES/Epic Games/4.14/Engine/Plugins/Messaging/UdpMessaging/UdpMessaging.uplugin
LogPluginManager: Loaded Plugin LevelSequenceEditor, From D:/PROGRAM FILES/Epic Games/4.14/Engine/Plugins/MovieScene/LevelSequenceEditor/LevelSequenceEditor.uplugin
LogPluginManager: Loaded Plugin MatineeToLevelSequence, From D:/PROGRAM FILES/Epic Games/4.14/Engine/Plugins/MovieScene/MatineeToLevelSequence/MatineeToLevelSequence.uplugin
LogPluginManager: Loaded Plugin NetcodeUnitTest, From D:/PROGRAM FILES/Epic Games/4.14/Engine/Plugins/NetcodeUnitTest/NetcodeUnitTest/NetcodeUnitTest.uplugin
LogPluginManager: Loaded Plugin NUTUnrealEngine4, From D:/PROGRAM FILES/Epic Games/4.14/Engine/Plugins/NetcodeUnitTest/NUTUnrealEngine4/NUTUnrealEngine4.uplugin
LogPluginManager: Loaded Plugin OnlineSubsystemGameCircle, From D:/PROGRAM FILES/Epic Games/4.14/Engine/Plugins/Online/Android/OnlineSubsystemGameCircle/OnlineSubsystemGameCircle.uplugin
LogPluginManager: Loaded Plugin OnlineSubsystemGooglePlay, From D:/PROGRAM FILES/Epic Games/4.14/Engine/Plugins/Online/Android/OnlineSubsystemGooglePlay/OnlineSubsystemGooglePlay.uplugin
LogPluginManager: Loaded Plugin OnlineSubsystemIOS, From D:/PROGRAM FILES/Epic Games/4.14/Engine/Plugins/Online/IOS/OnlineSubsystemIOS/OnlineSubsystemIOS.uplugin
LogPluginManager: Loaded Plugin OnlineFramework, From D:/PROGRAM FILES/Epic Games/4.14/Engine/Plugins/Online/OnlineFramework/OnlineFramework.uplugin
LogPluginManager: Loaded Plugin OnlineSubsystem, From D:/PROGRAM FILES/Epic Games/4.14/Engine/Plugins/Online/OnlineSubsystem/OnlineSubsystem.uplugin
LogPluginManager: Loaded Plugin OnlineSubsystemAmazon, From D:/PROGRAM FILES/Epic Games/4.14/Engine/Plugins/Online/OnlineSubsystemAmazon/OnlineSubsystemAmazon.uplugin
LogPluginManager: Loaded Plugin OnlineSubsystemFacebook, From D:/PROGRAM FILES/Epic Games/4.14/Engine/Plugins/Online/OnlineSubsystemFacebook/OnlineSubsystemFacebook.uplugin
LogPluginManager: Loaded Plugin OnlineSubsystemNull, From D:/PROGRAM FILES/Epic Games/4.14/Engine/Plugins/Online/OnlineSubsystemNull/OnlineSubsystemNull.uplugin
LogPluginManager: Loaded Plugin OnlineSubsystemOculus, From D:/PROGRAM FILES/Epic Games/4.14/Engine/Plugins/Online/OnlineSubsystemOculus/OnlineSubsystemOculus.uplugin
LogPluginManager: Loaded Plugin OnlineSubsystemSteam, From D:/PROGRAM FILES/Epic Games/4.14/Engine/Plugins/Online/OnlineSubsystemSteam/OnlineSubsystemSteam.uplugin
LogPluginManager: Loaded Plugin OnlineSubsystemUtils, From D:/PROGRAM FILES/Epic Games/4.14/Engine/Plugins/Online/OnlineSubsystemUtils/OnlineSubsystemUtils.uplugin
LogPluginManager: Loaded Plugin IOSTapJoy, From D:/PROGRAM FILES/Epic Games/4.14/Engine/Plugins/Runtime/Advertising/IOSTapJoy/IOSTapJoy.uplugin
LogPluginManager: Loaded Plugin AnalyticsBlueprintLibrary, From D:/PROGRAM FILES/Epic Games/4.14/Engine/Plugins/Runtime/Analytics/AnalyticsBlueprintLibrary/AnalyticsBlueprintLibrary.uplugin
LogPluginManager: Loaded Plugin AnalyticsMulticast, From D:/PROGRAM FILES/Epic Games/4.14/Engine/Plugins/Runtime/Analytics/AnalyticsMulticast/AnalyticsMulticast.uplugin
LogPluginManager: Loaded Plugin Apsalar, From D:/PROGRAM FILES/Epic Games/4.14/Engine/Plugins/Runtime/Analytics/Apsalar/Apsalar.uplugin
LogPluginManager: Loaded Plugin FileLogging, From D:/PROGRAM FILES/Epic Games/4.14/Engine/Plugins/Runtime/Analytics/FileLogging/FileLogging.uplugin
LogPluginManager: Loaded Plugin Flurry, From D:/PROGRAM FILES/Epic Games/4.14/Engine/Plugins/Runtime/Analytics/Flurry/Flurry.uplugin
LogPluginManager: Loaded Plugin AndroidDeviceProfileSelector, From D:/PROGRAM FILES/Epic Games/4.14/Engine/Plugins/Runtime/AndroidDeviceProfileSelector/AndroidDeviceProfileSelector.uplugin
LogPluginManager: Loaded Plugin AndroidMoviePlayer, From D:/PROGRAM FILES/Epic Games/4.14/Engine/Plugins/Runtime/AndroidMoviePlayer/AndroidMoviePlayer.uplugin
LogPluginManager: Loaded Plugin AppleMoviePlayer, From D:/PROGRAM FILES/Epic Games/4.14/Engine/Plugins/Runtime/AppleMoviePlayer/AppleMoviePlayer.uplugin
LogPluginManager: Loaded Plugin ArchVisCharacter, From D:/PROGRAM FILES/Epic Games/4.14/Engine/Plugins/Runtime/ArchVisCharacter/ArchVisCharacter.uplugin
LogPluginManager: Loaded Plugin CableComponent, From D:/PROGRAM FILES/Epic Games/4.14/Engine/Plugins/Runtime/CableComponent/CableComponent.uplugin
LogPluginManager: Loaded Plugin CustomMeshComponent, From D:/PROGRAM FILES/Epic Games/4.14/Engine/Plugins/Runtime/CustomMeshComponent/CustomMeshComponent.uplugin
LogPluginManager: Loaded Plugin ExampleDeviceProfileSelector, From D:/PROGRAM FILES/Epic Games/4.14/Engine/Plugins/Runtime/ExampleDeviceProfileSelector/ExampleDeviceProfileSelector.uplugin
LogPluginManager: Loaded Plugin GearVR, From D:/PROGRAM FILES/Epic Games/4.14/Engine/Plugins/Runtime/GearVR/GearVR.uplugin
LogPluginManager: Loaded Plugin GoogleVRController, From D:/PROGRAM FILES/Epic Games/4.14/Engine/Plugins/Runtime/GoogleVR/GoogleVRController/GoogleVRController.uplugin
LogPluginManager: Loaded Plugin GoogleVRHMD, From D:/PROGRAM FILES/Epic Games/4.14/Engine/Plugins/Runtime/GoogleVR/GoogleVRHMD/GoogleVRHMD.uplugin
LogPluginManager: Loaded Plugin IOSDeviceProfileSelector, From D:/PROGRAM FILES/Epic Games/4.14/Engine/Plugins/Runtime/IOSDeviceProfileSelector/IOSDeviceProfileSelector.uplugin
LogPluginManager: Loaded Plugin LeapMotion, From D:/PROGRAM FILES/Epic Games/4.14/Engine/Plugins/Runtime/LeapMotion/LeapMotion.uplugin
LogPluginManager: Loaded Plugin LinuxDeviceProfileSelector, From D:/PROGRAM FILES/Epic Games/4.14/Engine/Plugins/Runtime/LinuxDeviceProfileSelector/LinuxDeviceProfileSelector.uplugin
LogPluginManager: Loaded Plugin MIDIDevice, From D:/PROGRAM FILES/Epic Games/4.14/Engine/Plugins/Runtime/MIDIDevice/MIDIDevice.uplugin
LogPluginManager: Loaded Plugin MobilePatchingUtils, From D:/PROGRAM FILES/Epic Games/4.14/Engine/Plugins/Runtime/MobilePatchingUtils/MobilePatchingUtils.uplugin
LogPluginManager: Loaded Plugin Ansel, From D:/PROGRAM FILES/Epic Games/4.14/Engine/Plugins/Runtime/Nvidia/Ansel/Ansel.uplugin
LogPluginManager: Loaded Plugin OculusAudio, From D:/PROGRAM FILES/Epic Games/4.14/Engine/Plugins/Runtime/OculusAudio/OculusAudio.uplugin
LogPluginManager: Loaded Plugin OculusInput, From D:/PROGRAM FILES/Epic Games/4.14/Engine/Plugins/Runtime/OculusInput/OculusInput.uplugin
LogPluginManager: Loaded Plugin OculusLibrary, From D:/PROGRAM FILES/Epic Games/4.14/Engine/Plugins/Runtime/OculusLibrary/OculusLibrary.uplugin
LogPluginManager: Loaded Plugin OculusRift, From D:/PROGRAM FILES/Epic Games/4.14/Engine/Plugins/Runtime/OculusRift/OculusRift.uplugin
LogPluginManager: Loaded Plugin Oodle, From D:/PROGRAM FILES/Epic Games/4.14/Engine/Plugins/Runtime/PacketHandlers/CompressionComponents/Oodle/Oodle.uplugin
LogPluginManager: Loaded Plugin ProceduralMeshComponent, From D:/PROGRAM FILES/Epic Games/4.14/Engine/Plugins/Runtime/ProceduralMeshComponent/ProceduralMeshComponent.uplugin
LogPluginManager: Loaded Plugin SoundMod, From D:/PROGRAM FILES/Epic Games/4.14/Engine/Plugins/Runtime/SoundMod/SoundMod.uplugin
LogPluginManager: Loaded Plugin SoundVisualizations, From D:/PROGRAM FILES/Epic Games/4.14/Engine/Plugins/Runtime/SoundVisualizations/SoundVisualizations.uplugin
LogPluginManager: Loaded Plugin SteamController, From D:/PROGRAM FILES/Epic Games/4.14/Engine/Plugins/Runtime/Steam/SteamController/SteamController.uplugin
LogPluginManager: Loaded Plugin SteamVR, From D:/PROGRAM FILES/Epic Games/4.14/Engine/Plugins/Runtime/Steam/SteamVR/SteamVR.uplugin
LogPluginManager: Loaded Plugin WebBrowserWidget, From D:/PROGRAM FILES/Epic Games/4.14/Engine/Plugins/Runtime/WebBrowserWidget/WebBrowserWidget.uplugin
LogPluginManager: Loaded Plugin WindowsDeviceProfileSelector, From D:/PROGRAM FILES/Epic Games/4.14/Engine/Plugins/Runtime/WindowsDeviceProfileSelector/WindowsDeviceProfileSelector.uplugin
LogPluginManager: Loaded Plugin WindowsMoviePlayer, From D:/PROGRAM FILES/Epic Games/4.14/Engine/Plugins/Runtime/WindowsMoviePlayer/WindowsMoviePlayer.uplugin
LogPluginManager: Loaded Plugin ScriptPlugin, From D:/PROGRAM FILES/Epic Games/4.14/Engine/Plugins/ScriptPlugin/ScriptPlugin.uplugin
LogPluginManager: Loaded Plugin SlateRemote, From D:/PROGRAM FILES/Epic Games/4.14/Engine/Plugins/Slate/SlateRemote/SlateRemote.uplugin
LogPluginManager: Loaded Plugin EditorTests, From D:/PROGRAM FILES/Epic Games/4.14/Engine/Plugins/Tests/EditorTests/EditorTests.uplugin
LogPluginManager: Loaded Plugin FbxAutomationTestBuilder, From D:/PROGRAM FILES/Epic Games/4.14/Engine/Plugins/Tests/FbxAutomationTestBuilder/FbxAutomationTestBuilder.uplugin
LogPluginManager: Loaded Plugin FunctionalTestingEditor, From D:/PROGRAM FILES/Epic Games/4.14/Engine/Plugins/Tests/FunctionalTestingEditor/FunctionalTestingEditor.uplugin
LogPluginManager: Loaded Plugin RuntimeTests, From D:/PROGRAM FILES/Epic Games/4.14/Engine/Plugins/Tests/RuntimeTests/RuntimeTests.uplugin
LogPluginManager: Loaded Plugin ScreenshotTools, From D:/PROGRAM FILES/Epic Games/4.14/Engine/Plugins/Tests/ScreenshotTools/ScreenshotTools.uplugin
LogInit: Using libcurl 7.47.1
LogInit:  - built for x86_64-pc-win32
LogInit:  - supports SSL with OpenSSL/1.0.2g
LogInit:  - supports HTTP deflate (compression) using libz 1.2.8
LogInit:  - other features:
LogInit:      CURL_VERSION_SSL
LogInit:      CURL_VERSION_LIBZ
LogInit:      CURL_VERSION_IPV6
LogInit:      CURL_VERSION_ASYNCHDNS
LogInit:      CURL_VERSION_LARGEFILE
LogInit:      CURL_VERSION_IDN
LogInit:  CurlRequestOptions (configurable via config and command line):
LogInit:  - bVerifyPeer = false  - Libcurl will NOT verify peer certificate
LogInit:  - bUseHttpProxy = false  - Libcurl will NOT use HTTP proxy
LogInit:  - bDontReuseConnections = false  - Libcurl will reuse connections
LogInit:  - CertBundlePath = nullptr  - Libcurl will use whatever was configured at build time.
LogInit: Build: ++UE4+Release-4.14-CL-3224400
LogInit: Engine Version: 4.14.1-3224400+++UE4+Release-4.14
LogInit: Compatible Engine Version: 4.14.0-3195953+++UE4+Release-4.14
LogInit: Net CL: 3195953
LogDevObjectVersion: Number of dev versions registered: 13
LogDevObjectVersion:   Dev-Blueprints (B0D832E4-1F89-4F0D-ACCF-7EB736FD4AA2): 7
LogDevObjectVersion:   Dev-Build (E1C64328-A22C-4D53-A36C-8E866417BD8C): 0
LogDevObjectVersion:   Dev-Core (375EC13C-06E4-48FB-B500-84F0262A717E): 1
LogDevObjectVersion:   Dev-Editor (E4B068ED-F494-42E9-A231-DA0B2E46BB41): 8
LogDevObjectVersion:   Dev-Framework (CFFC743F-43B0-4480-9391-14DF171D2073): 17
LogDevObjectVersion:   Dev-Mobile (B02B49B5-BB20-44E9-A304-32B752E40360): 0
LogDevObjectVersion:   Dev-Networking (A4E4105C-59A1-49B5-A7C5-40C4547EDFEE): 0
LogDevObjectVersion:   Dev-Online (39C831C9-5AE6-47DC-9A44-9C173E1C8E7C): 0
LogDevObjectVersion:   Dev-Physics (78F01B33-EBEA-4F98-B9B4-84EACCB95AA2): 0
LogDevObjectVersion:   Dev-Platform (6631380F-2D4D-43E0-8009-CF276956A95A): 0
LogDevObjectVersion:   Dev-Rendering (12F88B9F-8875-4AFC-A67C-D90C383ABD29): 12
LogDevObjectVersion:   Dev-Sequencer (7B5AE74C-D270-4C10-A958-57980B212A5A): 1
LogDevObjectVersion:   Dev-VR (D7296918-1DD6-4BDD-9DE2-64A83CC13884): 0
LogInit: Compiled (64-bit): Dec  7 2016 02:14:32
LogInit: Compiled with Visual C++: 19.00.23026.00
LogInit: Build Configuration: Development
LogInit: Branch Name: ++UE4+Release-4.14
LogInit: Command line:  
LogInit: Base directory: D:/PROGRAM FILES/Epic Games/4.14/Engine/Binaries/Win64/
LogInit: Installed Engine Build: 1
LogInit: Presizing for max 8388607 objects, including 0 objects not considered by GC, pre-allocating 0 bytes for permanent pool.
LogInit: Object subsystem initialized
[2016.12.25-23.32.05:775][  0]LogInit: Selected Device Profile: [Windows]
[2016.12.25-23.32.05:775][  0]LogInit: Applying CVar settings loaded from the selected device profile: [Windows]
[2016.12.25-23.32.05:804][  0]LogInit: Computer: ALIENWARE
[2016.12.25-23.32.05:804][  0]LogInit: User: Timothy
[2016.12.25-23.32.05:804][  0]LogInit: CPU Page size=65536, Cores=4
[2016.12.25-23.32.05:804][  0]LogInit: High frequency timer resolution =2.533320 MHz
[2016.12.25-23.32.05:804][  0]LogMemory: Memory total: Physical=15.9GB (16GB approx)
[2016.12.25-23.32.05:804][  0]LogMemory: Platform Memory Stats for Windows
[2016.12.25-23.32.05:804][  0]LogMemory: Process Physical Memory: 263.92 MB used, 263.92 MB peak
[2016.12.25-23.32.05:804][  0]LogMemory: Process Virtual Memory: 263.05 MB used, 263.05 MB peak
[2016.12.25-23.32.05:804][  0]LogMemory: Physical Memory: 5710.86 MB used,  10552.41 MB free, 16263.27 MB total
[2016.12.25-23.32.05:804][  0]LogMemory: Virtual Memory: 655.91 MB used,  10552.41 MB free, 134217728.00 MB total
[2016.12.25-23.32.05:860][  0]LogTextLocalizationManager: No specific translations for ('en-GB') exist, so ('en') translations will be used.
[2016.12.25-23.32.07:492][  0]LogD3D11RHI: D3D11 adapters:
[2016.12.25-23.32.08:859][  0]LogD3D11RHI:    0. 'NVIDIA GeForce GTX 970M' (Feature Level 11_0)
[2016.12.25-23.32.08:859][  0]LogD3D11RHI:       6019/0/8131 MB DedicatedVideo/DedicatedSystem/SharedSystem, Outputs:1, VendorId:0x10de
[2016.12.25-23.32.10:152][  0]LogD3D11RHI:    1. 'NVIDIA GeForce GTX 970M' (Feature Level 11_0)
[2016.12.25-23.32.10:152][  0]LogD3D11RHI:       6019/0/8131 MB DedicatedVideo/DedicatedSystem/SharedSystem, Outputs:0, VendorId:0x10de
[2016.12.25-23.32.10:155][  0]LogD3D11RHI:    2. 'Microsoft Basic Render Driver' (Feature Level 11_0)
[2016.12.25-23.32.10:155][  0]LogD3D11RHI:       6019/0/8131 MB DedicatedVideo/DedicatedSystem/SharedSystem, Outputs:0, VendorId:0x1414
[2016.12.25-23.32.10:155][  0]LogD3D11RHI: Chosen D3D11 Adapter: 0
[2016.12.25-23.32.10:169][  0]LogD3D11RHI: Creating new Direct3DDevice
[2016.12.25-23.32.10:169][  0]LogD3D11RHI:     GPU DeviceId: 0x13d8 (for the marketing name, search the web for "GPU Device Id")
[2016.12.25-23.32.10:169][  0]LogWindows: EnumDisplayDevices:
[2016.12.25-23.32.10:170][  0]LogWindows:    0. 'Intel(R) HD Graphics 4000' (P:1 D:1)
[2016.12.25-23.32.10:170][  0]LogWindows:    1. 'Intel(R) HD Graphics 4000' (P:0 D:0)
[2016.12.25-23.32.10:170][  0]LogWindows:    2. 'Intel(R) HD Graphics 4000' (P:0 D:0)
[2016.12.25-23.32.10:171][  0]LogWindows:    3. 'NVIDIA GeForce GTX 970M' (P:0 D:0)
[2016.12.25-23.32.10:171][  0]LogWindows:    4. 'NVIDIA GeForce GTX 970M' (P:0 D:0)
[2016.12.25-23.32.10:171][  0]LogWindows:    5. 'NVIDIA GeForce GTX 970M' (P:0 D:0)
[2016.12.25-23.32.10:172][  0]LogWindows:    6. 'NVIDIA GeForce GTX 970M' (P:0 D:0)
[2016.12.25-23.32.10:172][  0]LogWindows: DebugString: PrimaryIsNotTheChoosenAdapter PrimaryIsNotTheChoosenAdapter PrimaryIsNotTheChoosenAdapter FoundDriverCount:4 
[2016.12.25-23.32.10:172][  0]LogD3D11RHI:     Adapter Name: NVIDIA GeForce GTX 970M
[2016.12.25-23.32.10:172][  0]LogD3D11RHI:   Driver Version: 375.63 (internal:21.21.13.7563, unified:375.63)
[2016.12.25-23.32.10:172][  0]LogD3D11RHI:      Driver Date: 10-21-2016
[2016.12.25-23.32.10:172][  0]LogRHI: Texture pool is 1361 MB (70% of 1945 MB)
[2016.12.25-23.32.11:495][  0]LogD3D11RHI: Async texture creation enabled
[2016.12.25-23.32.11:647][  0]LogD3D11RHI: GPU Timing Frequency: 1000.000000 (Debug: 2 2)
[2016.12.25-23.32.11:648][  0]LogShaderCompilers: Guid format shader working directory is -58 characters bigger than the processId version (../../../../../../FREE WORK/DungeonBaseBuilder/DungeonBaseBuilder/DungeonBaseBuilder/UnrealEngineProject/Intermediate/Shaders/WorkingDirectory/129624/).
[2016.12.25-23.32.11:648][  0]LogShaderCompilers: Cleaned the shader compiler working directory 'C:/Users/Timothy/AppData/Local/Temp/UnrealShaderWorkingDir/189813954200A47DE79588BADD9F5DFB/'.
[2016.12.25-23.32.11:648][  0]LogShaderCompilers:Display: Using Local Shader Compiler.
[2016.12.25-23.32.14:689][  0]LogTemp:Display: Loaded TP AllDesktopTargetPlatform
[2016.12.25-23.32.14:808][  0]LogTemp:Display: Loaded TP MacClientTargetPlatform
[2016.12.25-23.32.14:939][  0]LogTemp:Display: Loaded TP MacNoEditorTargetPlatform
[2016.12.25-23.32.15:060][  0]LogTemp:Display: Loaded TP MacServerTargetPlatform
[2016.12.25-23.32.15:185][  0]LogTemp:Display: Loaded TP MacTargetPlatform
[2016.12.25-23.32.15:312][  0]LogTemp:Display: Loaded TP WindowsClientTargetPlatform
[2016.12.25-23.32.15:435][  0]LogTemp:Display: Loaded TP WindowsNoEditorTargetPlatform
[2016.12.25-23.32.15:557][  0]LogTemp:Display: Loaded TP WindowsServerTargetPlatform
[2016.12.25-23.32.15:651][  0]LogTemp:Display: Loaded TP WindowsTargetPlatform
[2016.12.25-23.32.15:768][  0]LogTemp:Display: Loaded TP AndroidTargetPlatform
[2016.12.25-23.32.15:886][  0]LogTemp:Display: Loaded TP Android_ASTCTargetPlatform
[2016.12.25-23.32.16:009][  0]LogTemp:Display: Loaded TP Android_ATCTargetPlatform
[2016.12.25-23.32.16:123][  0]LogTemp:Display: Loaded TP Android_DXTTargetPlatform
[2016.12.25-23.32.16:255][  0]LogTemp:Display: Loaded TP Android_ETC1TargetPlatform
[2016.12.25-23.32.16:370][  0]LogTemp:Display: Loaded TP Android_ETC2TargetPlatform
[2016.12.25-23.32.16:624][  0]LogTemp:Display: Loaded TP Android_MultiTargetPlatform
[2016.12.25-23.32.16:624][  0]LogTemp:Display: Loaded TP Android_PVRTCTargetPlatform
[2016.12.25-23.32.16:699][  0]LogTemp:Display: Loaded TP HTML5TargetPlatform
[2016.12.25-23.32.16:871][  0]LogTemp:Display: Loaded TP IOSTargetPlatform
[2016.12.25-23.32.16:957][  0]LogTemp:Display: Loaded TP TVOSTargetPlatform
[2016.12.25-23.32.17:076][  0]LogTemp:Display: Loaded TP LinuxClientTargetPlatform
[2016.12.25-23.32.17:196][  0]LogTemp:Display: Loaded TP LinuxNoEditorTargetPlatform
[2016.12.25-23.32.17:311][  0]LogTemp:Display: Loaded TP LinuxServerTargetPlatform
[2016.12.25-23.32.17:429][  0]LogTemp:Display: Loaded TP LinuxTargetPlatform
[2016.12.25-23.32.17:429][  0]LogTargetPlatformManager:Display: Building Assets For Windows
[2016.12.25-23.32.18:190][  0]LogDerivedDataCache:Display: Max Cache Size: 512 MB
[2016.12.25-23.32.18:362][  0]LogDerivedDataCache: Loaded boot cache 0.17s 50MB C:/Users/Timothy/AppData/Local/UnrealEngine/4.14/DerivedDataCache/Boot.ddc.
[2016.12.25-23.32.18:362][  0]LogDerivedDataCache:Display: Loaded Boot cache: C:/Users/Timothy/AppData/Local/UnrealEngine/4.14/DerivedDataCache/Boot.ddc
[2016.12.25-23.32.18:362][  0]LogDerivedDataCache: FDerivedDataBackendGraph:  Pak pak cache file ../../../../../../FREE WORK/DungeonBaseBuilder/DungeonBaseBuilder/DungeonBaseBuilder/UnrealEngineProject/DerivedDataCache/DDC.ddp not found, will not use a pak cache.
[2016.12.25-23.32.18:362][  0]LogDerivedDataCache: Unable to find inner node Pak for hierarchical cache Hierarchy.
[2016.12.25-23.32.18:362][  0]LogDerivedDataCache: FDerivedDataBackendGraph:  CompressedPak pak cache file ../../../../../../FREE WORK/DungeonBaseBuilder/DungeonBaseBuilder/DungeonBaseBuilder/UnrealEngineProject/DerivedDataCache/Compressed.ddp not found, will not use a pak cache.
[2016.12.25-23.32.18:362][  0]LogDerivedDataCache: Unable to find inner node CompressedPak for hierarchical cache Hierarchy.
[2016.12.25-23.32.18:409][  0]LogDerivedDataCache:Display: Pak cache opened for reading ../../../Engine/DerivedDataCache/Compressed.ddp.
[2016.12.25-23.32.18:423][  0]LogDerivedDataCache: Using Local data cache path C:/Users/Timothy/AppData/Local/UnrealEngine/Common/DerivedDataCache: Writable
[2016.12.25-23.32.19:048][  0]LogInit: Selected Device Profile: [Windows]
[2016.12.25-23.32.19:056][  0]LogContentStreaming: Texture pool size is 0.00 MB
[2016.12.25-23.32.19:511][  0]LogMeshUtilities: Using QuadricMeshReduction for automatic static mesh reduction
[2016.12.25-23.32.19:591][  0]LogSimplygon: Simplygon DLL not present - disabling.
[2016.12.25-23.32.19:674][  0]LogMeshUtilities: Using SimplygonSwarm for distributed automatic mesh merging
[2016.12.25-23.32.19:674][  0]LogMeshUtilities: No automatic skeletal mesh reduction module available
[2016.12.25-23.32.19:674][  0]LogMeshUtilities: No automatic mesh merging module available
[2016.12.25-23.32.20:894][  0]LogNetVersion: GetLocalNetworkVersion: CL: 3195953, ProjectName: unrealengineproject, ProjectVersion: , EngineNetworkVersion: 2, GameNetworkVersion: 0, NetworkChecksum: 1211331517
[2016.12.25-23.32.20:991][  0]LogAssetRegistry: FAssetRegistry took 0.0225 seconds to start up
[2016.12.25-23.32.21:083][  0]LogPackageLocalizationCache: Processed 3 localized package path(s) for 2 prioritized culture(s) in 0.050820 seconds
[2016.12.25-23.32.21:096][  0]LogUObjectArray: 31946 objects as part of root set at end of initial load.
[2016.12.25-23.32.21:096][  0]LogUObjectAllocator: 6935840 out of 0 bytes used by permanent object pool.
[2016.12.25-23.32.21:096][  0]LogUObjectArray: CloseDisregardForGC: 0/0 objects in disregard for GC pool
[2016.12.25-23.32.21:205][  0]LogInit: WinSock: version 1.1 (2.2), MaxSocks=32767, MaxUdp=65467
[2016.12.25-23.32.22:514][  0]LogSlate: Using Freetype 2.6.0
[2016.12.25-23.32.22:515][  0]LogSlate: SlateFontCache - WITH_FREETYPE: 1, WITH_HARFBUZZ: 1
[2016.12.25-23.32.22:515][  0]LogSlate: SlateFontCache - WITH_FREETYPE: 1, WITH_HARFBUZZ: 1
[2016.12.25-23.32.24:338][  0]LogSubstanceCoreModule: Substance CPU Engine Loaded, Max Texture Size 2048
[2016.12.25-23.32.24:393][  0]LogTcpMessaging: Initializing TcpMessaging bridge
[2016.12.25-23.32.24:455][  0]LogUdpMessaging: Initializing bridge on interface 0.0.0.0:0 to multicast group 230.0.0.1:6666.
[2016.12.25-23.32.24:457][  0]FUdpSocketBuilder: Failed to subscribe UdpMessageMulticastSocket to multicast group 230.0.0.1
[2016.12.25-23.32.24:457][  0]FUdpSocketBuilder: Failed to create and initialize socket UdpMessageMulticastSocket (last error: 0)
[2016.12.25-23.32.24:457][  0]LogUdpMessaging:Warning: StartTransport failed to create multicast socket on 0.0.0.0:0, joined to 230.0.0.1:6666 with TTL 1
[2016.12.25-23.32.25:002][  0]LogMaterial: Uniform references updated for custom material expression Custom.
[2016.12.25-23.32.25:728][  0]SourceControl: Info Source control is disabled
[2016.12.25-23.32.28:632][  0]LogEngine: Initializing Engine...
[2016.12.25-23.32.28:633][  0]LogHMD: Failed to initialize OpenVR with code 110
[2016.12.25-23.32.29:447][  0]LogAIModule: Creating AISystem for world Untitled
[2016.12.25-23.32.29:469][  0]LogInit: XAudio2 using 'Speakers (Logitech G35 Gaming Headset)' : 2 channels at 44.1 kHz using 16 bits per sample (channel mask 0x3)
[2016.12.25-23.32.29:481][  0]LogInit: FAudioDevice initialized.
[2016.12.25-23.32.29:528][  0]LogDerivedDataCache: Saved boot cache 0.05s 50MB C:/Users/Timothy/AppData/Local/UnrealEngine/4.14/DerivedDataCache/Boot.ddc.
[2016.12.25-23.32.29:541][  0]LogInit: Texture streaming: Enabled
[2016.12.25-23.32.29:866][  0]LogInit: Transaction tracking system initialized
[2016.12.25-23.32.30:483][  0]BlueprintLog: New page: Editor Load
[2016.12.25-23.32.32:055][  0]LocalizationService: Info Localization service is disabled
[2016.12.25-23.32.33:201][  0]LogConsoleResponse:Display: 
[2016.12.25-23.32.33:632][  0]LogCook:Display: Max memory allowance for cook 16384mb min free memory 0mb
[2016.12.25-23.32.33:632][  0]LogCook:Display: Mobile HDR setting 1
[2016.12.25-23.32.34:506][  0]LogFileCache: Scanning file cache for directory 'D:/FREE WORK/DungeonBaseBuilder/DungeonBaseBuilder/DungeonBaseBuilder/UnrealEngineProject/Content/' took 0.02s
[2016.12.25-23.32.35:470][  0]Cmd: MAP LOAD FILE="../../../../../../FREE WORK/DungeonBaseBuilder/DungeonBaseBuilder/DungeonBaseBuilder/UnrealEngineProject/Content/Scenes/Timothy.umap" TEMPLATE=0 SHOWPROGRESS=1 FEATURELEVEL=3
[2016.12.25-23.32.35:612][  0]LightingResults: New page: Lighting Build
[2016.12.25-23.32.35:686][  0]MapCheck: New page: Map Check
[2016.12.25-23.32.35:686][  0]LightingResults: New page: Lighting Build
[2016.12.25-23.32.38:386][  0]LogAIModule: Creating AISystem for world Timothy
[2016.12.25-23.32.39:557][  0]LogEditorServer: Finished looking for orphan Actors (0.000 secs)
[2016.12.25-23.32.39:756][  0]Cmd: MAP CHECKDEP NOCLEARLOG
[2016.12.25-23.32.39:846][  0]MapCheck: Info Map check complete: 0 Error(s), 0 Warning(s), took 90.257ms to complete.
[2016.12.25-23.32.39:846][  0]LogFileHelpers: Loading map 'Timothy' took 4.375
[2016.12.25-23.32.40:148][  0]LogCollectionManager: Loaded 0 collections in 0.002129 seconds
[2016.12.25-23.32.40:266][  0]LogFileCache: Scanning file cache for directory 'D:/FREE WORK/DungeonBaseBuilder/DungeonBaseBuilder/DungeonBaseBuilder/UnrealEngineProject/Saved/Collections/' took 0.01s
[2016.12.25-23.32.40:266][  0]LogFileCache: Scanning file cache for directory 'D:/FREE WORK/DungeonBaseBuilder/DungeonBaseBuilder/DungeonBaseBuilder/UnrealEngineProject/Content/Developers/Timothy/Collections/' took 0.01s
[2016.12.25-23.32.40:266][  0]LogFileCache: Scanning file cache for directory 'D:/FREE WORK/DungeonBaseBuilder/DungeonBaseBuilder/DungeonBaseBuilder/UnrealEngineProject/Content/Collections/' took 0.01s
[2016.12.25-23.32.40:266][  0]LogCollectionManager: Rebuilt the GUID cache for 0 collections in 0.000004 seconds
[2016.12.25-23.32.40:290][  0]LogContentBrowser: Native class hierarchy populated in 0.0234 seconds. Added 2205 classes and 434 folders.
[2016.12.25-23.32.40:363][  0]LogStats: UGameplayTagsManager::ConstructGameplayTagTree: Construct from data asset -  0.000 s
[2016.12.25-23.32.40:364][  0]LogStats: UGameplayTagsManager::ConstructGameplayTagTree: GameplayTagTreeChangedEvent.Broadcast -  0.000 s
[2016.12.25-23.32.40:365][  0]LogContentBrowser: Native class hierarchy updated for 'GameplayTags' in 0.0017 seconds. Added 13 classes and 0 folders.
[2016.12.25-23.32.40:537][  0]LogContentBrowser: Native class hierarchy updated for 'WidgetCarousel' in 0.0011 seconds. Added 0 classes and 0 folders.
[2016.12.25-23.32.40:625][  0]LogContentBrowser: Native class hierarchy updated for 'AddContentDialog' in 0.0012 seconds. Added 0 classes and 0 folders.
[2016.12.25-23.32.40:727][  0]LogContentBrowser: Native class hierarchy updated for 'SceneOutliner' in 0.0012 seconds. Added 1 classes and 2 folders.
[2016.12.25-23.32.41:043][  0]LogCrashTracker: Crashtracker disabled due to settings.
[2016.12.25-23.32.41:053][  0]LogUObjectGlobals:Warning: Failed to find object 'Class None.'
[2016.12.25-23.32.41:162][  0]LogContentBrowser: Native class hierarchy updated for 'HierarchicalLODOutliner' in 0.0014 seconds. Added 1 classes and 2 folders.
[2016.12.25-23.32.41:162][  0]LogLoad: (Engine Initialization) Total time: 38.69 seconds
[2016.12.25-23.32.41:162][  0]LogLoad: (Engine Initialization) Total Blueprint compile time: 1.03 seconds
[2016.12.25-23.32.41:162][  0]LogExternalProfiler: Found external profiler: VSPerf
[2016.12.25-23.32.41:162][  0]LogExternalProfiler: Using external profiler: VSPerf
[2016.12.25-23.32.41:502][  0]LogOcInput: OculusInput pre-init called
[2016.12.25-23.32.41:607][  0]SourceControl: Info On branch Timothy
[2016.12.25-23.32.41:607][  0]SourceControl: Info Changes not staged for commit:
[2016.12.25-23.32.41:607][  0]SourceControl: Info   (use "git add <file>..." to update what will be committed)
[2016.12.25-23.32.41:607][  0]SourceControl: Info   (use "git checkout -- <file>..." to discard changes in working directory)
[2016.12.25-23.32.41:607][  0]SourceControl: Info 	modified:   UnrealEngineProject/Config/DefaultEngine.ini
[2016.12.25-23.32.41:607][  0]SourceControl: Info 	modified:   UnrealEngineProject/Content/Mannequin/Animations/ThirdPerson_AnimBP.uasset
[2016.12.25-23.32.41:607][  0]SourceControl: Info 	modified:   UnrealEngineProject/Content/Materials/MI_Color.uasset
[2016.12.25-23.32.41:607][  0]SourceControl: Info 	modified:   UnrealEngineProject/Content/Materials/M_Color.uasset
[2016.12.25-23.32.41:607][  0]SourceControl: Info 	modified:   UnrealEngineProject/Content/Scenes/Timothy.umap
[2016.12.25-23.32.41:607][  0]SourceControl: Info 	modified:   UnrealEngineProject/Content/Scenes/Timothy_BuiltData.uasset
[2016.12.25-23.32.41:607][  0]SourceControl: Info 	modified:   UnrealEngineProject/Content/ThirdPersonBP/Blueprints/ThirdPersonCharacter.uasset
[2016.12.25-23.32.41:607][  0]SourceControl: Info 	modified:   UnrealEngineProject/Content/ThirdPersonBP/Blueprints/ThirdPersonController.uasset
[2016.12.25-23.32.41:607][  0]SourceControl: Info 	modified:   UnrealEngineProject/Content/ThirdPersonBP/Blueprints/ThirdPersonGameMode.uasset
[2016.12.25-23.32.41:607][  0]SourceControl: Info 	modified:   UnrealEngineProject/Content/ThirdPersonBP/Maps/ThirdPersonExampleMap.umap
[2016.12.25-23.32.41:607][  0]SourceControl: Info Untracked files:
[2016.12.25-23.32.41:608][  0]SourceControl: Info   (use "git add <file>..." to include in what will be committed)
[2016.12.25-23.32.41:608][  0]SourceControl: Info 	UnrealEngineProject/Config/DefaultEditor.ini
[2016.12.25-23.32.41:608][  0]SourceControl: Info 	UnrealEngineProject/Config/DefaultEditorPerProjectUserSettings.ini
[2016.12.25-23.32.41:608][  0]SourceControl: Info 	UnrealEngineProject/Config/DefaultInput.ini
[2016.12.25-23.32.41:608][  0]SourceControl: Info 	UnrealEngineProject/Content/Blueprints/
[2016.12.25-23.32.41:608][  0]SourceControl: Info 	UnrealEngineProject/Content/Geometry/Meshes/BP_BaseCube.uasset
[2016.12.25-23.32.41:608][  0]SourceControl: Info 	UnrealEngineProject/Content/Materials/MI_CubeColor.uasset
[2016.12.25-23.32.41:608][  0]SourceControl: Info 	UnrealEngineProject/Content/Materials/MI_CubePickup.uasset
[2016.12.25-23.32.41:608][  0]SourceControl: Info 	UnrealEngineProject/Content/Materials/MI_enemy.uasset
[2016.12.25-23.32.41:608][  0]SourceControl: Info 	UnrealEngineProject/Content/Textures/
[2016.12.25-23.32.41:608][  0]SourceControl: Info 	UnrealEngineProject/Content/ThirdPerson/Meshes/CubeMaterial.uasset
[2016.12.25-23.32.41:608][  0]SourceControl: Info 	UnrealEngineProject/Content/Widgets/
[2016.12.25-23.32.41:608][  0]SourceControl: Info 	UnrealEngineProject/Intermediate/
[2016.12.25-23.32.41:609][  0]SourceControl: Info 	UnrealEngineProject/Saved/
[2016.12.25-23.32.41:609][  0]SourceControl: Info no changes added to commit (use "git add" and/or "git commit -a")
[2016.12.25-23.32.41:645][  0]LogContentStreaming: Texture pool size now 1000 MB
[2016.12.25-23.32.42:420][  0]LogRenderer: Reallocating scene render targets to support 1184x584 NumSamples 1 (Frame:2).
[2016.12.25-23.32.43:521][  3]LogAssetRegistry: Asset discovery search completed in 22.5524 seconds
[2016.12.25-23.32.43:521][  3]LogCollectionManager: Rebuilt the object cache for 0 collections in 0.000002 seconds (found 0 objects)
[2016.12.25-23.32.43:522][  3]LogCollectionManager: Fixed up redirectors for 0 collections in 0.000068 seconds (updated 0 objects)
[2016.12.25-23.32.45:958][111]LogTemp: Repeting last play command: Selected Viewport
[2016.12.25-23.32.46:049][111]LogBlueprintUserMessages: Early PlayInEditor Detection: Level '/Game/Scenes/Timothy.Timothy:PersistentLevel' has LevelScriptBlueprint '/Game/Scenes/Timothy.Timothy:PersistentLevel.Timothy' with GeneratedClass '/Game/Scenes/Timothy.Timothy_C' with ClassGeneratedBy '/Game/Scenes/Timothy.Timothy:PersistentLevel.Timothy'
[2016.12.25-23.32.46:100][111]LogPlayLevel: PlayLevel: No blueprints needed recompiling
[2016.12.25-23.32.46:261][111]PIE: New page: PIE session: Timothy (25 Dec 2016 23:32:46)
[2016.12.25-23.32.46:261][111]LogPlayLevel: Creating play world package: /Game/Scenes/UEDPIE_0_Timothy
[2016.12.25-23.32.46:546][111]LogPlayLevel: PIE: StaticDuplicateObject took: (0.284488s)
[2016.12.25-23.32.46:561][111]LogAIModule: Creating AISystem for world Timothy
[2016.12.25-23.32.46:602][111]LogPlayLevel: PIE: World Init took: (0.056552s)
[2016.12.25-23.32.46:620][111]LogPlayLevel: PIE: Created PIE world by copying editor world from /Game/Scenes/Timothy.Timothy to /Game/Scenes/UEDPIE_0_Timothy.Timothy (0.359128s)
[2016.12.25-23.32.46:721][111]LogInit: XAudio2 using 'Speakers (Logitech G35 Gaming Headset)' : 2 channels at 44.1 kHz using 16 bits per sample (channel mask 0x3)
[2016.12.25-23.32.46:729][111]LogInit: FAudioDevice initialized.
[2016.12.25-23.32.47:439][111]LogLoad: Game class is 'ThirdPersonGameMode_C'
[2016.12.25-23.32.47:662][111]LogWorld: Bringing World /Game/Scenes/UEDPIE_0_Timothy.Timothy up for play (max tick rate 0) at 2016.12.25-23.32.47
[2016.12.25-23.32.48:080][111]LogWorld: Bringing up level for play took: 0.446111
[2016.12.25-23.32.48:516][111]LogContentBrowser: Native class hierarchy updated for 'MovieSceneCapture' in 0.0014 seconds. Added 11 classes and 0 folders.
[2016.12.25-23.32.48:892][111]LogBlueprintUserMessages: [Timothy_C_0] 0
[2016.12.25-23.32.48:977][111]LogBlueprintUserMessages: [Timothy_C_0] 1
[2016.12.25-23.32.48:977][111]LogBlueprintUserMessages: [Timothy_C_0] 2
[2016.12.25-23.32.48:978][111]LogBlueprintUserMessages: [Timothy_C_0] 3
[2016.12.25-23.32.48:979][111]LogBlueprintUserMessages: [Timothy_C_0] 4
[2016.12.25-23.32.48:980][111]LogBlueprintUserMessages: [Timothy_C_0] 5
[2016.12.25-23.32.48:981][111]LogBlueprintUserMessages: [Timothy_C_0] 6
[2016.12.25-23.32.48:981][111]LogBlueprintUserMessages: [Timothy_C_0] 7
[2016.12.25-23.32.48:982][111]LogBlueprintUserMessages: [Timothy_C_0] 8
[2016.12.25-23.32.48:983][111]LogBlueprintUserMessages: [Timothy_C_0] 9
[2016.12.25-23.32.48:984][111]LogBlueprintUserMessages: [Timothy_C_0] 10
[2016.12.25-23.32.48:984][111]LogBlueprintUserMessages: [Timothy_C_0] 11
[2016.12.25-23.32.48:985][111]LogBlueprintUserMessages: [Timothy_C_0] 12
[2016.12.25-23.32.48:986][111]LogBlueprintUserMessages: [Timothy_C_0] 13
[2016.12.25-23.32.48:987][111]LogBlueprintUserMessages: [Timothy_C_0] 14
[2016.12.25-23.32.48:988][111]LogBlueprintUserMessages: [Timothy_C_0] 15
[2016.12.25-23.32.48:988][111]LogBlueprintUserMessages: [Timothy_C_0] 16
[2016.12.25-23.32.48:989][111]LogBlueprintUserMessages: [Timothy_C_0] 17
[2016.12.25-23.32.48:990][111]LogBlueprintUserMessages: [Timothy_C_0] 18
[2016.12.25-23.32.48:991][111]LogBlueprintUserMessages: [Timothy_C_0] 19
[2016.12.25-23.32.48:991][111]LogBlueprintUserMessages: [Timothy_C_0] 20
[2016.12.25-23.32.48:992][111]LogBlueprintUserMessages: [Timothy_C_0] 21
[2016.12.25-23.32.48:993][111]LogBlueprintUserMessages: [Timothy_C_0] 22
[2016.12.25-23.32.48:994][111]LogBlueprintUserMessages: [Timothy_C_0] 23
[2016.12.25-23.32.48:995][111]LogBlueprintUserMessages: [Timothy_C_0] 24
[2016.12.25-23.32.48:995][111]LogBlueprintUserMessages: [Timothy_C_0] 25
[2016.12.25-23.32.48:996][111]LogBlueprintUserMessages: [Timothy_C_0] 26
[2016.12.25-23.32.48:997][111]LogBlueprintUserMessages: [Timothy_C_0] 27
[2016.12.25-23.32.48:998][111]LogBlueprintUserMessages: [Timothy_C_0] 28
[2016.12.25-23.32.48:998][111]LogBlueprintUserMessages: [Timothy_C_0] 29
[2016.12.25-23.32.48:999][111]LogBlueprintUserMessages: [Timothy_C_0] 30
[2016.12.25-23.32.49:000][111]LogBlueprintUserMessages: [Timothy_C_0] 31
[2016.12.25-23.32.49:001][111]LogBlueprintUserMessages: [Timothy_C_0] 32
[2016.12.25-23.32.49:001][111]LogBlueprintUserMessages: [Timothy_C_0] 33
[2016.12.25-23.32.49:002][111]LogBlueprintUserMessages: [Timothy_C_0] 34
[2016.12.25-23.32.49:003][111]LogBlueprintUserMessages: [Timothy_C_0] 35
[2016.12.25-23.32.49:004][111]LogBlueprintUserMessages: [Timothy_C_0] 36
[2016.12.25-23.32.49:004][111]LogBlueprintUserMessages: [Timothy_C_0] 37
[2016.12.25-23.32.49:005][111]LogBlueprintUserMessages: [Timothy_C_0] 38
[2016.12.25-23.32.49:006][111]LogBlueprintUserMessages: [Timothy_C_0] 39
[2016.12.25-23.32.49:007][111]LogBlueprintUserMessages: [Timothy_C_0] 40
[2016.12.25-23.32.49:007][111]LogBlueprintUserMessages: [Timothy_C_0] 41
[2016.12.25-23.32.49:008][111]LogBlueprintUserMessages: [Timothy_C_0] 42
[2016.12.25-23.32.49:009][111]LogBlueprintUserMessages: [Timothy_C_0] 43
[2016.12.25-23.32.49:010][111]LogBlueprintUserMessages: [Timothy_C_0] 44
[2016.12.25-23.32.49:011][111]LogBlueprintUserMessages: [Timothy_C_0] 45
[2016.12.25-23.32.49:011][111]LogBlueprintUserMessages: [Timothy_C_0] 46
[2016.12.25-23.32.49:012][111]LogBlueprintUserMessages: [Timothy_C_0] 47
[2016.12.25-23.32.49:013][111]LogBlueprintUserMessages: [Timothy_C_0] 48
[2016.12.25-23.32.49:014][111]LogBlueprintUserMessages: [Timothy_C_0] 49
[2016.12.25-23.32.49:032][111]LogBlueprintUserMessages: [BP_EnemySpawner_104] 0
[2016.12.25-23.32.49:035][111]LogBlueprintUserMessages: [BP_EnemySpawner_104] 1
[2016.12.25-23.32.49:037][111]LogBlueprintUserMessages: [BP_EnemySpawner_104] 2
[2016.12.25-23.32.49:065][111]LogBlueprintUserMessages: [BP_EnemySpawner_104] 3
[2016.12.25-23.32.49:068][111]LogBlueprintUserMessages: [BP_EnemySpawner_104] 4
[2016.12.25-23.32.49:070][111]LogBlueprintUserMessages: [BP_EnemySpawner_104] 5
[2016.12.25-23.32.49:073][111]LogBlueprintUserMessages: [BP_EnemySpawner_104] 6
[2016.12.25-23.32.49:075][111]LogBlueprintUserMessages: [BP_EnemySpawner_104] 7
[2016.12.25-23.32.49:077][111]LogBlueprintUserMessages: [BP_EnemySpawner_104] 8
[2016.12.25-23.32.49:080][111]LogBlueprintUserMessages: [BP_EnemySpawner_104] 9
[2016.12.25-23.32.49:082][111]LogBlueprintUserMessages: [BP_EnemySpawner_104] 10
[2016.12.25-23.32.49:085][111]LogBlueprintUserMessages: [BP_EnemySpawner_104] 11
[2016.12.25-23.32.49:087][111]LogBlueprintUserMessages: [BP_EnemySpawner_104] 12
[2016.12.25-23.32.49:090][111]LogBlueprintUserMessages: [BP_EnemySpawner_104] 13
[2016.12.25-23.32.49:092][111]LogBlueprintUserMessages: [BP_EnemySpawner_104] 14
[2016.12.25-23.32.49:095][111]LogBlueprintUserMessages: [BP_EnemySpawner_104] 15
[2016.12.25-23.32.49:098][111]LogBlueprintUserMessages: [BP_EnemySpawner_104] 16
[2016.12.25-23.32.49:101][111]LogBlueprintUserMessages: [BP_EnemySpawner_104] 17
[2016.12.25-23.32.49:104][111]LogBlueprintUserMessages: [BP_EnemySpawner_104] 18
[2016.12.25-23.32.49:106][111]LogBlueprintUserMessages: [BP_EnemySpawner_104] 19
[2016.12.25-23.32.49:109][111]LogBlueprintUserMessages: [BP_EnemySpawner_104] 20
[2016.12.25-23.32.49:111][111]LogBlueprintUserMessages: [BP_EnemySpawner_104] 21
[2016.12.25-23.32.49:114][111]LogSpawn:Warning: SpawnActor failed because of collision at the spawn location [X=-8.560 Y=-148.453 Z=78.877] for [BP_Enemy_C]
[2016.12.25-23.32.49:134][111]LogBlueprintUserMessages: [BP_EnemySpawner_104] 22
[2016.12.25-23.32.49:138][111]LogBlueprintUserMessages: [BP_EnemySpawner_104] 23
[2016.12.25-23.32.49:140][111]LogBlueprintUserMessages: [BP_EnemySpawner_104] 24
[2016.12.25-23.32.49:205][111]PIE: Info Play in editor start time for /Game/Scenes/UEDPIE_0_Timothy 2.647
[2016.12.25-23.32.49:205][111]LogBlueprintUserMessages: Late PlayInEditor Detection: Level '/Game/Scenes/Timothy.Timothy:PersistentLevel' has LevelScriptBlueprint '/Game/Scenes/Timothy.Timothy:PersistentLevel.Timothy' with GeneratedClass '/Game/Scenes/Timothy.Timothy_C' with ClassGeneratedBy '/Game/Scenes/Timothy.Timothy:PersistentLevel.Timothy'
[2016.12.25-23.33.03:723][412]LogBlueprintUserMessages: Early EndPlayMap Detection: Level '/Game/Scenes/Timothy.Timothy:PersistentLevel' has LevelScriptBlueprint '/Game/Scenes/Timothy.Timothy:PersistentLevel.Timothy' with GeneratedClass '/Game/Scenes/Timothy.Timothy_C' with ClassGeneratedBy '/Game/Scenes/Timothy.Timothy:PersistentLevel.Timothy'
[2016.12.25-23.33.03:999][412]LogBlueprintUserMessages: Late EndPlayMap Detection: Level '/Game/Scenes/Timothy.Timothy:PersistentLevel' has LevelScriptBlueprint '/Game/Scenes/Timothy.Timothy:PersistentLevel.Timothy' with GeneratedClass '/Game/Scenes/Timothy.Timothy_C' with ClassGeneratedBy '/Game/Scenes/Timothy.Timothy:PersistentLevel.Timothy'
[2016.12.25-23.33.06:962][548]LogWindowsTextInputMethodSystem:Display: IME system now deactivated.
[2016.12.25-23.33.07:269][549]Cmd: QUIT_EDITOR
[2016.12.25-23.33.07:941][549]LogExit: Preparing to exit.
[2016.12.25-23.33.08:584][549]LogDirectoryWatcher: A directory notification for 'D:/FREE WORK/DungeonBaseBuilder/DungeonBaseBuilder/DungeonBaseBuilder/UnrealEngineProject/Content/' was aborted.
[2016.12.25-23.33.08:672][549]LogExit: Editor shut down
[2016.12.25-23.33.08:673][549]LogExit: Transaction tracking system shut down
[2016.12.25-23.33.08:820][549]LogObj: Freed 0b from 0 cluster array pools.
[2016.12.25-23.33.08:820][549]LogExit: Object subsystem successfully closed.
[2016.12.25-23.33.08:839][549]LogD3D11RHI: Shutdown
[2016.12.25-23.33.08:839][549]LogD3D11RHI: CleanupD3DDevice
[2016.12.25-23.33.08:923][549]LogD3D11RHI: ~FD3D11DynamicRHI
[2016.12.25-23.33.08:942][549]LogHttp:Display: Http module shutting down, but needs to wait on 1 outstanding Http requests:
[2016.12.25-23.33.08:942][549]LogHttp:Display: 	verb=[POST] url=[https://datarouter.ol.epicgames.com/datarouter/api/v1/public/data?SessionID=%7B76FBE0D4-4523-59E6-E790-21AF762DC1CE%7D&AppID=UEEditor.Rocket.Release&AppVersion=4.14.1-3224400%2B%2B%2BUE4%2BRelease-4.14&UserID=d4abb60e40cbae26ab8c8db2dcc6b036%7Ccae3d72bfe5b46ac8e3acb7edb2f45cb%7Cb881d21c-23a1-482d-bd4c-d3757813e007&AppEnvironment=datacollector-binary&UploadType=eteventstream] status=Processing
[2016.12.25-23.33.08:942][549]LogHttp:Display: Sleeping 0.5s to wait for 1 outstanding Http requests.
[2016.12.25-23.33.09:452][549]LogModuleManager: Shutting down and abandoning module MovieSceneCapture (244)
[2016.12.25-23.33.09:452][549]LogModuleManager: Shutting down and abandoning module HierarchicalLODOutliner (243)
[2016.12.25-23.33.09:452][549]LogModuleManager: Shutting down and abandoning module CrashTracker (242)
[2016.12.25-23.33.09:452][549]LogModuleManager: Shutting down and abandoning module SceneOutliner (241)
[2016.12.25-23.33.09:452][549]LogModuleManager: Shutting down and abandoning module WidgetCarousel (240)
[2016.12.25-23.33.09:452][549]LogModuleManager: Shutting down and abandoning module AddContentDialog (239)
[2016.12.25-23.33.09:452][549]LogDirectoryWatcher: A directory notification for 'D:/PROGRAM FILES/Epic Games/4.14/FeaturePacks/' was aborted.
[2016.12.25-23.33.09:453][549]LogModuleManager: Shutting down and abandoning module GameplayTags (238)
[2016.12.25-23.33.09:453][549]LogModuleManager: Shutting down and abandoning module EditorWidgets (237)
[2016.12.25-23.33.09:453][549]LogModuleManager: Shutting down and abandoning module CollectionManager (236)
[2016.12.25-23.33.09:453][549]LogDirectoryWatcher: A directory notification for 'D:/FREE WORK/DungeonBaseBuilder/DungeonBaseBuilder/DungeonBaseBuilder/UnrealEngineProject/Content/Collections/' was aborted.
[2016.12.25-23.33.09:454][549]LogDirectoryWatcher: A directory notification for 'D:/FREE WORK/DungeonBaseBuilder/DungeonBaseBuilder/DungeonBaseBuilder/UnrealEngineProject/Content/Developers/Timothy/Collections/' was aborted.
[2016.12.25-23.33.09:454][549]LogDirectoryWatcher: A directory notification for 'D:/FREE WORK/DungeonBaseBuilder/DungeonBaseBuilder/DungeonBaseBuilder/UnrealEngineProject/Saved/Collections/' was aborted.
[2016.12.25-23.33.09:454][549]LogModuleManager: Shutting down and abandoning module StatsViewer (235)
[2016.12.25-23.33.09:454][549]LogModuleManager: Shutting down and abandoning module FoliageEdit (234)
[2016.12.25-23.33.09:454][549]LogModuleManager: Shutting down and abandoning module LandscapeEditor (233)
[2016.12.25-23.33.09:454][549]LogModuleManager: Shutting down and abandoning module SceneDepthPickerMode (232)
[2016.12.25-23.33.09:454][549]LogModuleManager: Shutting down and abandoning module ActorPickerMode (231)
[2016.12.25-23.33.09:454][549]LogModuleManager: Shutting down and abandoning module GeometryMode (230)
[2016.12.25-23.33.09:454][549]LogModuleManager: Shutting down and abandoning module TextureAlignMode (229)
[2016.12.25-23.33.09:454][549]LogModuleManager: Shutting down and abandoning module BspMode (228)
[2016.12.25-23.33.09:454][549]LogModuleManager: Shutting down and abandoning module HardwareSurvey (227)
[2016.12.25-23.33.09:454][549]LogModuleManager: Shutting down and abandoning module SequenceRecorderSections (226)
[2016.12.25-23.33.09:454][549]LogModuleManager: Shutting down and abandoning module AutomationWorker (225)
[2016.12.25-23.33.09:454][549]LogModuleManager: Shutting down and abandoning module MatineeToLevelSequence (224)
[2016.12.25-23.33.09:454][549]LogModuleManager: Shutting down and abandoning module PlacementMode (223)
[2016.12.25-23.33.09:454][549]LogModuleManager: Shutting down and abandoning module LevelSequenceEditor (222)
[2016.12.25-23.33.09:455][549]LogModuleManager: Shutting down and abandoning module WmfMediaFactory (221)
[2016.12.25-23.33.09:455][549]LogModuleManager: Shutting down and abandoning module WmfMediaEditor (220)
[2016.12.25-23.33.09:455][549]LogModuleManager: Shutting down and abandoning module AvfMediaFactory (219)
[2016.12.25-23.33.09:455][549]LogModuleManager: Shutting down and abandoning module AvfMediaEditor (218)
[2016.12.25-23.33.09:455][549]LogModuleManager: Shutting down and abandoning module Media (217)
[2016.12.25-23.33.09:455][549]LogModuleManager: Shutting down and abandoning module AndroidMediaFactory (216)
[2016.12.25-23.33.09:455][549]LogModuleManager: Shutting down and abandoning module AndroidMediaEditor (215)
[2016.12.25-23.33.09:455][549]LogModuleManager: Shutting down and abandoning module CharacterAI (214)
[2016.12.25-23.33.09:455][549]LogModuleManager: Shutting down and abandoning module SequenceRecorder (213)
[2016.12.25-23.33.09:455][549]LogModuleManager: Shutting down and abandoning module AudioCapture (212)
[2016.12.25-23.33.09:455][549]LogModuleManager: Shutting down and abandoning module SmartSnapping (211)
[2016.12.25-23.33.09:455][549]LogModuleManager: Shutting down and abandoning module SessionServices (210)
[2016.12.25-23.33.09:455][549]LogModuleManager: Shutting down and abandoning module ViewportSnapping (209)
[2016.12.25-23.33.09:455][549]LogModuleManager: Shutting down and abandoning module ViewportInteraction (208)
[2016.12.25-23.33.09:455][549]LogModuleManager: Shutting down and abandoning module LogVisualizer (207)
[2016.12.25-23.33.09:455][549]LogModuleManager: Shutting down and abandoning module GameProjectGeneration (206)
[2016.12.25-23.33.09:455][549]LogModuleManager: Shutting down and abandoning module IntroTutorials (205)
[2016.12.25-23.33.09:455][549]LogModuleManager: Shutting down and abandoning module EditorLiveStreaming (204)
[2016.12.25-23.33.09:455][549]LogModuleManager: Shutting down and abandoning module IOSPlatformEditor (203)
[2016.12.25-23.33.09:455][549]LogModuleManager: Shutting down and abandoning module HTML5PlatformEditor (202)
[2016.12.25-23.33.09:455][549]LogModuleManager: Shutting down and abandoning module AndroidDeviceDetection (201)
[2016.12.25-23.33.09:697][549]LogModuleManager: Shutting down and abandoning module AndroidPlatformEditor (200)
[2016.12.25-23.33.09:697][549]LogModuleManager: Shutting down and abandoning module IOSRuntimeSettings (199)
[2016.12.25-23.33.09:697][549]LogModuleManager: Shutting down and abandoning module AndroidRuntimeSettings (198)
[2016.12.25-23.33.09:697][549]LogModuleManager: Shutting down and abandoning module InputBindingEditor (197)
[2016.12.25-23.33.09:697][549]LogModuleManager: Shutting down and abandoning module NiagaraEditor (196)
[2016.12.25-23.33.09:697][549]LogModuleManager: Shutting down and abandoning module MergeActors (195)
[2016.12.25-23.33.09:697][549]LogModuleManager: Shutting down and abandoning module SizeMap (194)
[2016.12.25-23.33.09:697][549]LogModuleManager: Shutting down and abandoning module TreeMap (193)
[2016.12.25-23.33.09:697][549]LogModuleManager: Shutting down and abandoning module ReferenceViewer (192)
[2016.12.25-23.33.09:697][549]LogModuleManager: Shutting down and abandoning module LocalizationService (191)
[2016.12.25-23.33.09:697][549]LogModuleManager: Shutting down and abandoning module LocalizationDashboard (190)
[2016.12.25-23.33.09:697][549]LogModuleManager: Shutting down and abandoning module HardwareTargeting (189)
[2016.12.25-23.33.09:697][549]LogModuleManager: Shutting down and abandoning module DeviceProfileEditor (188)
[2016.12.25-23.33.09:697][549]LogModuleManager: Shutting down and abandoning module UndoHistory (187)
[2016.12.25-23.33.09:697][549]LogModuleManager: Shutting down and abandoning module UserFeedback (186)
[2016.12.25-23.33.09:697][549]LogModuleManager: Shutting down and abandoning module XmlParser (185)
[2016.12.25-23.33.09:697][549]LogModuleManager: Shutting down and abandoning module Blutility (184)
[2016.12.25-23.33.09:697][549]LogModuleManager: Shutting down and abandoning module ProjectTargetPlatformEditor (183)
[2016.12.25-23.33.09:697][549]LogModuleManager: Shutting down and abandoning module ProjectSettingsViewer (182)
[2016.12.25-23.33.09:698][549]LogModuleManager: Shutting down and abandoning module EditorSettingsViewer (181)
[2016.12.25-23.33.09:698][549]LogModuleManager: Shutting down and abandoning module SettingsEditor (180)
[2016.12.25-23.33.09:698][549]LogModuleManager: Shutting down and abandoning module ProjectLauncher (179)
[2016.12.25-23.33.09:698][549]LogModuleManager: Shutting down and abandoning module SessionFrontend (178)
[2016.12.25-23.33.09:698][549]LogModuleManager: Shutting down and abandoning module ProfilerClient (177)
[2016.12.25-23.33.09:698][549]LogModuleManager: Shutting down and abandoning module TargetDeviceServices (176)
[2016.12.25-23.33.09:698][549]LogModuleManager: Shutting down and abandoning module DeviceManager (175)
[2016.12.25-23.33.09:751][549]LogModuleManager: Shutting down and abandoning module AutomationController (174)
[2016.12.25-23.33.09:751][549]LogModuleManager: Shutting down and abandoning module AutomationWindow (173)
[2016.12.25-23.33.09:751][549]LogModuleManager: Shutting down and abandoning module Layers (172)
[2016.12.25-23.33.09:751][549]LogModuleManager: Shutting down and abandoning module ComponentVisualizers (171)
[2016.12.25-23.33.09:751][549]LogModuleManager: Shutting down and abandoning module DetailCustomizations (170)
[2016.12.25-23.33.09:751][549]LogModuleManager: Shutting down and abandoning module PackagesDialog (169)
[2016.12.25-23.33.09:751][549]LogModuleManager: Shutting down and abandoning module AnimGraph (168)
[2016.12.25-23.33.09:751][549]LogModuleManager: Shutting down and abandoning module Persona (167)
[2016.12.25-23.33.09:751][549]LogModuleManager: Shutting down and abandoning module Kismet (166)
[2016.12.25-23.33.09:753][549]LogModuleManager: Shutting down and abandoning module GraphEditor (165)
[2016.12.25-23.33.09:753][549]LogModuleManager: Shutting down and abandoning module ClassViewer (164)
[2016.12.25-23.33.09:753][549]LogModuleManager: Shutting down and abandoning module Toolbox (163)
[2016.12.25-23.33.09:753][549]LogModuleManager: Shutting down and abandoning module ModuleUI (162)
[2016.12.25-23.33.09:753][549]LogModuleManager: Shutting down and abandoning module MovieSceneTools (161)
[2016.12.25-23.33.09:753][549]LogModuleManager: Shutting down and abandoning module OutputLog (160)
[2016.12.25-23.33.09:753][549]LogModuleManager: Shutting down and abandoning module GammaUI (159)
[2016.12.25-23.33.09:753][549]LogModuleManager: Shutting down and abandoning module Documentation (158)
[2016.12.25-23.33.09:753][549]LogModuleManager: Shutting down and abandoning module Niagara (157)
[2016.12.25-23.33.09:753][549]LogModuleManager: Shutting down and abandoning module StreamingPauseRendering (156)
[2016.12.25-23.33.09:753][549]LogModuleManager: Shutting down and abandoning module AnalyticsET (155)
[2016.12.25-23.33.09:753][549]LogModuleManager: Shutting down and abandoning module PortalServices (154)
[2016.12.25-23.33.09:753][549]LogModuleManager: Shutting down and abandoning module PortalRpc (153)
[2016.12.25-23.33.09:753][549]LogModuleManager: Shutting down and abandoning module MessagingRpc (152)
[2016.12.25-23.33.09:753][549]LogModuleManager: Shutting down and abandoning module GameplayDebugger (151)
[2016.12.25-23.33.09:753][549]LogModuleManager: Shutting down and abandoning module AITestSuite (150)
[2016.12.25-23.33.09:753][549]LogModuleManager: Shutting down and abandoning module AIModule (149)
[2016.12.25-23.33.09:753][549]LogModuleManager: Shutting down and abandoning module ProfilerService (148)
[2016.12.25-23.33.09:831][549]LogModuleManager: Shutting down and abandoning module TaskGraph (147)
[2016.12.25-23.33.09:831][549]LogModuleManager: Shutting down and abandoning module SubstanceEditor (146)
[2016.12.25-23.33.09:831][549]LogModuleManager: Shutting down and abandoning module SlateRemote (145)
[2016.12.25-23.33.09:831][549]LogModuleManager: Shutting down and abandoning module SteamVRController (144)
[2016.12.25-23.33.09:831][549]LogModuleManager: Shutting down and abandoning module SteamVR (143)
[2016.12.25-23.33.09:831][549]LogModuleManager: Shutting down and abandoning module ProceduralMeshComponentEditor (142)
[2016.12.25-23.33.09:831][549]LogModuleManager: Shutting down and abandoning module ProceduralMeshComponent (141)
[2016.12.25-23.33.09:831][549]LogModuleManager: Shutting down and abandoning module OculusLibrary (140)
[2016.12.25-23.33.09:831][549]LogModuleManager: Shutting down and abandoning module OculusInput (139)
[2016.12.25-23.33.09:831][549]LogModuleManager: Shutting down and abandoning module MobilePatchingUtils (138)
[2016.12.25-23.33.09:831][549]LogModuleManager: Shutting down and abandoning module CustomMeshComponent (137)
[2016.12.25-23.33.09:831][549]LogModuleManager: Shutting down and abandoning module CableComponent (136)
[2016.12.25-23.33.09:831][549]LogModuleManager: Shutting down and abandoning module ArchVisCharacter (135)
[2016.12.25-23.33.09:831][549]LogModuleManager: Shutting down and abandoning module MediaPlayerEditor (133)
[2016.12.25-23.33.09:831][549]LogModuleManager: Shutting down and abandoning module HTML5Networking (132)
[2016.12.25-23.33.09:831][549]LogModuleManager: Shutting down and abandoning module GeometryCacheEd (131)
[2016.12.25-23.33.09:831][549]LogModuleManager: Shutting down and abandoning module GeometryCache (130)
[2016.12.25-23.33.09:831][549]LogModuleManager: Shutting down and abandoning module AlembicLibrary (129)
[2016.12.25-23.33.09:831][549]LogModuleManager: Shutting down and abandoning module AlembicImporter (128)
[2016.12.25-23.33.09:831][549]LogModuleManager: Shutting down and abandoning module SuperSearch (127)
[2016.12.25-23.33.09:831][549]LogModuleManager: Shutting down and abandoning module SuperSearchEditor (126)
[2016.12.25-23.33.09:831][549]LogModuleManager: Shutting down and abandoning module SpeedTreeImporter (125)
[2016.12.25-23.33.09:831][549]LogModuleManager: Shutting down and abandoning module PluginBrowser (124)
[2016.12.25-23.33.09:831][549]LogModuleManager: Shutting down and abandoning module MobileLauncherProfileWizard (123)
[2016.12.25-23.33.09:831][549]LogModuleManager: Shutting down and abandoning module EpicSurvey (122)
[2016.12.25-23.33.09:831][549]LogModuleManager: Shutting down and abandoning module DesktopPlatform (121)
[2016.12.25-23.33.09:832][549]LogModuleManager: Shutting down and abandoning module VisualStudioSourceCodeAccess (120)
[2016.12.25-23.33.09:832][549]LogModuleManager: Shutting down and abandoning module UObjectPlugin (119)
[2016.12.25-23.33.09:832][549]LogModuleManager: Shutting down and abandoning module SubversionSourceControl (118)
[2016.12.25-23.33.09:832][549]LogModuleManager: Shutting down and abandoning module PerforceSourceControl (117)
[2016.12.25-23.33.09:832][549]LogModuleManager: Shutting down and abandoning module SourceControl (116)
[2016.12.25-23.33.09:832][549]LogModuleManager: Shutting down and abandoning module GitSourceControl (115)
[2016.12.25-23.33.09:832][549]LogModuleManager: Shutting down and abandoning module LightPropagationVolumeEditor (114)
[2016.12.25-23.33.09:832][549]LogModuleManager: Shutting down and abandoning module PaperTiledImporter (113)
[2016.12.25-23.33.09:832][549]LogModuleManager: Shutting down and abandoning module PaperSpriteSheetImporter (112)
[2016.12.25-23.33.09:832][549]LogModuleManager: Shutting down and abandoning module MeshPaint (111)
[2016.12.25-23.33.09:832][549]LogModuleManager: Shutting down and abandoning module PixelInspectorModule (110)
[2016.12.25-23.33.09:832][549]LogModuleManager: Shutting down and abandoning module HotReload (109)
[2016.12.25-23.33.09:833][549]LogModuleManager: Shutting down and abandoning module MainFrame (108)
[2016.12.25-23.33.09:833][549]LogModuleManager: Shutting down and abandoning module LevelEditor (107)
[2016.12.25-23.33.09:834][549]LogModuleManager: Shutting down and abandoning module ContentBrowser (106)
[2016.12.25-23.33.09:836][549]LogModuleManager: Shutting down and abandoning module Paper2DEditor (105)
[2016.12.25-23.33.09:836][549]LogModuleManager: Shutting down and abandoning module UdpMessaging (104)
[2016.12.25-23.33.09:937][549]LogModuleManager: Shutting down and abandoning module TcpMessaging (103)
[2016.12.25-23.33.10:038][549]LogModuleManager: Shutting down and abandoning module SubstanceCore (102)
[2016.12.25-23.33.10:038][549]LogModuleManager: Shutting down and abandoning module LightPropagationVolumeRuntime (101)
[2016.12.25-23.33.10:038][549]LogModuleManager: Shutting down and abandoning module Paper2D (100)
[2016.12.25-23.33.10:038][549]LogModuleManager: Shutting down and abandoning module WindowsMoviePlayer (99)
[2016.12.25-23.33.10:038][549]LogModuleManager: Shutting down and abandoning module WmfMedia (98)
[2016.12.25-23.33.10:038][549]LogModuleManager: Shutting down and abandoning module MediaAssets (97)
[2016.12.25-23.33.10:038][549]LogModuleManager: Shutting down and abandoning module GameLiveStreaming (96)
[2016.12.25-23.33.10:038][549]LogModuleManager: Shutting down and abandoning module GameplayTagsEditor (95)
[2016.12.25-23.33.10:038][549]LogModuleManager: Shutting down and abandoning module VREditor (94)
[2016.12.25-23.33.10:038][549]LogModuleManager: Shutting down and abandoning module GameplayTasksEditor (93)
[2016.12.25-23.33.10:038][549]LogModuleManager: Shutting down and abandoning module BehaviorTreeEditor (92)
[2016.12.25-23.33.10:039][549]LogModuleManager: Shutting down and abandoning module FunctionalTesting (91)
[2016.12.25-23.33.10:039][549]LogModuleManager: Shutting down and abandoning module CollisionAnalyzer (90)
[2016.12.25-23.33.10:039][549]LogModuleManager: Shutting down and abandoning module Sequencer (89)
[2016.12.25-23.33.10:039][549]LogModuleManager: Shutting down and abandoning module WorkspaceMenuStructure (88)
[2016.12.25-23.33.10:039][549]LogModuleManager: Shutting down and abandoning module MessageLog (87)
[2016.12.25-23.33.10:039][549]LogModuleManager: Shutting down and abandoning module AssetTools (86)
[2016.12.25-23.33.10:039][549]LogModuleManager: Shutting down and abandoning module UMGEditor (85)
[2016.12.25-23.33.10:039][549]LogModuleManager: Shutting down and abandoning module UMG (84)
[2016.12.25-23.33.10:039][549]LogModuleManager: Shutting down and abandoning module SlateReflector (83)
[2016.12.25-23.33.10:039][549]LogModuleManager: Shutting down and abandoning module Slate (82)
[2016.12.25-23.33.10:039][549]LogModuleManager: Shutting down and abandoning module EditorStyle (81)
[2016.12.25-23.33.10:043][549]LogModuleManager: Shutting down and abandoning module SourceCodeAccess (80)
[2016.12.25-23.33.10:043][549]LogModuleManager: Shutting down and abandoning module HeadMountedDisplay (79)
[2016.12.25-23.33.10:043][549]LogModuleManager: Shutting down and abandoning module XAudio2 (78)
[2016.12.25-23.33.10:043][549]LogModuleManager: Shutting down and abandoning module Networking (76)
[2016.12.25-23.33.10:043][549]LogModuleManager: Shutting down and abandoning module Core (75)
[2016.12.25-23.33.10:043][549]LogModuleManager: Shutting down and abandoning module DirectoryWatcher (74)
[2016.12.25-23.33.10:043][549]LogDirectoryWatcher: A directory notification for '../../../Engine/Content/' was aborted.
[2016.12.25-23.33.10:043][549]LogDirectoryWatcher: A directory notification for '../../../../../../FREE WORK/DungeonBaseBuilder/DungeonBaseBuilder/DungeonBaseBuilder/UnrealEngineProject/Content/' was aborted.
[2016.12.25-23.33.10:044][549]LogDirectoryWatcher: A directory notification for '../../../Engine/Plugins/2D/Paper2D/Content/' was aborted.
[2016.12.25-23.33.10:044][549]LogModuleManager: Shutting down and abandoning module AssetRegistry (73)
[2016.12.25-23.33.10:219][549]LogModuleManager: Shutting down and abandoning module KismetCompiler (72)
[2016.12.25-23.33.10:219][549]LogModuleManager: Shutting down and abandoning module PhysXFormats (71)
[2016.12.25-23.33.10:219][549]LogModuleManager: Shutting down and abandoning module SimplygonSwarm (70)
[2016.12.25-23.33.10:219][549]LogModuleManager: Shutting down and abandoning module SimplygonMeshReduction (69)
[2016.12.25-23.33.10:219][549]LogModuleManager: Shutting down and abandoning module QuadricMeshReduction (68)
[2016.12.25-23.33.10:219][549]LogModuleManager: Shutting down and abandoning module PropertyEditor (67)
[2016.12.25-23.33.10:219][549]LogModuleManager: Shutting down and abandoning module MeshUtilities (66)
[2016.12.25-23.33.10:219][549]LogModuleManager: Shutting down and abandoning module DerivedDataCache (65)
[2016.12.25-23.33.10:459][549]LogDerivedDataCache: Shutdown
[2016.12.25-23.33.10:459][549]LogModuleManager: Shutting down and abandoning module VulkanShaderFormat (64)
[2016.12.25-23.33.10:459][549]LogModuleManager: Shutting down and abandoning module ShaderFormatOpenGL (63)
[2016.12.25-23.33.10:459][549]LogModuleManager: Shutting down and abandoning module ShaderFormatD3D (62)
[2016.12.25-23.33.10:459][549]LogModuleManager: Shutting down and abandoning module MetalShaderFormat (61)
[2016.12.25-23.33.10:459][549]LogModuleManager: Shutting down and abandoning module TextureFormatUncompressed (60)
[2016.12.25-23.33.10:459][549]LogModuleManager: Shutting down and abandoning module TextureFormatPVR (59)
[2016.12.25-23.33.10:459][549]LogModuleManager: Shutting down and abandoning module TextureFormatDXT (58)
[2016.12.25-23.33.10:459][549]LogModuleManager: Shutting down and abandoning module TextureFormatIntelISPCTexComp (57)
[2016.12.25-23.33.10:460][549]LogModuleManager: Shutting down and abandoning module ImageWrapper (56)
[2016.12.25-23.33.10:460][549]LogModuleManager: Shutting down and abandoning module TextureFormatASTC (55)
[2016.12.25-23.33.10:460][549]LogModuleManager: Shutting down and abandoning module TextureFormatAndroid (54)
[2016.12.25-23.33.10:460][549]LogModuleManager: Shutting down and abandoning module AudioFormatOpus (53)
[2016.12.25-23.33.10:460][549]LogModuleManager: Shutting down and abandoning module AudioFormatOgg (52)
[2016.12.25-23.33.10:460][549]LogModuleManager: Shutting down and abandoning module AudioFormatADPCM (51)
[2016.12.25-23.33.10:460][549]LogModuleManager: Shutting down and abandoning module LinuxTargetPlatform (50)
[2016.12.25-23.33.10:460][549]LogModuleManager: Shutting down and abandoning module LinuxServerTargetPlatform (49)
[2016.12.25-23.33.10:460][549]LogModuleManager: Shutting down and abandoning module LinuxNoEditorTargetPlatform (48)
[2016.12.25-23.33.10:460][549]LogModuleManager: Shutting down and abandoning module LinuxClientTargetPlatform (47)
[2016.12.25-23.33.10:460][549]LogModuleManager: Shutting down and abandoning module TVOSTargetPlatform (46)
[2016.12.25-23.33.10:460][549]LogModuleManager: Shutting down and abandoning module Messaging (45)
[2016.12.25-23.33.10:460][549]LogModuleManager: Shutting down and abandoning module IOSTargetPlatform (44)
[2016.12.25-23.33.10:460][549]LogModuleManager: Shutting down and abandoning module HTML5TargetPlatform (43)
[2016.12.25-23.33.10:460][549]LogModuleManager: Shutting down and abandoning module Android_PVRTCTargetPlatform (42)
[2016.12.25-23.33.10:460][549]LogModuleManager: Shutting down and abandoning module Android_MultiTargetPlatform (41)
[2016.12.25-23.33.10:460][549]LogModuleManager: Shutting down and abandoning module Android_ETC2TargetPlatform (40)
[2016.12.25-23.33.10:460][549]LogModuleManager: Shutting down and abandoning module Android_ETC1TargetPlatform (39)
[2016.12.25-23.33.10:461][549]LogModuleManager: Shutting down and abandoning module Android_DXTTargetPlatform (38)
[2016.12.25-23.33.10:461][549]LogModuleManager: Shutting down and abandoning module Android_ATCTargetPlatform (37)
[2016.12.25-23.33.10:461][549]LogModuleManager: Shutting down and abandoning module Android_ASTCTargetPlatform (36)
[2016.12.25-23.33.10:461][549]LogModuleManager: Shutting down and abandoning module AndroidTargetPlatform (35)
[2016.12.25-23.33.10:461][549]LogModuleManager: Shutting down and abandoning module WindowsTargetPlatform (34)
[2016.12.25-23.33.10:461][549]LogModuleManager: Shutting down and abandoning module WindowsServerTargetPlatform (33)
[2016.12.25-23.33.10:461][549]LogModuleManager: Shutting down and abandoning module WindowsNoEditorTargetPlatform (32)
[2016.12.25-23.33.10:461][549]LogModuleManager: Shutting down and abandoning module WindowsClientTargetPlatform (31)
[2016.12.25-23.33.10:461][549]LogModuleManager: Shutting down and abandoning module MacTargetPlatform (30)
[2016.12.25-23.33.10:461][549]LogModuleManager: Shutting down and abandoning module MacServerTargetPlatform (29)
[2016.12.25-23.33.10:461][549]LogModuleManager: Shutting down and abandoning module MacNoEditorTargetPlatform (28)
[2016.12.25-23.33.10:461][549]LogModuleManager: Shutting down and abandoning module MacClientTargetPlatform (27)
[2016.12.25-23.33.10:461][549]LogModuleManager: Shutting down and abandoning module AllDesktopTargetPlatform (26)
[2016.12.25-23.33.10:461][549]LogModuleManager: Shutting down and abandoning module TargetPlatform (25)
[2016.12.25-23.33.10:461][549]LogModuleManager: Shutting down and abandoning module InputCore (24)
[2016.12.25-23.33.10:461][549]LogModuleManager: Shutting down and abandoning module Settings (23)
[2016.12.25-23.33.10:461][549]LogModuleManager: Shutting down and abandoning module OculusRift (22)
[2016.12.25-23.33.10:461][549]LogModuleManager: Shutting down and abandoning module ExampleDeviceProfileSelector (21)
[2016.12.25-23.33.10:461][549]LogModuleManager: Shutting down and abandoning module OnlineBlueprintSupport (20)
[2016.12.25-23.33.10:461][549]LogModuleManager: Shutting down and abandoning module OnlineSubsystem (18)
[2016.12.25-23.33.10:461][549]LogOnline:Display: Unloading online subsystem: NULL
[2016.12.25-23.33.10:461][549]LogModuleManager: Shutting down and abandoning module SSL (17)
[2016.12.25-23.33.10:464][549]LogModuleManager: Shutting down and abandoning module HTTP (16)
[2016.12.25-23.33.10:464][549]LogModuleManager: Shutting down and abandoning module XMPP (15)
[2016.12.25-23.33.10:464][549]LogModuleManager: Shutting down and abandoning module TextureCompressor (14)
[2016.12.25-23.33.10:464][549]LogModuleManager: Shutting down and abandoning module ShaderCore (13)
[2016.12.25-23.33.10:464][549]LogModuleManager: Shutting down and abandoning module Landscape (12)
[2016.12.25-23.33.10:464][549]LogModuleManager: Shutting down and abandoning module SlateRHIRenderer (11)
[2016.12.25-23.33.10:465][549]LogModuleManager: Shutting down and abandoning module OpenGLDrv (10)
[2016.12.25-23.33.10:465][549]LogModuleManager: Shutting down and abandoning module D3D11RHI (9)
[2016.12.25-23.33.10:465][549]LogModuleManager: Shutting down and abandoning module AnimGraphRuntime (8)
[2016.12.25-23.33.10:465][549]LogModuleManager: Shutting down and abandoning module Renderer (7)
[2016.12.25-23.33.10:465][549]LogModuleManager: Shutting down and abandoning module Engine (6)
[2016.12.25-23.33.10:465][549]LogModuleManager: Shutting down and abandoning module CoreUObject (5)
[2016.12.25-23.33.10:465][549]LogModuleManager: Shutting down and abandoning module NetworkFile (4)
[2016.12.25-23.33.10:465][549]LogModuleManager: Shutting down and abandoning module StreamingFile (3)
[2016.12.25-23.33.10:466][549]LogModuleManager: Shutting down and abandoning module SandboxFile (2)
[2016.12.25-23.33.10:466][549]LogModuleManager: Shutting down and abandoning module PakFile (1)
[2016.12.25-23.33.10:469][549]LogExit: Exiting.
[2016.12.25-23.33.10:472][549]Log file closed, 12/25/16 23:33:10
